{"/Users/garammasala/Desktop/TTS Extension/src/audio_cache.ts": {"path":"/Users/garammasala/Desktop/TTS Extension/src/audio_cache.ts","statementMap":{"0":{"start":{"line":23,"column":12},"end":{"line":23,"column":51}},"1":{"start":{"line":24,"column":12},"end":{"line":24,"column":39}},"2":{"start":{"line":25,"column":12},"end":{"line":25,"column":54}},"3":{"start":{"line":26,"column":12},"end":{"line":26,"column":89}},"4":{"start":{"line":32,"column":8},"end":{"line":32,"column":66}},"5":{"start":{"line":32,"column":30},"end":{"line":32,"column":66}},"6":{"start":{"line":33,"column":8},"end":{"line":33,"column":63}},"7":{"start":{"line":33,"column":29},"end":{"line":33,"column":63}},"8":{"start":{"line":36,"column":8},"end":{"line":36,"column":31}},"9":{"start":{"line":38,"column":8},"end":{"line":38,"column":138}},"10":{"start":{"line":46,"column":25},"end":{"line":46,"column":44}},"11":{"start":{"line":47,"column":8},"end":{"line":47,"column":47}},"12":{"start":{"line":54,"column":19},"end":{"line":54,"column":20}},"13":{"start":{"line":55,"column":8},"end":{"line":59,"column":9}},"14":{"start":{"line":55,"column":21},"end":{"line":55,"column":22}},"15":{"start":{"line":56,"column":25},"end":{"line":56,"column":43}},"16":{"start":{"line":57,"column":12},"end":{"line":57,"column":47}},"17":{"start":{"line":58,"column":12},"end":{"line":58,"column":31}},"18":{"start":{"line":60,"column":8},"end":{"line":60,"column":33}},"19":{"start":{"line":68,"column":20},"end":{"line":68,"column":56}},"20":{"start":{"line":69,"column":27},"end":{"line":69,"column":46}},"21":{"start":{"line":71,"column":8},"end":{"line":82,"column":9}},"22":{"start":{"line":73,"column":12},"end":{"line":81,"column":13}},"23":{"start":{"line":74,"column":16},"end":{"line":74,"column":34}},"24":{"start":{"line":75,"column":16},"end":{"line":75,"column":79}},"25":{"start":{"line":76,"column":16},"end":{"line":76,"column":47}},"26":{"start":{"line":79,"column":16},"end":{"line":79,"column":39}},"27":{"start":{"line":80,"column":16},"end":{"line":80,"column":50}},"28":{"start":{"line":84,"column":8},"end":{"line":84,"column":28}},"29":{"start":{"line":85,"column":8},"end":{"line":85,"column":72}},"30":{"start":{"line":86,"column":8},"end":{"line":86,"column":20}},"31":{"start":{"line":93,"column":20},"end":{"line":93,"column":56}},"32":{"start":{"line":96,"column":8},"end":{"line":96,"column":23}},"33":{"start":{"line":99,"column":8},"end":{"line":105,"column":11}},"34":{"start":{"line":107,"column":8},"end":{"line":107,"column":42}},"35":{"start":{"line":108,"column":8},"end":{"line":108,"column":106}},"36":{"start":{"line":111,"column":8},"end":{"line":111,"column":29}},"37":{"start":{"line":119,"column":25},"end":{"line":119,"column":39}},"38":{"start":{"line":120,"column":8},"end":{"line":122,"column":9}},"39":{"start":{"line":121,"column":12},"end":{"line":121,"column":19}},"40":{"start":{"line":124,"column":8},"end":{"line":124,"column":48}},"41":{"start":{"line":125,"column":8},"end":{"line":125,"column":44}},"42":{"start":{"line":127,"column":8},"end":{"line":140,"column":9}},"43":{"start":{"line":129,"column":32},"end":{"line":130,"column":64}},"44":{"start":{"line":130,"column":32},"end":{"line":130,"column":63}},"45":{"start":{"line":133,"column":34},"end":{"line":133,"column":82}},"46":{"start":{"line":135,"column":12},"end":{"line":137,"column":13}},"47":{"start":{"line":135,"column":25},"end":{"line":135,"column":26}},"48":{"start":{"line":136,"column":16},"end":{"line":136,"column":53}},"49":{"start":{"line":139,"column":12},"end":{"line":139,"column":76}},"50":{"start":{"line":143,"column":20},"end":{"line":143,"column":30}},"51":{"start":{"line":144,"column":27},"end":{"line":144,"column":28}},"52":{"start":{"line":146,"column":8},"end":{"line":151,"column":9}},"53":{"start":{"line":147,"column":12},"end":{"line":150,"column":13}},"54":{"start":{"line":148,"column":16},"end":{"line":148,"column":39}},"55":{"start":{"line":149,"column":16},"end":{"line":149,"column":31}},"56":{"start":{"line":153,"column":8},"end":{"line":155,"column":9}},"57":{"start":{"line":154,"column":12},"end":{"line":154,"column":76}},"58":{"start":{"line":157,"column":8},"end":{"line":157,"column":42}},"59":{"start":{"line":158,"column":8},"end":{"line":158,"column":29}},"60":{"start":{"line":166,"column":27},"end":{"line":166,"column":59}},"61":{"start":{"line":169,"column":29},"end":{"line":169,"column":31}},"62":{"start":{"line":170,"column":24},"end":{"line":170,"column":57}},"63":{"start":{"line":172,"column":8},"end":{"line":181,"column":11}},"64":{"start":{"line":176,"column":12},"end":{"line":180,"column":13}},"65":{"start":{"line":177,"column":16},"end":{"line":177,"column":92}},"66":{"start":{"line":179,"column":16},"end":{"line":179,"column":78}},"67":{"start":{"line":188,"column":8},"end":{"line":211,"column":11}},"68":{"start":{"line":189,"column":12},"end":{"line":192,"column":13}},"69":{"start":{"line":190,"column":16},"end":{"line":190,"column":94}},"70":{"start":{"line":191,"column":16},"end":{"line":191,"column":23}},"71":{"start":{"line":194,"column":12},"end":{"line":200,"column":13}},"72":{"start":{"line":196,"column":16},"end":{"line":198,"column":17}},"73":{"start":{"line":197,"column":20},"end":{"line":197,"column":47}},"74":{"start":{"line":199,"column":16},"end":{"line":199,"column":82}},"75":{"start":{"line":202,"column":12},"end":{"line":205,"column":13}},"76":{"start":{"line":203,"column":16},"end":{"line":203,"column":70}},"77":{"start":{"line":204,"column":16},"end":{"line":204,"column":63}},"78":{"start":{"line":207,"column":12},"end":{"line":207,"column":46}},"79":{"start":{"line":210,"column":12},"end":{"line":210,"column":27}},"80":{"start":{"line":218,"column":8},"end":{"line":218,"column":27}},"81":{"start":{"line":219,"column":8},"end":{"line":219,"column":28}},"82":{"start":{"line":220,"column":8},"end":{"line":220,"column":28}},"83":{"start":{"line":221,"column":8},"end":{"line":221,"column":30}},"84":{"start":{"line":223,"column":8},"end":{"line":225,"column":11}},"85":{"start":{"line":224,"column":12},"end":{"line":224,"column":54}},"86":{"start":{"line":232,"column":8},"end":{"line":232,"column":31}},"87":{"start":{"line":237,"column":13},"end":{"line":237,"column":43}}},"fnMap":{"0":{"name":"(anonymous_0)","decl":{"start":{"line":31,"column":4},"end":{"line":31,"column":16}},"loc":{"start":{"line":31,"column":63},"end":{"line":39,"column":5}}},"1":{"name":"(anonymous_1)","decl":{"start":{"line":44,"column":12},"end":{"line":44,"column":23}},"loc":{"start":{"line":44,"column":66},"end":{"line":48,"column":5}}},"2":{"name":"(anonymous_2)","decl":{"start":{"line":53,"column":12},"end":{"line":53,"column":20}},"loc":{"start":{"line":53,"column":33},"end":{"line":61,"column":5}}},"3":{"name":"(anonymous_3)","decl":{"start":{"line":67,"column":4},"end":{"line":67,"column":7}},"loc":{"start":{"line":67,"column":50},"end":{"line":87,"column":5}}},"4":{"name":"(anonymous_4)","decl":{"start":{"line":92,"column":4},"end":{"line":92,"column":7}},"loc":{"start":{"line":92,"column":72},"end":{"line":112,"column":5}}},"5":{"name":"(anonymous_5)","decl":{"start":{"line":117,"column":12},"end":{"line":117,"column":19}},"loc":{"start":{"line":117,"column":19},"end":{"line":159,"column":5}}},"6":{"name":"(anonymous_6)","decl":{"start":{"line":130,"column":22},"end":{"line":130,"column":23}},"loc":{"start":{"line":130,"column":32},"end":{"line":130,"column":63}}},"7":{"name":"(anonymous_7)","decl":{"start":{"line":164,"column":12},"end":{"line":164,"column":25}},"loc":{"start":{"line":164,"column":25},"end":{"line":182,"column":5}}},"8":{"name":"(anonymous_8)","decl":{"start":{"line":175,"column":11},"end":{"line":175,"column":14}},"loc":{"start":{"line":175,"column":16},"end":{"line":181,"column":9}}},"9":{"name":"(anonymous_9)","decl":{"start":{"line":187,"column":12},"end":{"line":187,"column":27}},"loc":{"start":{"line":187,"column":27},"end":{"line":212,"column":5}}},"10":{"name":"(anonymous_10)","decl":{"start":{"line":188,"column":69},"end":{"line":188,"column":70}},"loc":{"start":{"line":188,"column":80},"end":{"line":211,"column":9}}},"11":{"name":"(anonymous_11)","decl":{"start":{"line":217,"column":4},"end":{"line":217,"column":9}},"loc":{"start":{"line":217,"column":9},"end":{"line":226,"column":5}}},"12":{"name":"(anonymous_12)","decl":{"start":{"line":223,"column":72},"end":{"line":223,"column":75}},"loc":{"start":{"line":223,"column":77},"end":{"line":225,"column":9}}},"13":{"name":"(anonymous_13)","decl":{"start":{"line":231,"column":4},"end":{"line":231,"column":12}},"loc":{"start":{"line":231,"column":12},"end":{"line":233,"column":5}}}},"branchMap":{"0":{"loc":{"start":{"line":32,"column":8},"end":{"line":32,"column":66}},"type":"if","locations":[{"start":{"line":32,"column":8},"end":{"line":32,"column":66}}]},"1":{"loc":{"start":{"line":33,"column":8},"end":{"line":33,"column":63}},"type":"if","locations":[{"start":{"line":33,"column":8},"end":{"line":33,"column":63}}]},"2":{"loc":{"start":{"line":71,"column":8},"end":{"line":82,"column":9}},"type":"if","locations":[{"start":{"line":71,"column":8},"end":{"line":82,"column":9}}]},"3":{"loc":{"start":{"line":73,"column":12},"end":{"line":81,"column":13}},"type":"if","locations":[{"start":{"line":73,"column":12},"end":{"line":81,"column":13}},{"start":{"line":77,"column":19},"end":{"line":81,"column":13}}]},"4":{"loc":{"start":{"line":120,"column":8},"end":{"line":122,"column":9}},"type":"if","locations":[{"start":{"line":120,"column":8},"end":{"line":122,"column":9}}]},"5":{"loc":{"start":{"line":120,"column":12},"end":{"line":120,"column":97}},"type":"binary-expr","locations":[{"start":{"line":120,"column":12},"end":{"line":120,"column":58}},{"start":{"line":120,"column":62},"end":{"line":120,"column":97}}]},"6":{"loc":{"start":{"line":127,"column":8},"end":{"line":140,"column":9}},"type":"if","locations":[{"start":{"line":127,"column":8},"end":{"line":140,"column":9}}]},"7":{"loc":{"start":{"line":135,"column":28},"end":{"line":135,"column":71}},"type":"binary-expr","locations":[{"start":{"line":135,"column":28},"end":{"line":135,"column":45}},{"start":{"line":135,"column":49},"end":{"line":135,"column":71}}]},"8":{"loc":{"start":{"line":147,"column":12},"end":{"line":150,"column":13}},"type":"if","locations":[{"start":{"line":147,"column":12},"end":{"line":150,"column":13}}]},"9":{"loc":{"start":{"line":153,"column":8},"end":{"line":155,"column":9}},"type":"if","locations":[{"start":{"line":153,"column":8},"end":{"line":155,"column":9}}]},"10":{"loc":{"start":{"line":176,"column":12},"end":{"line":180,"column":13}},"type":"if","locations":[{"start":{"line":176,"column":12},"end":{"line":180,"column":13}},{"start":{"line":178,"column":19},"end":{"line":180,"column":13}}]},"11":{"loc":{"start":{"line":189,"column":12},"end":{"line":192,"column":13}},"type":"if","locations":[{"start":{"line":189,"column":12},"end":{"line":192,"column":13}}]},"12":{"loc":{"start":{"line":194,"column":12},"end":{"line":200,"column":13}},"type":"if","locations":[{"start":{"line":194,"column":12},"end":{"line":200,"column":13}}]},"13":{"loc":{"start":{"line":194,"column":16},"end":{"line":194,"column":75}},"type":"binary-expr","locations":[{"start":{"line":194,"column":16},"end":{"line":194,"column":36}},{"start":{"line":194,"column":40},"end":{"line":194,"column":75}}]},"14":{"loc":{"start":{"line":202,"column":12},"end":{"line":205,"column":13}},"type":"if","locations":[{"start":{"line":202,"column":12},"end":{"line":205,"column":13}}]}},"s":{"0":0,"1":0,"2":0,"3":0,"4":0,"5":0,"6":0,"7":0,"8":0,"9":0,"10":0,"11":0,"12":0,"13":0,"14":0,"15":0,"16":0,"17":0,"18":0,"19":0,"20":0,"21":0,"22":0,"23":0,"24":0,"25":0,"26":0,"27":0,"28":0,"29":0,"30":0,"31":0,"32":0,"33":0,"34":0,"35":0,"36":0,"37":0,"38":0,"39":0,"40":0,"41":0,"42":0,"43":0,"44":0,"45":0,"46":0,"47":0,"48":0,"49":0,"50":0,"51":0,"52":0,"53":0,"54":0,"55":0,"56":0,"57":0,"58":0,"59":0,"60":0,"61":0,"62":0,"63":0,"64":0,"65":0,"66":0,"67":0,"68":0,"69":0,"70":0,"71":0,"72":0,"73":0,"74":0,"75":0,"76":0,"77":0,"78":0,"79":0,"80":0,"81":0,"82":0,"83":0,"84":0,"85":0,"86":0,"87":0},"f":{"0":0,"1":0,"2":0,"3":0,"4":0,"5":0,"6":0,"7":0,"8":0,"9":0,"10":0,"11":0,"12":0,"13":0},"b":{"0":[0],"1":[0],"2":[0],"3":[0,0],"4":[0],"5":[0,0],"6":[0],"7":[0,0],"8":[0],"9":[0],"10":[0,0],"11":[0],"12":[0],"13":[0,0],"14":[0]}}
,"/Users/garammasala/Desktop/TTS Extension/src/audio_export.ts": {"path":"/Users/garammasala/Desktop/TTS Extension/src/audio_export.ts","statementMap":{"0":{"start":{"line":55,"column":0},"end":{"line":55,"column":16}},"1":{"start":{"line":68,"column":0},"end":{"line":68,"column":16}},"2":{"start":{"line":77,"column":0},"end":{"line":77,"column":16}},"3":{"start":{"line":82,"column":0},"end":{"line":82,"column":16}},"4":{"start":{"line":11,"column":13},"end":{"line":16,"column":2}},"5":{"start":{"line":20,"column":25},"end":{"line":20,"column":41}},"6":{"start":{"line":21,"column":35},"end":{"line":21,"column":37}},"7":{"start":{"line":23,"column":2},"end":{"line":33,"column":3}},"8":{"start":{"line":23,"column":20},"end":{"line":23,"column":21}},"9":{"start":{"line":24,"column":18},"end":{"line":24,"column":60}},"10":{"start":{"line":25,"column":24},"end":{"line":25,"column":47}},"11":{"start":{"line":27,"column":4},"end":{"line":29,"column":5}},"12":{"start":{"line":27,"column":17},"end":{"line":27,"column":18}},"13":{"start":{"line":28,"column":6},"end":{"line":28,"column":43}},"14":{"start":{"line":31,"column":22},"end":{"line":31,"column":49}},"15":{"start":{"line":32,"column":4},"end":{"line":32,"column":31}},"16":{"start":{"line":35,"column":2},"end":{"line":35,"column":53}},"17":{"start":{"line":40,"column":14},"end":{"line":40,"column":39}},"18":{"start":{"line":41,"column":15},"end":{"line":41,"column":42}},"19":{"start":{"line":42,"column":2},"end":{"line":42,"column":18}},"20":{"start":{"line":43,"column":2},"end":{"line":43,"column":27}},"21":{"start":{"line":46,"column":2},"end":{"line":46,"column":34}},"22":{"start":{"line":47,"column":2},"end":{"line":47,"column":15}},"23":{"start":{"line":48,"column":2},"end":{"line":51,"column":10}},"24":{"start":{"line":49,"column":4},"end":{"line":49,"column":36}},"25":{"start":{"line":50,"column":4},"end":{"line":50,"column":29}},"26":{"start":{"line":56,"column":25},"end":{"line":59,"column":4}},"27":{"start":{"line":61,"column":15},"end":{"line":61,"column":70}},"28":{"start":{"line":62,"column":19},"end":{"line":62,"column":58}},"29":{"start":{"line":64,"column":2},"end":{"line":64,"column":37}},"30":{"start":{"line":70,"column":2},"end":{"line":73,"column":31}},"31":{"start":{"line":72,"column":14},"end":{"line":72,"column":22}},"32":{"start":{"line":73,"column":17},"end":{"line":73,"column":29}},"33":{"start":{"line":78,"column":2},"end":{"line":78,"column":55}},"34":{"start":{"line":83,"column":2},"end":{"line":86,"column":5}},"35":{"start":{"line":84,"column":20},"end":{"line":84,"column":66}},"36":{"start":{"line":85,"column":4},"end":{"line":85,"column":22}}},"fnMap":{"0":{"name":"base64ToBlob","decl":{"start":{"line":19,"column":9},"end":{"line":19,"column":21}},"loc":{"start":{"line":19,"column":61},"end":{"line":36,"column":1}}},"1":{"name":"createDownloadLink","decl":{"start":{"line":39,"column":9},"end":{"line":39,"column":27}},"loc":{"start":{"line":39,"column":56},"end":{"line":52,"column":1}}},"2":{"name":"(anonymous_2)","decl":{"start":{"line":48,"column":13},"end":{"line":48,"column":16}},"loc":{"start":{"line":48,"column":18},"end":{"line":51,"column":3}}},"3":{"name":"exportAudio","decl":{"start":{"line":55,"column":16},"end":{"line":55,"column":27}},"loc":{"start":{"line":55,"column":69},"end":{"line":65,"column":1}}},"4":{"name":"splitIntoParagraphs","decl":{"start":{"line":68,"column":16},"end":{"line":68,"column":35}},"loc":{"start":{"line":68,"column":48},"end":{"line":74,"column":1}}},"5":{"name":"(anonymous_5)","decl":{"start":{"line":72,"column":9},"end":{"line":72,"column":10}},"loc":{"start":{"line":72,"column":14},"end":{"line":72,"column":22}}},"6":{"name":"(anonymous_6)","decl":{"start":{"line":73,"column":12},"end":{"line":73,"column":13}},"loc":{"start":{"line":73,"column":17},"end":{"line":73,"column":29}}},"7":{"name":"saveExportOptions","decl":{"start":{"line":77,"column":16},"end":{"line":77,"column":33}},"loc":{"start":{"line":77,"column":56},"end":{"line":79,"column":1}}},"8":{"name":"loadExportOptions","decl":{"start":{"line":82,"column":16},"end":{"line":82,"column":33}},"loc":{"start":{"line":82,"column":76},"end":{"line":87,"column":1}}},"9":{"name":"(anonymous_9)","decl":{"start":{"line":83,"column":46},"end":{"line":83,"column":47}},"loc":{"start":{"line":83,"column":90},"end":{"line":86,"column":3}}}},"branchMap":{"0":{"loc":{"start":{"line":84,"column":20},"end":{"line":84,"column":66}},"type":"binary-expr","locations":[{"start":{"line":84,"column":20},"end":{"line":84,"column":40}},{"start":{"line":84,"column":44},"end":{"line":84,"column":66}}]}},"s":{"0":0,"1":0,"2":0,"3":0,"4":0,"5":0,"6":0,"7":0,"8":0,"9":0,"10":0,"11":0,"12":0,"13":0,"14":0,"15":0,"16":0,"17":0,"18":0,"19":0,"20":0,"21":0,"22":0,"23":0,"24":0,"25":0,"26":0,"27":0,"28":0,"29":0,"30":0,"31":0,"32":0,"33":0,"34":0,"35":0,"36":0},"f":{"0":0,"1":0,"2":0,"3":0,"4":0,"5":0,"6":0,"7":0,"8":0,"9":0},"b":{"0":[0,0]}}
,"/Users/garammasala/Desktop/TTS Extension/src/background.ts": {"path":"/Users/garammasala/Desktop/TTS Extension/src/background.ts","statementMap":{"0":{"start":{"line":5,"column":0},"end":{"line":5,"column":null}},"1":{"start":{"line":13,"column":0},"end":{"line":13,"column":43}},"2":{"start":{"line":14,"column":0},"end":{"line":14,"column":null}},"3":{"start":{"line":53,"column":44},"end":{"line":53,"column":48}},"4":{"start":{"line":54,"column":25},"end":{"line":54,"column":27}},"5":{"start":{"line":55,"column":30},"end":{"line":55,"column":34}},"6":{"start":{"line":56,"column":31},"end":{"line":56,"column":33}},"7":{"start":{"line":57,"column":30},"end":{"line":57,"column":35}},"8":{"start":{"line":58,"column":32},"end":{"line":58,"column":33}},"9":{"start":{"line":59,"column":28},"end":{"line":59,"column":29}},"10":{"start":{"line":60,"column":26},"end":{"line":60,"column":27}},"11":{"start":{"line":61,"column":41},"end":{"line":65,"column":2}},"12":{"start":{"line":68,"column":0},"end":{"line":68,"column":57}},"13":{"start":{"line":71,"column":43},"end":{"line":71,"column":69}},"14":{"start":{"line":73,"column":0},"end":{"line":80,"column":3}},"15":{"start":{"line":74,"column":4},"end":{"line":79,"column":5}},"16":{"start":{"line":75,"column":8},"end":{"line":75,"column":82}},"17":{"start":{"line":76,"column":8},"end":{"line":76,"column":81}},"18":{"start":{"line":78,"column":8},"end":{"line":78,"column":112}},"19":{"start":{"line":83,"column":0},"end":{"line":97,"column":3}},"20":{"start":{"line":84,"column":4},"end":{"line":89,"column":5}},"21":{"start":{"line":85,"column":8},"end":{"line":85,"column":79}},"22":{"start":{"line":86,"column":8},"end":{"line":86,"column":67}},"23":{"start":{"line":88,"column":8},"end":{"line":88,"column":87}},"24":{"start":{"line":91,"column":4},"end":{"line":96,"column":5}},"25":{"start":{"line":92,"column":8},"end":{"line":92,"column":41}},"26":{"start":{"line":93,"column":8},"end":{"line":93,"column":58}},"27":{"start":{"line":95,"column":8},"end":{"line":95,"column":91}},"28":{"start":{"line":100,"column":0},"end":{"line":105,"column":1}},"29":{"start":{"line":101,"column":4},"end":{"line":101,"column":81}},"30":{"start":{"line":102,"column":4},"end":{"line":102,"column":51}},"31":{"start":{"line":104,"column":4},"end":{"line":104,"column":64}},"32":{"start":{"line":109,"column":29},"end":{"line":109,"column":31}},"33":{"start":{"line":110,"column":22},"end":{"line":110,"column":76}},"34":{"start":{"line":112,"column":23},"end":{"line":112,"column":25}},"35":{"start":{"line":114,"column":4},"end":{"line":138,"column":5}},"36":{"start":{"line":116,"column":8},"end":{"line":137,"column":9}},"37":{"start":{"line":117,"column":12},"end":{"line":117,"column":56}},"38":{"start":{"line":117,"column":30},"end":{"line":117,"column":56}},"39":{"start":{"line":120,"column":12},"end":{"line":134,"column":13}},"40":{"start":{"line":121,"column":30},"end":{"line":121,"column":51}},"41":{"start":{"line":122,"column":16},"end":{"line":122,"column":34}},"42":{"start":{"line":124,"column":16},"end":{"line":131,"column":17}},"43":{"start":{"line":125,"column":20},"end":{"line":130,"column":21}},"44":{"start":{"line":126,"column":24},"end":{"line":126,"column":50}},"45":{"start":{"line":127,"column":24},"end":{"line":127,"column":44}},"46":{"start":{"line":129,"column":24},"end":{"line":129,"column":73}},"47":{"start":{"line":133,"column":16},"end":{"line":133,"column":40}},"48":{"start":{"line":136,"column":12},"end":{"line":136,"column":65}},"49":{"start":{"line":140,"column":4},"end":{"line":140,"column":48}},"50":{"start":{"line":140,"column":22},"end":{"line":140,"column":48}},"51":{"start":{"line":141,"column":4},"end":{"line":141,"column":18}},"52":{"start":{"line":146,"column":4},"end":{"line":146,"column":130}},"53":{"start":{"line":149,"column":4},"end":{"line":157,"column":5}},"54":{"start":{"line":150,"column":25},"end":{"line":150,"column":101}},"55":{"start":{"line":151,"column":8},"end":{"line":151,"column":32}},"56":{"start":{"line":152,"column":8},"end":{"line":155,"column":11}},"57":{"start":{"line":156,"column":8},"end":{"line":156,"column":34}},"58":{"start":{"line":160,"column":4},"end":{"line":168,"column":5}},"59":{"start":{"line":161,"column":25},"end":{"line":161,"column":62}},"60":{"start":{"line":162,"column":8},"end":{"line":162,"column":32}},"61":{"start":{"line":163,"column":8},"end":{"line":166,"column":11}},"62":{"start":{"line":167,"column":8},"end":{"line":167,"column":34}},"63":{"start":{"line":170,"column":4},"end":{"line":178,"column":5}},"64":{"start":{"line":171,"column":25},"end":{"line":171,"column":63}},"65":{"start":{"line":172,"column":8},"end":{"line":172,"column":32}},"66":{"start":{"line":173,"column":8},"end":{"line":176,"column":11}},"67":{"start":{"line":177,"column":8},"end":{"line":177,"column":34}},"68":{"start":{"line":181,"column":24},"end":{"line":181,"column":58}},"69":{"start":{"line":182,"column":4},"end":{"line":185,"column":5}},"70":{"start":{"line":183,"column":8},"end":{"line":183,"column":50}},"71":{"start":{"line":184,"column":8},"end":{"line":184,"column":45}},"72":{"start":{"line":187,"column":4},"end":{"line":187,"column":66}},"73":{"start":{"line":189,"column":19},"end":{"line":189,"column":93}},"74":{"start":{"line":190,"column":25},"end":{"line":190,"column":52}},"75":{"start":{"line":191,"column":4},"end":{"line":191,"column":56}},"76":{"start":{"line":193,"column":24},"end":{"line":197,"column":6}},"77":{"start":{"line":199,"column":4},"end":{"line":199,"column":71}},"78":{"start":{"line":202,"column":21},"end":{"line":202,"column":22}},"79":{"start":{"line":203,"column":23},"end":{"line":203,"column":24}},"80":{"start":{"line":205,"column":4},"end":{"line":304,"column":5}},"81":{"start":{"line":206,"column":8},"end":{"line":303,"column":9}},"82":{"start":{"line":207,"column":12},"end":{"line":207,"column":91}},"83":{"start":{"line":208,"column":29},"end":{"line":212,"column":14}},"84":{"start":{"line":214,"column":12},"end":{"line":214,"column":84}},"85":{"start":{"line":216,"column":12},"end":{"line":258,"column":13}},"86":{"start":{"line":217,"column":35},"end":{"line":217,"column":90}},"87":{"start":{"line":218,"column":16},"end":{"line":242,"column":17}},"88":{"start":{"line":219,"column":38},"end":{"line":219,"column":59}},"89":{"start":{"line":220,"column":20},"end":{"line":220,"column":78}},"90":{"start":{"line":223,"column":20},"end":{"line":239,"column":21}},"91":{"start":{"line":224,"column":24},"end":{"line":232,"column":25}},"92":{"start":{"line":225,"column":28},"end":{"line":225,"column":166}},"93":{"start":{"line":226,"column":31},"end":{"line":232,"column":25}},"94":{"start":{"line":227,"column":28},"end":{"line":227,"column":107}},"95":{"start":{"line":228,"column":31},"end":{"line":232,"column":25}},"96":{"start":{"line":229,"column":28},"end":{"line":229,"column":149}},"97":{"start":{"line":231,"column":28},"end":{"line":231,"column":117}},"98":{"start":{"line":233,"column":27},"end":{"line":239,"column":21}},"99":{"start":{"line":234,"column":24},"end":{"line":234,"column":162}},"100":{"start":{"line":235,"column":27},"end":{"line":239,"column":21}},"101":{"start":{"line":236,"column":24},"end":{"line":236,"column":106}},"102":{"start":{"line":237,"column":27},"end":{"line":239,"column":21}},"103":{"start":{"line":238,"column":24},"end":{"line":238,"column":90}},"104":{"start":{"line":241,"column":20},"end":{"line":241,"column":88}},"105":{"start":{"line":244,"column":16},"end":{"line":247,"column":19}},"106":{"start":{"line":250,"column":16},"end":{"line":255,"column":17}},"107":{"start":{"line":251,"column":20},"end":{"line":251,"column":84}},"108":{"start":{"line":252,"column":20},"end":{"line":252,"column":33}},"109":{"start":{"line":253,"column":20},"end":{"line":253,"column":89}},"110":{"start":{"line":253,"column":49},"end":{"line":253,"column":87}},"111":{"start":{"line":254,"column":20},"end":{"line":254,"column":29}},"112":{"start":{"line":257,"column":16},"end":{"line":257,"column":46}},"113":{"start":{"line":260,"column":25},"end":{"line":260,"column":46}},"114":{"start":{"line":261,"column":12},"end":{"line":261,"column":73}},"115":{"start":{"line":264,"column":12},"end":{"line":272,"column":13}},"116":{"start":{"line":265,"column":33},"end":{"line":265,"column":83}},"117":{"start":{"line":266,"column":16},"end":{"line":266,"column":40}},"118":{"start":{"line":267,"column":16},"end":{"line":270,"column":19}},"119":{"start":{"line":271,"column":16},"end":{"line":271,"column":42}},"120":{"start":{"line":275,"column":12},"end":{"line":281,"column":13}},"121":{"start":{"line":276,"column":16},"end":{"line":276,"column":70}},"122":{"start":{"line":277,"column":16},"end":{"line":280,"column":19}},"123":{"start":{"line":284,"column":12},"end":{"line":284,"column":66}},"124":{"start":{"line":286,"column":12},"end":{"line":286,"column":24}},"125":{"start":{"line":288,"column":12},"end":{"line":288,"column":73}},"126":{"start":{"line":291,"column":12},"end":{"line":296,"column":13}},"127":{"start":{"line":292,"column":16},"end":{"line":292,"column":88}},"128":{"start":{"line":293,"column":16},"end":{"line":293,"column":29}},"129":{"start":{"line":294,"column":16},"end":{"line":294,"column":85}},"130":{"start":{"line":294,"column":45},"end":{"line":294,"column":83}},"131":{"start":{"line":295,"column":16},"end":{"line":295,"column":25}},"132":{"start":{"line":298,"column":12},"end":{"line":301,"column":15}},"133":{"start":{"line":302,"column":12},"end":{"line":302,"column":24}},"134":{"start":{"line":307,"column":4},"end":{"line":307,"column":92}},"135":{"start":{"line":312,"column":4},"end":{"line":397,"column":5}},"136":{"start":{"line":313,"column":8},"end":{"line":315,"column":9}},"137":{"start":{"line":314,"column":12},"end":{"line":314,"column":75}},"138":{"start":{"line":318,"column":8},"end":{"line":321,"column":9}},"139":{"start":{"line":319,"column":12},"end":{"line":320,"column":68}},"140":{"start":{"line":323,"column":8},"end":{"line":323,"column":102}},"141":{"start":{"line":327,"column":8},"end":{"line":350,"column":9}},"142":{"start":{"line":328,"column":35},"end":{"line":328,"column":65}},"143":{"start":{"line":329,"column":31},"end":{"line":329,"column":33}},"144":{"start":{"line":331,"column":12},"end":{"line":341,"column":13}},"145":{"start":{"line":331,"column":30},"end":{"line":331,"column":31}},"146":{"start":{"line":332,"column":30},"end":{"line":332,"column":72}},"147":{"start":{"line":334,"column":36},"end":{"line":334,"column":59}},"148":{"start":{"line":335,"column":16},"end":{"line":337,"column":17}},"149":{"start":{"line":335,"column":29},"end":{"line":335,"column":30}},"150":{"start":{"line":336,"column":20},"end":{"line":336,"column":57}},"151":{"start":{"line":339,"column":34},"end":{"line":339,"column":61}},"152":{"start":{"line":340,"column":16},"end":{"line":340,"column":43}},"153":{"start":{"line":343,"column":12},"end":{"line":343,"column":68}},"154":{"start":{"line":345,"column":12},"end":{"line":345,"column":67}},"155":{"start":{"line":347,"column":26},"end":{"line":347,"column":88}},"156":{"start":{"line":348,"column":12},"end":{"line":348,"column":43}},"157":{"start":{"line":349,"column":12},"end":{"line":349,"column":25}},"158":{"start":{"line":352,"column":25},"end":{"line":352,"column":55}},"159":{"start":{"line":353,"column":22},"end":{"line":353,"column":41}},"160":{"start":{"line":356,"column":8},"end":{"line":356,"column":39}},"161":{"start":{"line":359,"column":8},"end":{"line":373,"column":11}},"162":{"start":{"line":360,"column":12},"end":{"line":360,"column":80}},"163":{"start":{"line":363,"column":36},"end":{"line":363,"column":49}},"164":{"start":{"line":364,"column":12},"end":{"line":372,"column":14}},"165":{"start":{"line":365,"column":16},"end":{"line":365,"column":46}},"166":{"start":{"line":366,"column":16},"end":{"line":366,"column":51}},"167":{"start":{"line":369,"column":16},"end":{"line":371,"column":17}},"168":{"start":{"line":370,"column":20},"end":{"line":370,"column":55}},"169":{"start":{"line":375,"column":8},"end":{"line":375,"column":21}},"170":{"start":{"line":377,"column":8},"end":{"line":377,"column":72}},"171":{"start":{"line":378,"column":8},"end":{"line":381,"column":11}},"172":{"start":{"line":384,"column":27},"end":{"line":384,"column":38}},"173":{"start":{"line":385,"column":8},"end":{"line":385,"column":44}},"174":{"start":{"line":388,"column":8},"end":{"line":394,"column":14}},"175":{"start":{"line":389,"column":31},"end":{"line":392,"column":14}},"176":{"start":{"line":393,"column":12},"end":{"line":393,"column":49}},"177":{"start":{"line":396,"column":8},"end":{"line":396,"column":26}},"178":{"start":{"line":403,"column":4},"end":{"line":437,"column":7}},"179":{"start":{"line":404,"column":8},"end":{"line":404,"column":41}},"180":{"start":{"line":406,"column":8},"end":{"line":436,"column":9}},"181":{"start":{"line":407,"column":12},"end":{"line":407,"column":73}},"182":{"start":{"line":408,"column":12},"end":{"line":408,"column":79}},"183":{"start":{"line":410,"column":31},"end":{"line":410,"column":52}},"184":{"start":{"line":412,"column":12},"end":{"line":425,"column":13}},"185":{"start":{"line":414,"column":20},"end":{"line":414,"column":72}},"186":{"start":{"line":415,"column":20},"end":{"line":415,"column":26}},"187":{"start":{"line":417,"column":20},"end":{"line":417,"column":72}},"188":{"start":{"line":418,"column":20},"end":{"line":418,"column":26}},"189":{"start":{"line":420,"column":20},"end":{"line":420,"column":92}},"190":{"start":{"line":421,"column":20},"end":{"line":421,"column":26}},"191":{"start":{"line":423,"column":20},"end":{"line":423,"column":80}},"192":{"start":{"line":424,"column":20},"end":{"line":424,"column":26}},"193":{"start":{"line":427,"column":12},"end":{"line":430,"column":15}},"194":{"start":{"line":432,"column":12},"end":{"line":435,"column":15}},"195":{"start":{"line":440,"column":4},"end":{"line":440,"column":84}},"196":{"start":{"line":440,"column":46},"end":{"line":440,"column":82}},"197":{"start":{"line":441,"column":4},"end":{"line":441,"column":89}},"198":{"start":{"line":441,"column":44},"end":{"line":441,"column":87}},"199":{"start":{"line":442,"column":4},"end":{"line":442,"column":108}},"200":{"start":{"line":442,"column":51},"end":{"line":442,"column":106}},"201":{"start":{"line":443,"column":4},"end":{"line":443,"column":110}},"202":{"start":{"line":443,"column":51},"end":{"line":443,"column":108}},"203":{"start":{"line":444,"column":4},"end":{"line":444,"column":80}},"204":{"start":{"line":444,"column":41},"end":{"line":444,"column":78}},"205":{"start":{"line":445,"column":4},"end":{"line":445,"column":80}},"206":{"start":{"line":445,"column":42},"end":{"line":445,"column":78}},"207":{"start":{"line":446,"column":4},"end":{"line":446,"column":79}},"208":{"start":{"line":446,"column":42},"end":{"line":446,"column":77}},"209":{"start":{"line":451,"column":4},"end":{"line":451,"column":101}},"210":{"start":{"line":454,"column":4},"end":{"line":462,"column":5}},"211":{"start":{"line":455,"column":25},"end":{"line":455,"column":53}},"212":{"start":{"line":456,"column":8},"end":{"line":456,"column":32}},"213":{"start":{"line":457,"column":8},"end":{"line":460,"column":11}},"214":{"start":{"line":461,"column":8},"end":{"line":461,"column":15}},"215":{"start":{"line":464,"column":4},"end":{"line":472,"column":5}},"216":{"start":{"line":465,"column":25},"end":{"line":465,"column":44}},"217":{"start":{"line":466,"column":8},"end":{"line":466,"column":32}},"218":{"start":{"line":467,"column":8},"end":{"line":470,"column":11}},"219":{"start":{"line":471,"column":8},"end":{"line":471,"column":15}},"220":{"start":{"line":474,"column":4},"end":{"line":482,"column":5}},"221":{"start":{"line":475,"column":25},"end":{"line":475,"column":111}},"222":{"start":{"line":476,"column":8},"end":{"line":476,"column":32}},"223":{"start":{"line":477,"column":8},"end":{"line":480,"column":11}},"224":{"start":{"line":481,"column":8},"end":{"line":481,"column":15}},"225":{"start":{"line":484,"column":4},"end":{"line":662,"column":5}},"226":{"start":{"line":486,"column":8},"end":{"line":529,"column":9}},"227":{"start":{"line":487,"column":12},"end":{"line":490,"column":15}},"228":{"start":{"line":493,"column":32},"end":{"line":497,"column":14}},"229":{"start":{"line":494,"column":16},"end":{"line":496,"column":19}},"230":{"start":{"line":495,"column":20},"end":{"line":495,"column":59}},"231":{"start":{"line":499,"column":27},"end":{"line":502,"column":14}},"232":{"start":{"line":504,"column":12},"end":{"line":528,"column":13}},"233":{"start":{"line":505,"column":16},"end":{"line":505,"column":37}},"234":{"start":{"line":506,"column":16},"end":{"line":509,"column":19}},"235":{"start":{"line":511,"column":16},"end":{"line":516,"column":17}},"236":{"start":{"line":512,"column":20},"end":{"line":515,"column":23}},"237":{"start":{"line":519,"column":16},"end":{"line":522,"column":19}},"238":{"start":{"line":525,"column":16},"end":{"line":527,"column":17}},"239":{"start":{"line":526,"column":20},"end":{"line":526,"column":46}},"240":{"start":{"line":532,"column":8},"end":{"line":532,"column":23}},"241":{"start":{"line":535,"column":8},"end":{"line":535,"column":24}},"242":{"start":{"line":536,"column":8},"end":{"line":536,"column":30}},"243":{"start":{"line":537,"column":8},"end":{"line":537,"column":26}},"244":{"start":{"line":538,"column":8},"end":{"line":538,"column":24}},"245":{"start":{"line":539,"column":8},"end":{"line":539,"column":30}},"246":{"start":{"line":542,"column":8},"end":{"line":542,"column":73}},"247":{"start":{"line":545,"column":25},"end":{"line":545,"column":73}},"248":{"start":{"line":547,"column":8},"end":{"line":563,"column":9}},"249":{"start":{"line":548,"column":32},"end":{"line":548,"column":78}},"250":{"start":{"line":549,"column":12},"end":{"line":549,"column":74}},"251":{"start":{"line":551,"column":12},"end":{"line":559,"column":13}},"252":{"start":{"line":552,"column":33},"end":{"line":552,"column":81}},"253":{"start":{"line":553,"column":16},"end":{"line":553,"column":40}},"254":{"start":{"line":554,"column":16},"end":{"line":557,"column":19}},"255":{"start":{"line":558,"column":16},"end":{"line":558,"column":23}},"256":{"start":{"line":562,"column":12},"end":{"line":562,"column":19}},"257":{"start":{"line":566,"column":27},"end":{"line":566,"column":52}},"258":{"start":{"line":567,"column":8},"end":{"line":567,"column":82}},"259":{"start":{"line":569,"column":8},"end":{"line":575,"column":9}},"260":{"start":{"line":570,"column":12},"end":{"line":573,"column":15}},"261":{"start":{"line":574,"column":12},"end":{"line":574,"column":19}},"262":{"start":{"line":578,"column":8},"end":{"line":580,"column":9}},"263":{"start":{"line":579,"column":12},"end":{"line":579,"column":49}},"264":{"start":{"line":583,"column":8},"end":{"line":643,"column":9}},"265":{"start":{"line":583,"column":21},"end":{"line":583,"column":22}},"266":{"start":{"line":584,"column":12},"end":{"line":642,"column":13}},"267":{"start":{"line":585,"column":30},"end":{"line":585,"column":43}},"268":{"start":{"line":588,"column":16},"end":{"line":593,"column":19}},"269":{"start":{"line":595,"column":36},"end":{"line":595,"column":79}},"270":{"start":{"line":596,"column":30},"end":{"line":596,"column":66}},"271":{"start":{"line":599,"column":16},"end":{"line":623,"column":19}},"272":{"start":{"line":601,"column":20},"end":{"line":604,"column":21}},"273":{"start":{"line":602,"column":24},"end":{"line":602,"column":34}},"274":{"start":{"line":603,"column":24},"end":{"line":603,"column":31}},"275":{"start":{"line":607,"column":36},"end":{"line":610,"column":28}},"276":{"start":{"line":608,"column":24},"end":{"line":608,"column":89}},"277":{"start":{"line":609,"column":24},"end":{"line":609,"column":34}},"278":{"start":{"line":612,"column":20},"end":{"line":615,"column":23}},"279":{"start":{"line":613,"column":24},"end":{"line":613,"column":46}},"280":{"start":{"line":614,"column":24},"end":{"line":614,"column":34}},"281":{"start":{"line":618,"column":20},"end":{"line":622,"column":23}},"282":{"start":{"line":619,"column":24},"end":{"line":619,"column":46}},"283":{"start":{"line":620,"column":24},"end":{"line":620,"column":70}},"284":{"start":{"line":621,"column":24},"end":{"line":621,"column":34}},"285":{"start":{"line":626,"column":38},"end":{"line":626,"column":97}},"286":{"start":{"line":629,"column":16},"end":{"line":635,"column":19}},"287":{"start":{"line":637,"column":16},"end":{"line":637,"column":47}},"288":{"start":{"line":640,"column":16},"end":{"line":640,"column":76}},"289":{"start":{"line":646,"column":8},"end":{"line":655,"column":9}},"290":{"start":{"line":647,"column":12},"end":{"line":647,"column":82}},"291":{"start":{"line":648,"column":12},"end":{"line":648,"column":28}},"292":{"start":{"line":650,"column":12},"end":{"line":650,"column":60}},"293":{"start":{"line":651,"column":12},"end":{"line":654,"column":15}},"294":{"start":{"line":657,"column":8},"end":{"line":657,"column":69}},"295":{"start":{"line":658,"column":8},"end":{"line":661,"column":11}},"296":{"start":{"line":667,"column":4},"end":{"line":681,"column":5}},"297":{"start":{"line":668,"column":21},"end":{"line":668,"column":83}},"298":{"start":{"line":669,"column":8},"end":{"line":677,"column":9}},"299":{"start":{"line":670,"column":12},"end":{"line":673,"column":15}},"300":{"start":{"line":674,"column":12},"end":{"line":674,"column":74}},"301":{"start":{"line":676,"column":12},"end":{"line":676,"column":79}},"302":{"start":{"line":679,"column":8},"end":{"line":679,"column":74}},"303":{"start":{"line":686,"column":4},"end":{"line":693,"column":5}},"304":{"start":{"line":687,"column":8},"end":{"line":687,"column":75}},"305":{"start":{"line":688,"column":8},"end":{"line":691,"column":11}},"306":{"start":{"line":692,"column":8},"end":{"line":692,"column":15}},"307":{"start":{"line":695,"column":4},"end":{"line":698,"column":5}},"308":{"start":{"line":696,"column":8},"end":{"line":696,"column":72}},"309":{"start":{"line":700,"column":4},"end":{"line":700,"column":26}},"310":{"start":{"line":701,"column":4},"end":{"line":701,"column":26}},"311":{"start":{"line":704,"column":4},"end":{"line":708,"column":7}},"312":{"start":{"line":711,"column":4},"end":{"line":711,"column":23}},"313":{"start":{"line":716,"column":4},"end":{"line":719,"column":5}},"314":{"start":{"line":717,"column":8},"end":{"line":717,"column":65}},"315":{"start":{"line":718,"column":8},"end":{"line":718,"column":15}},"316":{"start":{"line":721,"column":4},"end":{"line":736,"column":5}},"317":{"start":{"line":722,"column":8},"end":{"line":722,"column":71}},"318":{"start":{"line":723,"column":8},"end":{"line":723,"column":31}},"319":{"start":{"line":724,"column":8},"end":{"line":724,"column":67}},"320":{"start":{"line":727,"column":8},"end":{"line":733,"column":9}},"321":{"start":{"line":728,"column":12},"end":{"line":732,"column":15}},"322":{"start":{"line":729,"column":16},"end":{"line":731,"column":17}},"323":{"start":{"line":730,"column":20},"end":{"line":730,"column":87}},"324":{"start":{"line":735,"column":8},"end":{"line":735,"column":15}},"325":{"start":{"line":738,"column":18},"end":{"line":738,"column":47}},"326":{"start":{"line":739,"column":4},"end":{"line":739,"column":31}},"327":{"start":{"line":742,"column":4},"end":{"line":744,"column":5}},"328":{"start":{"line":743,"column":8},"end":{"line":743,"column":59}},"329":{"start":{"line":747,"column":4},"end":{"line":823,"column":5}},"330":{"start":{"line":749,"column":8},"end":{"line":749,"column":36}},"331":{"start":{"line":750,"column":8},"end":{"line":750,"column":36}},"332":{"start":{"line":751,"column":8},"end":{"line":751,"column":41}},"333":{"start":{"line":754,"column":8},"end":{"line":761,"column":10}},"334":{"start":{"line":755,"column":12},"end":{"line":755,"column":94}},"335":{"start":{"line":757,"column":12},"end":{"line":757,"column":36}},"336":{"start":{"line":759,"column":12},"end":{"line":759,"column":32}},"337":{"start":{"line":760,"column":12},"end":{"line":760,"column":31}},"338":{"start":{"line":763,"column":8},"end":{"line":778,"column":10}},"339":{"start":{"line":764,"column":12},"end":{"line":764,"column":82}},"340":{"start":{"line":765,"column":12},"end":{"line":765,"column":74}},"341":{"start":{"line":768,"column":12},"end":{"line":771,"column":15}},"342":{"start":{"line":774,"column":12},"end":{"line":774,"column":36}},"343":{"start":{"line":776,"column":12},"end":{"line":776,"column":32}},"344":{"start":{"line":777,"column":12},"end":{"line":777,"column":31}},"345":{"start":{"line":780,"column":8},"end":{"line":802,"column":10}},"346":{"start":{"line":781,"column":12},"end":{"line":781,"column":38}},"347":{"start":{"line":781,"column":31},"end":{"line":781,"column":38}},"348":{"start":{"line":784,"column":12},"end":{"line":784,"column":69}},"349":{"start":{"line":787,"column":12},"end":{"line":796,"column":13}},"350":{"start":{"line":788,"column":16},"end":{"line":794,"column":19}},"351":{"start":{"line":795,"column":16},"end":{"line":795,"column":54}},"352":{"start":{"line":799,"column":12},"end":{"line":801,"column":13}},"353":{"start":{"line":800,"column":16},"end":{"line":800,"column":60}},"354":{"start":{"line":805,"column":8},"end":{"line":805,"column":31}},"355":{"start":{"line":806,"column":8},"end":{"line":817,"column":15}},"356":{"start":{"line":808,"column":16},"end":{"line":808,"column":76}},"357":{"start":{"line":809,"column":16},"end":{"line":812,"column":19}},"358":{"start":{"line":815,"column":16},"end":{"line":815,"column":36}},"359":{"start":{"line":816,"column":16},"end":{"line":816,"column":35}},"360":{"start":{"line":819,"column":8},"end":{"line":819,"column":77}},"361":{"start":{"line":821,"column":8},"end":{"line":821,"column":28}},"362":{"start":{"line":822,"column":8},"end":{"line":822,"column":27}},"363":{"start":{"line":829,"column":26},"end":{"line":829,"column":67}},"364":{"start":{"line":830,"column":22},"end":{"line":830,"column":32}},"365":{"start":{"line":833,"column":4},"end":{"line":873,"column":5}},"366":{"start":{"line":834,"column":22},"end":{"line":834,"column":44}},"367":{"start":{"line":835,"column":26},"end":{"line":835,"column":94}},"368":{"start":{"line":836,"column":28},"end":{"line":836,"column":44}},"369":{"start":{"line":838,"column":8},"end":{"line":855,"column":9}},"370":{"start":{"line":840,"column":12},"end":{"line":854,"column":15}},"371":{"start":{"line":841,"column":16},"end":{"line":853,"column":17}},"372":{"start":{"line":842,"column":20},"end":{"line":852,"column":23}},"373":{"start":{"line":850,"column":24},"end":{"line":850,"column":81}},"374":{"start":{"line":858,"column":8},"end":{"line":872,"column":11}},"375":{"start":{"line":859,"column":12},"end":{"line":871,"column":13}},"376":{"start":{"line":860,"column":16},"end":{"line":870,"column":19}},"377":{"start":{"line":868,"column":20},"end":{"line":868,"column":77}},"378":{"start":{"line":878,"column":18},"end":{"line":878,"column":19}},"379":{"start":{"line":880,"column":4},"end":{"line":909,"column":5}},"380":{"start":{"line":881,"column":8},"end":{"line":908,"column":9}},"381":{"start":{"line":882,"column":12},"end":{"line":882,"column":22}},"382":{"start":{"line":883,"column":12},"end":{"line":883,"column":80}},"383":{"start":{"line":884,"column":12},"end":{"line":884,"column":31}},"384":{"start":{"line":885,"column":12},"end":{"line":885,"column":63}},"385":{"start":{"line":886,"column":12},"end":{"line":886,"column":19}},"386":{"start":{"line":888,"column":12},"end":{"line":888,"column":96}},"387":{"start":{"line":890,"column":12},"end":{"line":907,"column":13}},"388":{"start":{"line":892,"column":16},"end":{"line":898,"column":17}},"389":{"start":{"line":893,"column":20},"end":{"line":893,"column":92}},"390":{"start":{"line":894,"column":20},"end":{"line":897,"column":23}},"391":{"start":{"line":901,"column":30},"end":{"line":901,"column":60}},"392":{"start":{"line":902,"column":16},"end":{"line":902,"column":66}},"393":{"start":{"line":903,"column":16},"end":{"line":903,"column":73}},"394":{"start":{"line":903,"column":45},"end":{"line":903,"column":71}},"395":{"start":{"line":906,"column":16},"end":{"line":906,"column":28}},"396":{"start":{"line":911,"column":4},"end":{"line":911,"column":50}},"397":{"start":{"line":916,"column":4},"end":{"line":919,"column":5}},"398":{"start":{"line":917,"column":8},"end":{"line":917,"column":29}},"399":{"start":{"line":918,"column":8},"end":{"line":918,"column":65}},"400":{"start":{"line":924,"column":4},"end":{"line":929,"column":5}},"401":{"start":{"line":925,"column":8},"end":{"line":927,"column":11}},"402":{"start":{"line":926,"column":12},"end":{"line":926,"column":58}},"403":{"start":{"line":928,"column":8},"end":{"line":928,"column":66}},"404":{"start":{"line":934,"column":4},"end":{"line":934,"column":27}},"405":{"start":{"line":936,"column":4},"end":{"line":939,"column":5}},"406":{"start":{"line":937,"column":8},"end":{"line":937,"column":29}},"407":{"start":{"line":938,"column":8},"end":{"line":938,"column":28}},"408":{"start":{"line":942,"column":4},"end":{"line":948,"column":7}},"409":{"start":{"line":943,"column":8},"end":{"line":947,"column":9}},"410":{"start":{"line":944,"column":12},"end":{"line":946,"column":15}},"411":{"start":{"line":950,"column":4},"end":{"line":950,"column":20}},"412":{"start":{"line":951,"column":4},"end":{"line":951,"column":62}},"413":{"start":{"line":956,"column":4},"end":{"line":963,"column":5}},"414":{"start":{"line":957,"column":8},"end":{"line":959,"column":9}},"415":{"start":{"line":958,"column":12},"end":{"line":958,"column":33}},"416":{"start":{"line":961,"column":8},"end":{"line":961,"column":28}},"417":{"start":{"line":962,"column":8},"end":{"line":962,"column":27}},"418":{"start":{"line":968,"column":4},"end":{"line":975,"column":5}},"419":{"start":{"line":969,"column":8},"end":{"line":971,"column":9}},"420":{"start":{"line":970,"column":12},"end":{"line":970,"column":33}},"421":{"start":{"line":973,"column":8},"end":{"line":973,"column":28}},"422":{"start":{"line":974,"column":8},"end":{"line":974,"column":27}},"423":{"start":{"line":980,"column":4},"end":{"line":987,"column":5}},"424":{"start":{"line":981,"column":8},"end":{"line":983,"column":9}},"425":{"start":{"line":982,"column":12},"end":{"line":982,"column":33}},"426":{"start":{"line":985,"column":8},"end":{"line":985,"column":34}},"427":{"start":{"line":986,"column":8},"end":{"line":986,"column":27}},"428":{"start":{"line":991,"column":0},"end":{"line":1106,"column":3}},"429":{"start":{"line":992,"column":4},"end":{"line":1103,"column":5}},"430":{"start":{"line":994,"column":12},"end":{"line":994,"column":60}},"431":{"start":{"line":994,"column":32},"end":{"line":994,"column":60}},"432":{"start":{"line":995,"column":12},"end":{"line":995,"column":18}},"433":{"start":{"line":998,"column":12},"end":{"line":1000,"column":13}},"434":{"start":{"line":999,"column":16},"end":{"line":999,"column":78}},"435":{"start":{"line":1001,"column":12},"end":{"line":1001,"column":18}},"436":{"start":{"line":1004,"column":12},"end":{"line":1004,"column":27}},"437":{"start":{"line":1005,"column":12},"end":{"line":1005,"column":18}},"438":{"start":{"line":1008,"column":12},"end":{"line":1008,"column":28}},"439":{"start":{"line":1009,"column":12},"end":{"line":1009,"column":18}},"440":{"start":{"line":1012,"column":12},"end":{"line":1012,"column":29}},"441":{"start":{"line":1013,"column":12},"end":{"line":1013,"column":18}},"442":{"start":{"line":1016,"column":12},"end":{"line":1016,"column":28}},"443":{"start":{"line":1017,"column":12},"end":{"line":1017,"column":18}},"444":{"start":{"line":1020,"column":12},"end":{"line":1020,"column":32}},"445":{"start":{"line":1021,"column":12},"end":{"line":1021,"column":18}},"446":{"start":{"line":1024,"column":12},"end":{"line":1026,"column":13}},"447":{"start":{"line":1025,"column":16},"end":{"line":1025,"column":48}},"448":{"start":{"line":1027,"column":12},"end":{"line":1027,"column":18}},"449":{"start":{"line":1030,"column":12},"end":{"line":1037,"column":13}},"450":{"start":{"line":1031,"column":16},"end":{"line":1031,"column":80}},"451":{"start":{"line":1034,"column":16},"end":{"line":1036,"column":17}},"452":{"start":{"line":1035,"column":20},"end":{"line":1035,"column":71}},"453":{"start":{"line":1038,"column":12},"end":{"line":1038,"column":18}},"454":{"start":{"line":1042,"column":12},"end":{"line":1042,"column":31}},"455":{"start":{"line":1043,"column":12},"end":{"line":1043,"column":47}},"456":{"start":{"line":1045,"column":12},"end":{"line":1045,"column":72}},"457":{"start":{"line":1046,"column":12},"end":{"line":1046,"column":44}},"458":{"start":{"line":1047,"column":12},"end":{"line":1047,"column":18}},"459":{"start":{"line":1051,"column":12},"end":{"line":1056,"column":13}},"460":{"start":{"line":1052,"column":16},"end":{"line":1052,"column":51}},"461":{"start":{"line":1053,"column":16},"end":{"line":1053,"column":48}},"462":{"start":{"line":1055,"column":16},"end":{"line":1055,"column":79}},"463":{"start":{"line":1057,"column":12},"end":{"line":1057,"column":18}},"464":{"start":{"line":1060,"column":12},"end":{"line":1068,"column":13}},"465":{"start":{"line":1062,"column":16},"end":{"line":1067,"column":17}},"466":{"start":{"line":1063,"column":20},"end":{"line":1063,"column":77}},"467":{"start":{"line":1064,"column":20},"end":{"line":1064,"column":52}},"468":{"start":{"line":1066,"column":20},"end":{"line":1066,"column":91}},"469":{"start":{"line":1069,"column":12},"end":{"line":1069,"column":18}},"470":{"start":{"line":1073,"column":12},"end":{"line":1078,"column":13}},"471":{"start":{"line":1074,"column":16},"end":{"line":1074,"column":51}},"472":{"start":{"line":1075,"column":16},"end":{"line":1075,"column":48}},"473":{"start":{"line":1077,"column":16},"end":{"line":1077,"column":79}},"474":{"start":{"line":1079,"column":12},"end":{"line":1079,"column":18}},"475":{"start":{"line":1082,"column":12},"end":{"line":1090,"column":13}},"476":{"start":{"line":1084,"column":16},"end":{"line":1089,"column":17}},"477":{"start":{"line":1085,"column":20},"end":{"line":1085,"column":77}},"478":{"start":{"line":1086,"column":20},"end":{"line":1086,"column":52}},"479":{"start":{"line":1088,"column":20},"end":{"line":1088,"column":91}},"480":{"start":{"line":1091,"column":12},"end":{"line":1091,"column":18}},"481":{"start":{"line":1094,"column":12},"end":{"line":1101,"column":15}},"482":{"start":{"line":1102,"column":12},"end":{"line":1102,"column":18}},"483":{"start":{"line":1105,"column":4},"end":{"line":1105,"column":16}},"484":{"start":{"line":1109,"column":0},"end":{"line":1118,"column":3}},"485":{"start":{"line":1110,"column":4},"end":{"line":1117,"column":5}},"486":{"start":{"line":1111,"column":8},"end":{"line":1111,"column":47}},"487":{"start":{"line":1112,"column":8},"end":{"line":1114,"column":9}},"488":{"start":{"line":1113,"column":12},"end":{"line":1113,"column":63}},"489":{"start":{"line":1115,"column":8},"end":{"line":1115,"column":55}},"490":{"start":{"line":1116,"column":8},"end":{"line":1116,"column":40}},"491":{"start":{"line":1121,"column":0},"end":{"line":1125,"column":3}},"492":{"start":{"line":1128,"column":0},"end":{"line":1141,"column":3}},"493":{"start":{"line":1129,"column":4},"end":{"line":1140,"column":5}},"494":{"start":{"line":1131,"column":8},"end":{"line":1139,"column":11}},"495":{"start":{"line":1132,"column":26},"end":{"line":1132,"column":67}},"496":{"start":{"line":1133,"column":26},"end":{"line":1133,"column":61}},"497":{"start":{"line":1135,"column":12},"end":{"line":1138,"column":13}},"498":{"start":{"line":1137,"column":16},"end":{"line":1137,"column":68}},"499":{"start":{"line":1145,"column":4},"end":{"line":1145,"column":67}},"500":{"start":{"line":1147,"column":4},"end":{"line":1150,"column":5}},"501":{"start":{"line":1148,"column":8},"end":{"line":1148,"column":86}},"502":{"start":{"line":1149,"column":8},"end":{"line":1149,"column":15}},"503":{"start":{"line":1152,"column":16},"end":{"line":1152,"column":90}},"504":{"start":{"line":1153,"column":24},"end":{"line":1157,"column":6}},"505":{"start":{"line":1159,"column":4},"end":{"line":1181,"column":5}},"506":{"start":{"line":1160,"column":25},"end":{"line":1164,"column":10}},"507":{"start":{"line":1166,"column":8},"end":{"line":1168,"column":9}},"508":{"start":{"line":1167,"column":12},"end":{"line":1167,"column":76}},"509":{"start":{"line":1170,"column":21},"end":{"line":1170,"column":42}},"510":{"start":{"line":1171,"column":29},"end":{"line":1171,"column":46}},"511":{"start":{"line":1173,"column":8},"end":{"line":1178,"column":9}},"512":{"start":{"line":1174,"column":26},"end":{"line":1174,"column":76}},"513":{"start":{"line":1175,"column":12},"end":{"line":1175,"column":25}},"514":{"start":{"line":1177,"column":12},"end":{"line":1177,"column":76}},"515":{"start":{"line":1180,"column":8},"end":{"line":1180,"column":60}},"516":{"start":{"line":1185,"column":0},"end":{"line":1192,"column":3}},"517":{"start":{"line":1186,"column":4},"end":{"line":1191,"column":5}},"518":{"start":{"line":1187,"column":8},"end":{"line":1189,"column":86}},"519":{"start":{"line":1188,"column":24},"end":{"line":1188,"column":55}},"520":{"start":{"line":1189,"column":30},"end":{"line":1189,"column":84}},"521":{"start":{"line":1190,"column":8},"end":{"line":1190,"column":20}}},"fnMap":{"0":{"name":"(anonymous_0)","decl":{"start":{"line":73,"column":48},"end":{"line":73,"column":49}},"loc":{"start":{"line":73,"column":102},"end":{"line":80,"column":1}}},"1":{"name":"(anonymous_1)","decl":{"start":{"line":83,"column":63},"end":{"line":83,"column":64}},"loc":{"start":{"line":83,"column":74},"end":{"line":97,"column":1}}},"2":{"name":"splitTextIntoChunks","decl":{"start":{"line":108,"column":9},"end":{"line":108,"column":28}},"loc":{"start":{"line":108,"column":41},"end":{"line":142,"column":1}}},"3":{"name":"callGoogleTTSAPI","decl":{"start":{"line":145,"column":15},"end":{"line":145,"column":31}},"loc":{"start":{"line":145,"column":74},"end":{"line":308,"column":1}}},"4":{"name":"(anonymous_4)","decl":{"start":{"line":253,"column":38},"end":{"line":253,"column":45}},"loc":{"start":{"line":253,"column":49},"end":{"line":253,"column":87}}},"5":{"name":"(anonymous_5)","decl":{"start":{"line":294,"column":34},"end":{"line":294,"column":41}},"loc":{"start":{"line":294,"column":45},"end":{"line":294,"column":83}}},"6":{"name":"createAudioFromResponse","decl":{"start":{"line":311,"column":9},"end":{"line":311,"column":32}},"loc":{"start":{"line":311,"column":57},"end":{"line":398,"column":1}}},"7":{"name":"(anonymous_7)","decl":{"start":{"line":359,"column":45},"end":{"line":359,"column":48}},"loc":{"start":{"line":359,"column":50},"end":{"line":373,"column":9}}},"8":{"name":"(anonymous_8)","decl":{"start":{"line":364,"column":28},"end":{"line":364,"column":29}},"loc":{"start":{"line":364,"column":38},"end":{"line":372,"column":13}}},"9":{"name":"(anonymous_9)","decl":{"start":{"line":388,"column":19},"end":{"line":388,"column":22}},"loc":{"start":{"line":388,"column":24},"end":{"line":394,"column":9}}},"10":{"name":"setupAudioEventHandlers","decl":{"start":{"line":401,"column":9},"end":{"line":401,"column":32}},"loc":{"start":{"line":401,"column":56},"end":{"line":447,"column":1}}},"11":{"name":"(anonymous_11)","decl":{"start":{"line":403,"column":36},"end":{"line":403,"column":37}},"loc":{"start":{"line":403,"column":42},"end":{"line":437,"column":5}}},"12":{"name":"(anonymous_12)","decl":{"start":{"line":440,"column":40},"end":{"line":440,"column":43}},"loc":{"start":{"line":440,"column":46},"end":{"line":440,"column":82}}},"13":{"name":"(anonymous_13)","decl":{"start":{"line":441,"column":38},"end":{"line":441,"column":41}},"loc":{"start":{"line":441,"column":44},"end":{"line":441,"column":87}}},"14":{"name":"(anonymous_14)","decl":{"start":{"line":442,"column":45},"end":{"line":442,"column":48}},"loc":{"start":{"line":442,"column":51},"end":{"line":442,"column":106}}},"15":{"name":"(anonymous_15)","decl":{"start":{"line":443,"column":45},"end":{"line":443,"column":48}},"loc":{"start":{"line":443,"column":51},"end":{"line":443,"column":108}}},"16":{"name":"(anonymous_16)","decl":{"start":{"line":444,"column":35},"end":{"line":444,"column":38}},"loc":{"start":{"line":444,"column":41},"end":{"line":444,"column":78}}},"17":{"name":"(anonymous_17)","decl":{"start":{"line":445,"column":36},"end":{"line":445,"column":39}},"loc":{"start":{"line":445,"column":42},"end":{"line":445,"column":78}}},"18":{"name":"(anonymous_18)","decl":{"start":{"line":446,"column":36},"end":{"line":446,"column":39}},"loc":{"start":{"line":446,"column":42},"end":{"line":446,"column":77}}},"19":{"name":"synthesizeAndPlay","decl":{"start":{"line":450,"column":15},"end":{"line":450,"column":32}},"loc":{"start":{"line":450,"column":112},"end":{"line":663,"column":1}}},"20":{"name":"(anonymous_20)","decl":{"start":{"line":493,"column":112},"end":{"line":493,"column":119}},"loc":{"start":{"line":493,"column":122},"end":{"line":497,"column":13}}},"21":{"name":"(anonymous_21)","decl":{"start":{"line":494,"column":63},"end":{"line":494,"column":64}},"loc":{"start":{"line":494,"column":74},"end":{"line":496,"column":17}}},"22":{"name":"(anonymous_22)","decl":{"start":{"line":599,"column":40},"end":{"line":599,"column":41}},"loc":{"start":{"line":599,"column":52},"end":{"line":623,"column":17}}},"23":{"name":"(anonymous_23)","decl":{"start":{"line":607,"column":47},"end":{"line":607,"column":50}},"loc":{"start":{"line":607,"column":52},"end":{"line":610,"column":21}}},"24":{"name":"(anonymous_24)","decl":{"start":{"line":612,"column":61},"end":{"line":612,"column":64}},"loc":{"start":{"line":612,"column":66},"end":{"line":615,"column":21}}},"25":{"name":"(anonymous_25)","decl":{"start":{"line":618,"column":52},"end":{"line":618,"column":55}},"loc":{"start":{"line":618,"column":57},"end":{"line":622,"column":21}}},"26":{"name":"injectHighlightContentScript","decl":{"start":{"line":666,"column":15},"end":{"line":666,"column":43}},"loc":{"start":{"line":666,"column":43},"end":{"line":682,"column":1}}},"27":{"name":"startPlayback","decl":{"start":{"line":685,"column":9},"end":{"line":685,"column":22}},"loc":{"start":{"line":685,"column":22},"end":{"line":712,"column":1}}},"28":{"name":"playCurrentChunk","decl":{"start":{"line":715,"column":9},"end":{"line":715,"column":25}},"loc":{"start":{"line":715,"column":25},"end":{"line":824,"column":1}}},"29":{"name":"(anonymous_29)","decl":{"start":{"line":728,"column":69},"end":{"line":728,"column":70}},"loc":{"start":{"line":728,"column":78},"end":{"line":732,"column":13}}},"30":{"name":"(anonymous_30)","decl":{"start":{"line":754,"column":31},"end":{"line":754,"column":34}},"loc":{"start":{"line":754,"column":36},"end":{"line":761,"column":9}}},"31":{"name":"(anonymous_31)","decl":{"start":{"line":763,"column":31},"end":{"line":763,"column":32}},"loc":{"start":{"line":763,"column":41},"end":{"line":778,"column":9}}},"32":{"name":"(anonymous_32)","decl":{"start":{"line":780,"column":36},"end":{"line":780,"column":39}},"loc":{"start":{"line":780,"column":41},"end":{"line":802,"column":9}}},"33":{"name":"(anonymous_33)","decl":{"start":{"line":807,"column":19},"end":{"line":807,"column":20}},"loc":{"start":{"line":807,"column":29},"end":{"line":817,"column":13}}},"34":{"name":"handleTextHighlighting","decl":{"start":{"line":827,"column":9},"end":{"line":827,"column":31}},"loc":{"start":{"line":827,"column":74},"end":{"line":874,"column":1}}},"35":{"name":"(anonymous_35)","decl":{"start":{"line":840,"column":69},"end":{"line":840,"column":70}},"loc":{"start":{"line":840,"column":97},"end":{"line":854,"column":13}}},"36":{"name":"(anonymous_36)","decl":{"start":{"line":849,"column":29},"end":{"line":849,"column":34}},"loc":{"start":{"line":849,"column":37},"end":{"line":852,"column":21}}},"37":{"name":"(anonymous_37)","decl":{"start":{"line":858,"column":65},"end":{"line":858,"column":66}},"loc":{"start":{"line":858,"column":74},"end":{"line":872,"column":9}}},"38":{"name":"(anonymous_38)","decl":{"start":{"line":867,"column":25},"end":{"line":867,"column":30}},"loc":{"start":{"line":867,"column":33},"end":{"line":870,"column":17}}},"39":{"name":"playAudioWithRetry","decl":{"start":{"line":877,"column":15},"end":{"line":877,"column":33}},"loc":{"start":{"line":877,"column":77},"end":{"line":912,"column":1}}},"40":{"name":"(anonymous_40)","decl":{"start":{"line":903,"column":34},"end":{"line":903,"column":41}},"loc":{"start":{"line":903,"column":45},"end":{"line":903,"column":71}}},"41":{"name":"pausePlayback","decl":{"start":{"line":915,"column":9},"end":{"line":915,"column":22}},"loc":{"start":{"line":915,"column":22},"end":{"line":920,"column":1}}},"42":{"name":"resumePlayback","decl":{"start":{"line":923,"column":9},"end":{"line":923,"column":23}},"loc":{"start":{"line":923,"column":23},"end":{"line":930,"column":1}}},"43":{"name":"(anonymous_43)","decl":{"start":{"line":925,"column":34},"end":{"line":925,"column":39}},"loc":{"start":{"line":925,"column":42},"end":{"line":927,"column":9}}},"44":{"name":"stopPlayback","decl":{"start":{"line":933,"column":9},"end":{"line":933,"column":21}},"loc":{"start":{"line":933,"column":21},"end":{"line":952,"column":1}}},"45":{"name":"(anonymous_45)","decl":{"start":{"line":942,"column":61},"end":{"line":942,"column":62}},"loc":{"start":{"line":942,"column":70},"end":{"line":948,"column":5}}},"46":{"name":"playNextChunk","decl":{"start":{"line":955,"column":9},"end":{"line":955,"column":22}},"loc":{"start":{"line":955,"column":22},"end":{"line":964,"column":1}}},"47":{"name":"playPreviousChunk","decl":{"start":{"line":967,"column":9},"end":{"line":967,"column":26}},"loc":{"start":{"line":967,"column":26},"end":{"line":976,"column":1}}},"48":{"name":"jumpToChunk","decl":{"start":{"line":979,"column":9},"end":{"line":979,"column":20}},"loc":{"start":{"line":979,"column":34},"end":{"line":988,"column":1}}},"49":{"name":"(anonymous_49)","decl":{"start":{"line":991,"column":37},"end":{"line":991,"column":38}},"loc":{"start":{"line":991,"column":87},"end":{"line":1106,"column":1}}},"50":{"name":"(anonymous_50)","decl":{"start":{"line":1109,"column":37},"end":{"line":1109,"column":38}},"loc":{"start":{"line":1109,"column":87},"end":{"line":1118,"column":1}}},"51":{"name":"(anonymous_51)","decl":{"start":{"line":1128,"column":42},"end":{"line":1128,"column":43}},"loc":{"start":{"line":1128,"column":56},"end":{"line":1141,"column":1}}},"52":{"name":"(anonymous_52)","decl":{"start":{"line":1131,"column":72},"end":{"line":1131,"column":73}},"loc":{"start":{"line":1131,"column":146},"end":{"line":1139,"column":9}}},"53":{"name":"speakTextWithGoogleTTS","decl":{"start":{"line":1144,"column":15},"end":{"line":1144,"column":37}},"loc":{"start":{"line":1144,"column":84},"end":{"line":1182,"column":1}}},"54":{"name":"(anonymous_54)","decl":{"start":{"line":1185,"column":37},"end":{"line":1185,"column":38}},"loc":{"start":{"line":1185,"column":71},"end":{"line":1192,"column":1}}},"55":{"name":"(anonymous_55)","decl":{"start":{"line":1188,"column":18},"end":{"line":1188,"column":21}},"loc":{"start":{"line":1188,"column":24},"end":{"line":1188,"column":55}}},"56":{"name":"(anonymous_56)","decl":{"start":{"line":1189,"column":19},"end":{"line":1189,"column":20}},"loc":{"start":{"line":1189,"column":30},"end":{"line":1189,"column":84}}}},"branchMap":{"0":{"loc":{"start":{"line":74,"column":4},"end":{"line":79,"column":5}},"type":"if","locations":[{"start":{"line":74,"column":4},"end":{"line":79,"column":5}},{"start":{"line":77,"column":11},"end":{"line":79,"column":5}}]},"1":{"loc":{"start":{"line":84,"column":4},"end":{"line":89,"column":5}},"type":"if","locations":[{"start":{"line":84,"column":4},"end":{"line":89,"column":5}},{"start":{"line":87,"column":11},"end":{"line":89,"column":5}}]},"2":{"loc":{"start":{"line":91,"column":4},"end":{"line":96,"column":5}},"type":"if","locations":[{"start":{"line":91,"column":4},"end":{"line":96,"column":5}},{"start":{"line":94,"column":11},"end":{"line":96,"column":5}}]},"3":{"loc":{"start":{"line":100,"column":0},"end":{"line":105,"column":1}},"type":"if","locations":[{"start":{"line":100,"column":0},"end":{"line":105,"column":1}},{"start":{"line":103,"column":7},"end":{"line":105,"column":1}}]},"4":{"loc":{"start":{"line":116,"column":8},"end":{"line":137,"column":9}},"type":"if","locations":[{"start":{"line":116,"column":8},"end":{"line":137,"column":9}},{"start":{"line":135,"column":15},"end":{"line":137,"column":9}}]},"5":{"loc":{"start":{"line":117,"column":12},"end":{"line":117,"column":56}},"type":"if","locations":[{"start":{"line":117,"column":12},"end":{"line":117,"column":56}}]},"6":{"loc":{"start":{"line":120,"column":12},"end":{"line":134,"column":13}},"type":"if","locations":[{"start":{"line":120,"column":12},"end":{"line":134,"column":13}},{"start":{"line":132,"column":19},"end":{"line":134,"column":13}}]},"7":{"loc":{"start":{"line":125,"column":20},"end":{"line":130,"column":21}},"type":"if","locations":[{"start":{"line":125,"column":20},"end":{"line":130,"column":21}},{"start":{"line":128,"column":27},"end":{"line":130,"column":21}}]},"8":{"loc":{"start":{"line":129,"column":41},"end":{"line":129,"column":64}},"type":"cond-expr","locations":[{"start":{"line":129,"column":56},"end":{"line":129,"column":59}},{"start":{"line":129,"column":62},"end":{"line":129,"column":64}}]},"9":{"loc":{"start":{"line":136,"column":29},"end":{"line":136,"column":52}},"type":"cond-expr","locations":[{"start":{"line":136,"column":44},"end":{"line":136,"column":47}},{"start":{"line":136,"column":50},"end":{"line":136,"column":52}}]},"10":{"loc":{"start":{"line":140,"column":4},"end":{"line":140,"column":48}},"type":"if","locations":[{"start":{"line":140,"column":4},"end":{"line":140,"column":48}}]},"11":{"loc":{"start":{"line":146,"column":82},"end":{"line":146,"column":111}},"type":"cond-expr","locations":[{"start":{"line":146,"column":101},"end":{"line":146,"column":106}},{"start":{"line":146,"column":109},"end":{"line":146,"column":111}}]},"12":{"loc":{"start":{"line":149,"column":4},"end":{"line":157,"column":5}},"type":"if","locations":[{"start":{"line":149,"column":4},"end":{"line":157,"column":5}}]},"13":{"loc":{"start":{"line":160,"column":4},"end":{"line":168,"column":5}},"type":"if","locations":[{"start":{"line":160,"column":4},"end":{"line":168,"column":5}}]},"14":{"loc":{"start":{"line":170,"column":4},"end":{"line":178,"column":5}},"type":"if","locations":[{"start":{"line":170,"column":4},"end":{"line":178,"column":5}}]},"15":{"loc":{"start":{"line":182,"column":4},"end":{"line":185,"column":5}},"type":"if","locations":[{"start":{"line":182,"column":4},"end":{"line":185,"column":5}}]},"16":{"loc":{"start":{"line":190,"column":25},"end":{"line":190,"column":52}},"type":"binary-expr","locations":[{"start":{"line":190,"column":25},"end":{"line":190,"column":44}},{"start":{"line":190,"column":48},"end":{"line":190,"column":52}}]},"17":{"loc":{"start":{"line":216,"column":12},"end":{"line":258,"column":13}},"type":"if","locations":[{"start":{"line":216,"column":12},"end":{"line":258,"column":13}}]},"18":{"loc":{"start":{"line":223,"column":20},"end":{"line":239,"column":21}},"type":"if","locations":[{"start":{"line":223,"column":20},"end":{"line":239,"column":21}},{"start":{"line":233,"column":27},"end":{"line":239,"column":21}}]},"19":{"loc":{"start":{"line":224,"column":24},"end":{"line":232,"column":25}},"type":"if","locations":[{"start":{"line":224,"column":24},"end":{"line":232,"column":25}},{"start":{"line":226,"column":31},"end":{"line":232,"column":25}}]},"20":{"loc":{"start":{"line":226,"column":31},"end":{"line":232,"column":25}},"type":"if","locations":[{"start":{"line":226,"column":31},"end":{"line":232,"column":25}},{"start":{"line":228,"column":31},"end":{"line":232,"column":25}}]},"21":{"loc":{"start":{"line":228,"column":31},"end":{"line":232,"column":25}},"type":"if","locations":[{"start":{"line":228,"column":31},"end":{"line":232,"column":25}},{"start":{"line":230,"column":31},"end":{"line":232,"column":25}}]},"22":{"loc":{"start":{"line":231,"column":68},"end":{"line":231,"column":114}},"type":"binary-expr","locations":[{"start":{"line":231,"column":68},"end":{"line":231,"column":91}},{"start":{"line":231,"column":95},"end":{"line":231,"column":114}}]},"23":{"loc":{"start":{"line":233,"column":27},"end":{"line":239,"column":21}},"type":"if","locations":[{"start":{"line":233,"column":27},"end":{"line":239,"column":21}},{"start":{"line":235,"column":27},"end":{"line":239,"column":21}}]},"24":{"loc":{"start":{"line":235,"column":27},"end":{"line":239,"column":21}},"type":"if","locations":[{"start":{"line":235,"column":27},"end":{"line":239,"column":21}},{"start":{"line":237,"column":27},"end":{"line":239,"column":21}}]},"25":{"loc":{"start":{"line":237,"column":27},"end":{"line":239,"column":21}},"type":"if","locations":[{"start":{"line":237,"column":27},"end":{"line":239,"column":21}}]},"26":{"loc":{"start":{"line":250,"column":16},"end":{"line":255,"column":17}},"type":"if","locations":[{"start":{"line":250,"column":16},"end":{"line":255,"column":17}}]},"27":{"loc":{"start":{"line":250,"column":20},"end":{"line":250,"column":69}},"type":"binary-expr","locations":[{"start":{"line":250,"column":20},"end":{"line":250,"column":42}},{"start":{"line":250,"column":46},"end":{"line":250,"column":69}}]},"28":{"loc":{"start":{"line":264,"column":12},"end":{"line":272,"column":13}},"type":"if","locations":[{"start":{"line":264,"column":12},"end":{"line":272,"column":13}}]},"29":{"loc":{"start":{"line":275,"column":12},"end":{"line":281,"column":13}},"type":"if","locations":[{"start":{"line":275,"column":12},"end":{"line":281,"column":13}}]},"30":{"loc":{"start":{"line":291,"column":12},"end":{"line":296,"column":13}},"type":"if","locations":[{"start":{"line":291,"column":12},"end":{"line":296,"column":13}}]},"31":{"loc":{"start":{"line":291,"column":16},"end":{"line":291,"column":81}},"type":"binary-expr","locations":[{"start":{"line":291,"column":16},"end":{"line":291,"column":54}},{"start":{"line":291,"column":58},"end":{"line":291,"column":81}}]},"32":{"loc":{"start":{"line":300,"column":23},"end":{"line":300,"column":78}},"type":"binary-expr","locations":[{"start":{"line":300,"column":23},"end":{"line":300,"column":36}},{"start":{"line":300,"column":40},"end":{"line":300,"column":78}}]},"33":{"loc":{"start":{"line":313,"column":8},"end":{"line":315,"column":9}},"type":"if","locations":[{"start":{"line":313,"column":8},"end":{"line":315,"column":9}}]},"34":{"loc":{"start":{"line":313,"column":12},"end":{"line":313,"column":53}},"type":"binary-expr","locations":[{"start":{"line":313,"column":12},"end":{"line":313,"column":24}},{"start":{"line":313,"column":28},"end":{"line":313,"column":53}}]},"35":{"loc":{"start":{"line":318,"column":8},"end":{"line":321,"column":9}},"type":"if","locations":[{"start":{"line":318,"column":8},"end":{"line":321,"column":9}}]},"36":{"loc":{"start":{"line":369,"column":16},"end":{"line":371,"column":17}},"type":"if","locations":[{"start":{"line":369,"column":16},"end":{"line":371,"column":17}}]},"37":{"loc":{"start":{"line":369,"column":20},"end":{"line":369,"column":76}},"type":"binary-expr","locations":[{"start":{"line":369,"column":20},"end":{"line":369,"column":35}},{"start":{"line":369,"column":39},"end":{"line":369,"column":76}}]},"38":{"loc":{"start":{"line":406,"column":8},"end":{"line":436,"column":9}},"type":"if","locations":[{"start":{"line":406,"column":8},"end":{"line":436,"column":9}},{"start":{"line":431,"column":15},"end":{"line":436,"column":9}}]},"39":{"loc":{"start":{"line":412,"column":12},"end":{"line":425,"column":13}},"type":"switch","locations":[{"start":{"line":413,"column":16},"end":{"line":415,"column":26}},{"start":{"line":416,"column":16},"end":{"line":418,"column":26}},{"start":{"line":419,"column":16},"end":{"line":421,"column":26}},{"start":{"line":422,"column":16},"end":{"line":424,"column":26}}]},"40":{"loc":{"start":{"line":450,"column":77},"end":{"line":450,"column":112}},"type":"default-arg","locations":[{"start":{"line":450,"column":107},"end":{"line":450,"column":112}}]},"41":{"loc":{"start":{"line":454,"column":4},"end":{"line":462,"column":5}},"type":"if","locations":[{"start":{"line":454,"column":4},"end":{"line":462,"column":5}}]},"42":{"loc":{"start":{"line":464,"column":4},"end":{"line":472,"column":5}},"type":"if","locations":[{"start":{"line":464,"column":4},"end":{"line":472,"column":5}}]},"43":{"loc":{"start":{"line":464,"column":8},"end":{"line":464,"column":37}},"type":"binary-expr","locations":[{"start":{"line":464,"column":8},"end":{"line":464,"column":14}},{"start":{"line":464,"column":18},"end":{"line":464,"column":37}}]},"44":{"loc":{"start":{"line":474,"column":4},"end":{"line":482,"column":5}},"type":"if","locations":[{"start":{"line":474,"column":4},"end":{"line":482,"column":5}}]},"45":{"loc":{"start":{"line":486,"column":8},"end":{"line":529,"column":9}},"type":"if","locations":[{"start":{"line":486,"column":8},"end":{"line":529,"column":9}}]},"46":{"loc":{"start":{"line":495,"column":28},"end":{"line":495,"column":57}},"type":"binary-expr","locations":[{"start":{"line":495,"column":28},"end":{"line":495,"column":51}},{"start":{"line":495,"column":55},"end":{"line":495,"column":57}}]},"47":{"loc":{"start":{"line":504,"column":12},"end":{"line":528,"column":13}},"type":"if","locations":[{"start":{"line":504,"column":12},"end":{"line":528,"column":13}},{"start":{"line":517,"column":19},"end":{"line":528,"column":13}}]},"48":{"loc":{"start":{"line":511,"column":16},"end":{"line":516,"column":17}},"type":"if","locations":[{"start":{"line":511,"column":16},"end":{"line":516,"column":17}}]},"49":{"loc":{"start":{"line":525,"column":16},"end":{"line":527,"column":17}},"type":"if","locations":[{"start":{"line":525,"column":16},"end":{"line":527,"column":17}}]},"50":{"loc":{"start":{"line":545,"column":25},"end":{"line":545,"column":73}},"type":"cond-expr","locations":[{"start":{"line":545,"column":45},"end":{"line":545,"column":66}},{"start":{"line":545,"column":69},"end":{"line":545,"column":73}}]},"51":{"loc":{"start":{"line":551,"column":12},"end":{"line":559,"column":13}},"type":"if","locations":[{"start":{"line":551,"column":12},"end":{"line":559,"column":13}}]},"52":{"loc":{"start":{"line":569,"column":8},"end":{"line":575,"column":9}},"type":"if","locations":[{"start":{"line":569,"column":8},"end":{"line":575,"column":9}}]},"53":{"loc":{"start":{"line":578,"column":8},"end":{"line":580,"column":9}},"type":"if","locations":[{"start":{"line":578,"column":8},"end":{"line":580,"column":9}}]},"54":{"loc":{"start":{"line":592,"column":52},"end":{"line":592,"column":82}},"type":"cond-expr","locations":[{"start":{"line":592,"column":72},"end":{"line":592,"column":77}},{"start":{"line":592,"column":80},"end":{"line":592,"column":82}}]},"55":{"loc":{"start":{"line":601,"column":20},"end":{"line":604,"column":21}},"type":"if","locations":[{"start":{"line":601,"column":20},"end":{"line":604,"column":21}}]},"56":{"loc":{"start":{"line":601,"column":24},"end":{"line":601,"column":64}},"type":"binary-expr","locations":[{"start":{"line":601,"column":24},"end":{"line":601,"column":38}},{"start":{"line":601,"column":42},"end":{"line":601,"column":64}}]},"57":{"loc":{"start":{"line":626,"column":38},"end":{"line":626,"column":97}},"type":"binary-expr","locations":[{"start":{"line":626,"column":38},"end":{"line":626,"column":52}},{"start":{"line":626,"column":57},"end":{"line":626,"column":96}}]},"58":{"loc":{"start":{"line":646,"column":8},"end":{"line":655,"column":9}},"type":"if","locations":[{"start":{"line":646,"column":8},"end":{"line":655,"column":9}},{"start":{"line":649,"column":15},"end":{"line":655,"column":9}}]},"59":{"loc":{"start":{"line":660,"column":19},"end":{"line":660,"column":68}},"type":"binary-expr","locations":[{"start":{"line":660,"column":19},"end":{"line":660,"column":32}},{"start":{"line":660,"column":36},"end":{"line":660,"column":68}}]},"60":{"loc":{"start":{"line":669,"column":8},"end":{"line":677,"column":9}},"type":"if","locations":[{"start":{"line":669,"column":8},"end":{"line":677,"column":9}},{"start":{"line":675,"column":15},"end":{"line":677,"column":9}}]},"61":{"loc":{"start":{"line":686,"column":4},"end":{"line":693,"column":5}},"type":"if","locations":[{"start":{"line":686,"column":4},"end":{"line":693,"column":5}}]},"62":{"loc":{"start":{"line":695,"column":4},"end":{"line":698,"column":5}},"type":"if","locations":[{"start":{"line":695,"column":4},"end":{"line":698,"column":5}}]},"63":{"loc":{"start":{"line":716,"column":4},"end":{"line":719,"column":5}},"type":"if","locations":[{"start":{"line":716,"column":4},"end":{"line":719,"column":5}}]},"64":{"loc":{"start":{"line":721,"column":4},"end":{"line":736,"column":5}},"type":"if","locations":[{"start":{"line":721,"column":4},"end":{"line":736,"column":5}}]},"65":{"loc":{"start":{"line":727,"column":8},"end":{"line":733,"column":9}},"type":"if","locations":[{"start":{"line":727,"column":8},"end":{"line":733,"column":9}}]},"66":{"loc":{"start":{"line":729,"column":16},"end":{"line":731,"column":17}},"type":"if","locations":[{"start":{"line":729,"column":16},"end":{"line":731,"column":17}}]},"67":{"loc":{"start":{"line":742,"column":4},"end":{"line":744,"column":5}},"type":"if","locations":[{"start":{"line":742,"column":4},"end":{"line":744,"column":5}}]},"68":{"loc":{"start":{"line":742,"column":8},"end":{"line":742,"column":50}},"type":"binary-expr","locations":[{"start":{"line":742,"column":8},"end":{"line":742,"column":20}},{"start":{"line":742,"column":24},"end":{"line":742,"column":50}}]},"69":{"loc":{"start":{"line":747,"column":4},"end":{"line":823,"column":5}},"type":"if","locations":[{"start":{"line":747,"column":4},"end":{"line":823,"column":5}},{"start":{"line":818,"column":11},"end":{"line":823,"column":5}}]},"70":{"loc":{"start":{"line":781,"column":12},"end":{"line":781,"column":38}},"type":"if","locations":[{"start":{"line":781,"column":12},"end":{"line":781,"column":38}}]},"71":{"loc":{"start":{"line":787,"column":12},"end":{"line":796,"column":13}},"type":"if","locations":[{"start":{"line":787,"column":12},"end":{"line":796,"column":13}}]},"72":{"loc":{"start":{"line":787,"column":16},"end":{"line":787,"column":88}},"type":"binary-expr","loca
[...]
:{"line":182,"column":7}},"77":{"start":{"line":178,"column":8},"end":{"line":181,"column":9}},"78":{"start":{"line":179,"column":12},"end":{"line":179,"column":46}},"79":{"start":{"line":180,"column":12},"end":{"line":180,"column":44}}},"fnMap":{"0":{"name":"(anonymous_0)","decl":{"start":{"line":12,"column":1},"end":{"line":12,"column":null}},"loc":{"start":{"line":12,"column":1},"end":{"line":183,"column":1}}},"1":{"name":"addHighlightStyles","decl":{"start":{"line":32,"column":13},"end":{"line":32,"column":31}},"loc":{"start":{"line":32,"column":52},"end":{"line":43,"column":5}}},"2":{"name":"clearHighlights","decl":{"start":{"line":49,"column":13},"end":{"line":49,"column":28}},"loc":{"start":{"line":49,"column":28},"end":{"line":64,"column":5}}},"3":{"name":"(anonymous_3)","decl":{"start":{"line":50,"column":112},"end":{"line":50,"column":114}},"loc":{"start":{"line":50,"column":117},"end":{"line":63,"column":9}}},"4":{"name":"findTextInView","decl":{"start":{"line":67,"column":13},"end":{"line":67,"column":27}},"loc":{"start":{"line":67,"column":46},"end":{"line":102,"column":5}}},"5":{"name":"(anonymous_5)","decl":{"start":{"line":73,"column":28},"end":{"line":73,"column":37}},"loc":{"start":{"line":73,"column":47},"end":{"line":83,"column":17}}},"6":{"name":"highlightText","decl":{"start":{"line":105,"column":13},"end":{"line":105,"column":26}},"loc":{"start":{"line":105,"column":94},"end":{"line":146,"column":5}}},"7":{"name":"(anonymous_7)","decl":{"start":{"line":115,"column":24},"end":{"line":115,"column":29}},"loc":{"start":{"line":115,"column":32},"end":{"line":145,"column":9}}},"8":{"name":"highlightSpokenText","decl":{"start":{"line":149,"column":13},"end":{"line":149,"column":32}},"loc":{"start":{"line":149,"column":45},"end":{"line":162,"column":5}}},"9":{"name":"(anonymous_9)","decl":{"start":{"line":153,"column":24},"end":{"line":153,"column":29}},"loc":{"start":{"line":153,"column":32},"end":{"line":161,"column":9}}},"10":{"name":"(anonymous_10)","decl":{"start":{"line":165,"column":41},"end":{"line":165,"column":42}},"loc":{"start":{"line":165,"column":192},"end":{"line":174,"column":5}}},"11":{"name":"(anonymous_11)","decl":{"start":{"line":177,"column":41},"end":{"line":177,"column":42}},"loc":{"start":{"line":177,"column":75},"end":{"line":182,"column":5}}}},"branchMap":{"0":{"loc":{"start":{"line":32,"column":32},"end":{"line":32,"column":52}},"type":"default-arg","locations":[{"start":{"line":32,"column":46},"end":{"line":32,"column":52}}]},"1":{"loc":{"start":{"line":34,"column":8},"end":{"line":37,"column":9}},"type":"if","locations":[{"start":{"line":34,"column":8},"end":{"line":37,"column":9}}]},"2":{"loc":{"start":{"line":51,"column":12},"end":{"line":62,"column":13}},"type":"if","locations":[{"start":{"line":51,"column":12},"end":{"line":62,"column":13}},{"start":{"line":60,"column":19},"end":{"line":62,"column":13}}]},"3":{"loc":{"start":{"line":54,"column":16},"end":{"line":54,"column":36}},"type":"if","locations":[{"start":{"line":54,"column":16},"end":{"line":54,"column":36}}]},"4":{"loc":{"start":{"line":61,"column":31},"end":{"line":61,"column":51}},"type":"binary-expr","locations":[{"start":{"line":61,"column":31},"end":{"line":61,"column":45}},{"start":{"line":61,"column":49},"end":{"line":61,"column":51}}]},"5":{"loc":{"start":{"line":74,"column":20},"end":{"line":74,"column":79}},"type":"if","locations":[{"start":{"line":74,"column":20},"end":{"line":74,"column":79}}]},"6":{"loc":{"start":{"line":78,"column":27},"end":{"line":82,"column":78}},"type":"cond-expr","locations":[{"start":{"line":82,"column":27},"end":{"line":82,"column":51}},{"start":{"line":82,"column":54},"end":{"line":82,"column":78}}]},"7":{"loc":{"start":{"line":78,"column":27},"end":{"line":81,"column":70}},"type":"binary-expr","locations":[{"start":{"line":78,"column":27},"end":{"line":78,"column":51}},{"start":{"line":79,"column":27},"end":{"line":79,"column":56}},{"start":{"line":80,"column":27},"end":{"line":80,"column":60}},{"start":{"line":81,"column":27},"end":{"line":81,"column":43}},{"start":{"line":81,"column":47},"end":{"line":81,"column":70}}]},"8":{"loc":{"start":{"line":89,"column":29},"end":{"line":89,"column":58}},"type":"binary-expr","locations":[{"start":{"line":89,"column":29},"end":{"line":89,"column":52}},{"start":{"line":89,"column":56},"end":{"line":89,"column":58}}]},"9":{"loc":{"start":{"line":92,"column":12},"end":{"line":98,"column":13}},"type":"if","locations":[{"start":{"line":92,"column":12},"end":{"line":98,"column":13}}]},"10":{"loc":{"start":{"line":105,"column":41},"end":{"line":105,"column":94}},"type":"default-arg","locations":[{"start":{"line":105,"column":69},"end":{"line":105,"column":94}}]},"11":{"loc":{"start":{"line":111,"column":8},"end":{"line":111,"column":46}},"type":"if","locations":[{"start":{"line":111,"column":8},"end":{"line":111,"column":46}}]},"12":{"loc":{"start":{"line":111,"column":12},"end":{"line":111,"column":37}},"type":"binary-expr","locations":[{"start":{"line":111,"column":12},"end":{"line":111,"column":17}},{"start":{"line":111,"column":21},"end":{"line":111,"column":37}}]},"13":{"loc":{"start":{"line":118,"column":12},"end":{"line":118,"column":32}},"type":"if","locations":[{"start":{"line":118,"column":12},"end":{"line":118,"column":32}}]},"14":{"loc":{"start":{"line":121,"column":41},"end":{"line":121,"column":110}},"type":"cond-expr","locations":[{"start":{"line":121,"column":67},"end":{"line":121,"column":87}},{"start":{"line":121,"column":90},"end":{"line":121,"column":110}}]},"15":{"loc":{"start":{"line":124,"column":31},"end":{"line":124,"column":85}},"type":"binary-expr","locations":[{"start":{"line":124,"column":31},"end":{"line":124,"column":79}},{"start":{"line":124,"column":83},"end":{"line":124,"column":85}}]},"16":{"loc":{"start":{"line":125,"column":34},"end":{"line":125,"column":101}},"type":"binary-expr","locations":[{"start":{"line":125,"column":34},"end":{"line":125,"column":95}},{"start":{"line":125,"column":99},"end":{"line":125,"column":101}}]},"17":{"loc":{"start":{"line":126,"column":30},"end":{"line":126,"column":79}},"type":"binary-expr","locations":[{"start":{"line":126,"column":30},"end":{"line":126,"column":73}},{"start":{"line":126,"column":77},"end":{"line":126,"column":79}}]},"18":{"loc":{"start":{"line":166,"column":8},"end":{"line":172,"column":9}},"type":"if","locations":[{"start":{"line":166,"column":8},"end":{"line":172,"column":9}},{"start":{"line":169,"column":15},"end":{"line":172,"column":9}}]},"19":{"loc":{"start":{"line":167,"column":26},"end":{"line":167,"column":44}},"type":"binary-expr","locations":[{"start":{"line":167,"column":26},"end":{"line":167,"column":38}},{"start":{"line":167,"column":42},"end":{"line":167,"column":44}}]},"20":{"loc":{"start":{"line":169,"column":15},"end":{"line":172,"column":9}},"type":"if","locations":[{"start":{"line":169,"column":15},"end":{"line":172,"column":9}}]},"21":{"loc":{"start":{"line":178,"column":8},"end":{"line":181,"column":9}},"type":"if","locations":[{"start":{"line":178,"column":8},"end":{"line":181,"column":9}}]},"22":{"loc":{"start":{"line":178,"column":12},"end":{"line":178,"column":62}},"type":"binary-expr","locations":[{"start":{"line":178,"column":12},"end":{"line":178,"column":46}},{"start":{"line":178,"column":50},"end":{"line":178,"column":62}}]}},"s":{"0":0,"1":0,"2":0,"3":0,"4":0,"5":0,"6":0,"7":0,"8":0,"9":0,"10":0,"11":0,"12":0,"13":0,"14":0,"15":0,"16":0,"17":0,"18":0,"19":0,"20":0,"21":0,"22":0,"23":0,"24":0,"25":0,"26":0,"27":0,"28":0,"29":0,"30":0,"31":0,"32":0,"33":0,"34":0,"35":0,"36":0,"37":0,"38":0,"39":0,"40":0,"41":0,"42":0,"43":0,"44":0,"45":0,"46":0,"47":0,"48":0,"49":0,"50":0,"51":0,"52":0,"53":0,"54":0,"55":0,"56":0,"57":0,"58":0,"59":0,"60":0,"61":0,"62":0,"63":0,"64":0,"65":0,"66":0,"67":0,"68":0,"69":0,"70":0,"71":0,"72":0,"73":0,"74":0,"75":0,"76":0,"77":0,"78":0,"79":0},"f":{"0":0,"1":0,"2":0,"3":0,"4":0,"5":0,"6":0,"7":0,"8":0,"9":0,"10":0,"11":0},"b":{"0":[0],"1":[0],"2":[0,0],"3":[0],"4":[0,0],"5":[0],"6":[0,0],"7":[0,0,0,0,0],"8":[0,0],"9":[0],"10":[0],"11":[0],"12":[0,0],"13":[0],"14":[0,0],"15":[0,0],"16":[0,0],"17":[0,0],"18":[0,0],"19":[0,0],"20":[0],"21":[0],"22":[0,0]}}
,"/Users/garammasala/Desktop/TTS Extension/src/types.d.ts": {"path":"/Users/garammasala/Desktop/TTS Extension/src/types.d.ts","statementMap":{},"fnMap":{},"branchMap":{},"s":{},"f":{},"b":{}}
,"/Users/garammasala/Desktop/TTS Extension/src/ui.ts": {"path":"/Users/garammasala/Desktop/TTS Extension/src/ui.ts","statementMap":{"0":{"start":{"line":28,"column":0},"end":{"line":28,"column":16}},"1":{"start":{"line":112,"column":0},"end":{"line":112,"column":16}},"2":{"start":{"line":132,"column":0},"end":{"line":132,"column":16}},"3":{"start":{"line":2,"column":0},"end":{"line":2,"column":86}},"4":{"start":{"line":44,"column":8},"end":{"line":44,"column":14}},"5":{"start":{"line":48,"column":8},"end":{"line":48,"column":47}},"6":{"start":{"line":49,"column":8},"end":{"line":49,"column":32}},"7":{"start":{"line":53,"column":8},"end":{"line":53,"column":47}},"8":{"start":{"line":56,"column":4},"end":{"line":56,"column":83}},"9":{"start":{"line":56,"column":25},"end":{"line":56,"column":83}},"10":{"start":{"line":58,"column":4},"end":{"line":60,"column":7}},"11":{"start":{"line":59,"column":8},"end":{"line":59,"column":116}},"12":{"start":{"line":59,"column":99},"end":{"line":59,"column":116}},"13":{"start":{"line":63,"column":4},"end":{"line":66,"column":5}},"14":{"start":{"line":64,"column":8},"end":{"line":64,"column":40}},"15":{"start":{"line":65,"column":8},"end":{"line":65,"column":51}},"16":{"start":{"line":68,"column":4},"end":{"line":68,"column":71}},"17":{"start":{"line":68,"column":32},"end":{"line":68,"column":71}},"18":{"start":{"line":69,"column":4},"end":{"line":69,"column":71}},"19":{"start":{"line":69,"column":32},"end":{"line":69,"column":71}},"20":{"start":{"line":73,"column":8},"end":{"line":73,"column":58}},"21":{"start":{"line":74,"column":8},"end":{"line":76,"column":9}},"22":{"start":{"line":75,"column":12},"end":{"line":75,"column":104}},"23":{"start":{"line":80,"column":21},"end":{"line":80,"column":41}},"24":{"start":{"line":81,"column":4},"end":{"line":81,"column":23}},"25":{"start":{"line":83,"column":4},"end":{"line":87,"column":7}},"26":{"start":{"line":84,"column":23},"end":{"line":84,"column":66}},"27":{"start":{"line":85,"column":8},"end":{"line":85,"column":35}},"28":{"start":{"line":86,"column":8},"end":{"line":86,"column":102}},"29":{"start":{"line":91,"column":8},"end":{"line":95,"column":9}},"30":{"start":{"line":92,"column":12},"end":{"line":92,"column":47}},"31":{"start":{"line":93,"column":12},"end":{"line":93,"column":83}},"32":{"start":{"line":94,"column":12},"end":{"line":94,"column":71}},"33":{"start":{"line":94,"column":31},"end":{"line":94,"column":61}},"34":{"start":{"line":97,"column":8},"end":{"line":99,"column":9}},"35":{"start":{"line":98,"column":12},"end":{"line":98,"column":49}},"36":{"start":{"line":103,"column":4},"end":{"line":109,"column":7}},"37":{"start":{"line":104,"column":25},"end":{"line":104,"column":65}},"38":{"start":{"line":105,"column":8},"end":{"line":108,"column":9}},"39":{"start":{"line":106,"column":13},"end":{"line":106,"column":68}},"40":{"start":{"line":107,"column":13},"end":{"line":107,"column":64}},"41":{"start":{"line":113,"column":4},"end":{"line":113,"column":34}},"42":{"start":{"line":113,"column":27},"end":{"line":113,"column":34}},"43":{"start":{"line":115,"column":47},"end":{"line":119,"column":6}},"44":{"start":{"line":121,"column":22},"end":{"line":121,"column":50}},"45":{"start":{"line":123,"column":4},"end":{"line":129,"column":6}},"46":{"start":{"line":141,"column":4},"end":{"line":169,"column":7}},"47":{"start":{"line":143,"column":8},"end":{"line":146,"column":9}},"48":{"start":{"line":145,"column":12},"end":{"line":145,"column":19}},"49":{"start":{"line":148,"column":8},"end":{"line":168,"column":9}},"50":{"start":{"line":150,"column":16},"end":{"line":150,"column":35}},"51":{"start":{"line":151,"column":16},"end":{"line":151,"column":33}},"52":{"start":{"line":152,"column":16},"end":{"line":152,"column":22}},"53":{"start":{"line":154,"column":16},"end":{"line":154,"column":33}},"54":{"start":{"line":155,"column":16},"end":{"line":155,"column":22}},"55":{"start":{"line":157,"column":16},"end":{"line":157,"column":33}},"56":{"start":{"line":158,"column":16},"end":{"line":158,"column":22}},"57":{"start":{"line":160,"column":16},"end":{"line":160,"column":37}},"58":{"start":{"line":161,"column":16},"end":{"line":161,"column":22}},"59":{"start":{"line":163,"column":16},"end":{"line":163,"column":37}},"60":{"start":{"line":164,"column":16},"end":{"line":164,"column":22}},"61":{"start":{"line":166,"column":16},"end":{"line":166,"column":42}},"62":{"start":{"line":167,"column":16},"end":{"line":167,"column":22}}},"fnMap":{"0":{"name":"initUI","decl":{"start":{"line":28,"column":16},"end":{"line":28,"column":22}},"loc":{"start":{"line":28,"column":39},"end":{"line":110,"column":1}}},"1":{"name":"showOnboarding","decl":{"start":{"line":47,"column":13},"end":{"line":47,"column":27}},"loc":{"start":{"line":47,"column":27},"end":{"line":50,"column":5}}},"2":{"name":"hideOnboarding","decl":{"start":{"line":52,"column":13},"end":{"line":52,"column":27}},"loc":{"start":{"line":52,"column":27},"end":{"line":54,"column":5}}},"3":{"name":"(anonymous_3)","decl":{"start":{"line":58,"column":39},"end":{"line":58,"column":40}},"loc":{"start":{"line":58,"column":60},"end":{"line":60,"column":5}}},"4":{"name":"setTheme","decl":{"start":{"line":72,"column":13},"end":{"line":72,"column":21}},"loc":{"start":{"line":72,"column":35},"end":{"line":77,"column":5}}},"5":{"name":"(anonymous_5)","decl":{"start":{"line":83,"column":57},"end":{"line":83,"column":60}},"loc":{"start":{"line":83,"column":62},"end":{"line":87,"column":5}}},"6":{"name":"showStatus","decl":{"start":{"line":90,"column":13},"end":{"line":90,"column":23}},"loc":{"start":{"line":90,"column":65},"end":{"line":100,"column":5}}},"7":{"name":"(anonymous_7)","decl":{"start":{"line":94,"column":23},"end":{"line":94,"column":26}},"loc":{"start":{"line":94,"column":28},"end":{"line":94,"column":63}}},"8":{"name":"(anonymous_8)","decl":{"start":{"line":103,"column":52},"end":{"line":103,"column":53}},"loc":{"start":{"line":103,"column":59},"end":{"line":109,"column":5}}},"9":{"name":"updateVoiceInfo","decl":{"start":{"line":112,"column":16},"end":{"line":112,"column":31}},"loc":{"start":{"line":112,"column":79},"end":{"line":130,"column":1}}},"10":{"name":"initShortcuts","decl":{"start":{"line":132,"column":16},"end":{"line":132,"column":29}},"loc":{"start":{"line":140,"column":1},"end":{"line":170,"column":1}}},"11":{"name":"(anonymous_11)","decl":{"start":{"line":141,"column":41},"end":{"line":141,"column":42}},"loc":{"start":{"line":141,"column":62},"end":{"line":169,"column":5}}}},"branchMap":{"0":{"loc":{"start":{"line":56,"column":4},"end":{"line":56,"column":83}},"type":"if","locations":[{"start":{"line":56,"column":4},"end":{"line":56,"column":83}}]},"1":{"loc":{"start":{"line":59,"column":8},"end":{"line":59,"column":116}},"type":"if","locations":[{"start":{"line":59,"column":8},"end":{"line":59,"column":116}}]},"2":{"loc":{"start":{"line":59,"column":12},"end":{"line":59,"column":97}},"type":"binary-expr","locations":[{"start":{"line":59,"column":12},"end":{"line":59,"column":52}},{"start":{"line":59,"column":57},"end":{"line":59,"column":75}},{"start":{"line":59,"column":79},"end":{"line":59,"column":96}}]},"3":{"loc":{"start":{"line":63,"column":4},"end":{"line":66,"column":5}},"type":"if","locations":[{"start":{"line":63,"column":4},"end":{"line":66,"column":5}}]},"4":{"loc":{"start":{"line":68,"column":4},"end":{"line":68,"column":71}},"type":"if","locations":[{"start":{"line":68,"column":4},"end":{"line":68,"column":71}}]},"5":{"loc":{"start":{"line":69,"column":4},"end":{"line":69,"column":71}},"type":"if","locations":[{"start":{"line":69,"column":4},"end":{"line":69,"column":71}}]},"6":{"loc":{"start":{"line":74,"column":8},"end":{"line":76,"column":9}},"type":"if","locations":[{"start":{"line":74,"column":8},"end":{"line":76,"column":9}}]},"7":{"loc":{"start":{"line":75,"column":36},"end":{"line":75,"column":103}},"type":"cond-expr","locations":[{"start":{"line":75,"column":43},"end":{"line":75,"column":71}},{"start":{"line":75,"column":74},"end":{"line":75,"column":103}}]},"8":{"loc":{"start":{"line":83,"column":4},"end":{"line":87,"column":6}},"type":"binary-expr","locations":[{"start":{"line":83,"column":4},"end":{"line":83,"column":15}},{"start":{"line":83,"column":19},"end":{"line":87,"column":6}}]},"9":{"loc":{"start":{"line":86,"column":32},"end":{"line":86,"column":101}},"type":"cond-expr","locations":[{"start":{"line":86,"column":41},"end":{"line":86,"column":69}},{"start":{"line":86,"column":72},"end":{"line":86,"column":101}}]},"10":{"loc":{"start":{"line":90,"column":41},"end":{"line":90,"column":65}},"type":"default-arg","locations":[{"start":{"line":90,"column":60},"end":{"line":90,"column":65}}]},"11":{"loc":{"start":{"line":91,"column":8},"end":{"line":95,"column":9}},"type":"if","locations":[{"start":{"line":91,"column":8},"end":{"line":95,"column":9}}]},"12":{"loc":{"start":{"line":93,"column":37},"end":{"line":93,"column":82}},"type":"cond-expr","locations":[{"start":{"line":93,"column":47},"end":{"line":93,"column":62}},{"start":{"line":93,"column":65},"end":{"line":93,"column":82}}]},"13":{"loc":{"start":{"line":97,"column":8},"end":{"line":99,"column":9}},"type":"if","locations":[{"start":{"line":97,"column":8},"end":{"line":99,"column":9}}]},"14":{"loc":{"start":{"line":105,"column":8},"end":{"line":108,"column":9}},"type":"if","locations":[{"start":{"line":105,"column":8},"end":{"line":108,"column":9}}]},"15":{"loc":{"start":{"line":113,"column":4},"end":{"line":113,"column":34}},"type":"if","locations":[{"start":{"line":113,"column":4},"end":{"line":113,"column":34}}]},"16":{"loc":{"start":{"line":121,"column":22},"end":{"line":121,"column":50}},"type":"binary-expr","locations":[{"start":{"line":121,"column":22},"end":{"line":121,"column":44}},{"start":{"line":121,"column":48},"end":{"line":121,"column":50}}]},"17":{"loc":{"start":{"line":143,"column":8},"end":{"line":146,"column":9}},"type":"if","locations":[{"start":{"line":143,"column":8},"end":{"line":146,"column":9}}]},"18":{"loc":{"start":{"line":143,"column":12},"end":{"line":144,"column":77}},"type":"binary-expr","locations":[{"start":{"line":143,"column":12},"end":{"line":143,"column":43}},{"start":{"line":144,"column":13},"end":{"line":144,"column":41}},{"start":{"line":144,"column":45},"end":{"line":144,"column":76}}]},"19":{"loc":{"start":{"line":148,"column":8},"end":{"line":168,"column":9}},"type":"switch","locations":[{"start":{"line":149,"column":12},"end":{"line":152,"column":22}},{"start":{"line":153,"column":12},"end":{"line":155,"column":22}},{"start":{"line":156,"column":12},"end":{"line":158,"column":22}},{"start":{"line":159,"column":12},"end":{"line":161,"column":22}},{"start":{"line":162,"column":12},"end":{"line":164,"column":22}},{"start":{"line":165,"column":12},"end":{"line":167,"column":22}}]}},"s":{"0":0,"1":0,"2":0,"3":0,"4":0,"5":0,"6":0,"7":0,"8":0,"9":0,"10":0,"11":0,"12":0,"13":0,"14":0,"15":0,"16":0,"17":0,"18":0,"19":0,"20":0,"21":0,"22":0,"23":0,"24":0,"25":0,"26":0,"27":0,"28":0,"29":0,"30":0,"31":0,"32":0,"33":0,"34":0,"35":0,"36":0,"37":0,"38":0,"39":0,"40":0,"41":0,"42":0,"43":0,"44":0,"45":0,"46":0,"47":0,"48":0,"49":0,"50":0,"51":0,"52":0,"53":0,"54":0,"55":0,"56":0,"57":0,"58":0,"59":0,"60":0,"61":0,"62":0},"f":{"0":0,"1":0,"2":0,"3":0,"4":0,"5":0,"6":0,"7":0,"8":0,"9":0,"10":0,"11":0},"b":{"0":[0],"1":[0],"2":[0,0,0],"3":[0],"4":[0],"5":[0],"6":[0],"7":[0,0],"8":[0,0],"9":[0,0],"10":[0],"11":[0],"12":[0,0],"13":[0],"14":[0],"15":[0],"16":[0,0],"17":[0],"18":[0,0,0],"19":[0,0,0,0,0,0]}}
}
