{"/Users/garammasala/Desktop/TTS Extension/src/audio_export.ts": {"path":"/Users/garammasala/Desktop/TTS Extension/src/audio_export.ts","statementMap":{"0":{"start":{"line":55,"column":0},"end":{"line":55,"column":16}},"1":{"start":{"line":68,"column":0},"end":{"line":68,"column":16}},"2":{"start":{"line":77,"column":0},"end":{"line":77,"column":16}},"3":{"start":{"line":82,"column":0},"end":{"line":82,"column":16}},"4":{"start":{"line":11,"column":13},"end":{"line":16,"column":2}},"5":{"start":{"line":20,"column":25},"end":{"line":20,"column":41}},"6":{"start":{"line":21,"column":35},"end":{"line":21,"column":37}},"7":{"start":{"line":23,"column":2},"end":{"line":33,"column":3}},"8":{"start":{"line":23,"column":20},"end":{"line":23,"column":21}},"9":{"start":{"line":24,"column":18},"end":{"line":24,"column":60}},"10":{"start":{"line":25,"column":24},"end":{"line":25,"column":47}},"11":{"start":{"line":27,"column":4},"end":{"line":29,"column":5}},"12":{"start":{"line":27,"column":17},"end":{"line":27,"column":18}},"13":{"start":{"line":28,"column":6},"end":{"line":28,"column":43}},"14":{"start":{"line":31,"column":22},"end":{"line":31,"column":49}},"15":{"start":{"line":32,"column":4},"end":{"line":32,"column":31}},"16":{"start":{"line":35,"column":2},"end":{"line":35,"column":53}},"17":{"start":{"line":40,"column":14},"end":{"line":40,"column":39}},"18":{"start":{"line":41,"column":15},"end":{"line":41,"column":42}},"19":{"start":{"line":42,"column":2},"end":{"line":42,"column":18}},"20":{"start":{"line":43,"column":2},"end":{"line":43,"column":27}},"21":{"start":{"line":46,"column":2},"end":{"line":46,"column":34}},"22":{"start":{"line":47,"column":2},"end":{"line":47,"column":15}},"23":{"start":{"line":48,"column":2},"end":{"line":51,"column":10}},"24":{"start":{"line":49,"column":4},"end":{"line":49,"column":36}},"25":{"start":{"line":50,"column":4},"end":{"line":50,"column":29}},"26":{"start":{"line":56,"column":25},"end":{"line":59,"column":4}},"27":{"start":{"line":61,"column":15},"end":{"line":61,"column":70}},"28":{"start":{"line":62,"column":19},"end":{"line":62,"column":58}},"29":{"start":{"line":64,"column":2},"end":{"line":64,"column":37}},"30":{"start":{"line":70,"column":2},"end":{"line":73,"column":31}},"31":{"start":{"line":72,"column":14},"end":{"line":72,"column":22}},"32":{"start":{"line":73,"column":17},"end":{"line":73,"column":29}},"33":{"start":{"line":78,"column":2},"end":{"line":78,"column":55}},"34":{"start":{"line":83,"column":2},"end":{"line":86,"column":5}},"35":{"start":{"line":84,"column":20},"end":{"line":84,"column":66}},"36":{"start":{"line":85,"column":4},"end":{"line":85,"column":22}}},"fnMap":{"0":{"name":"base64ToBlob","decl":{"start":{"line":19,"column":9},"end":{"line":19,"column":21}},"loc":{"start":{"line":19,"column":61},"end":{"line":36,"column":1}}},"1":{"name":"createDownloadLink","decl":{"start":{"line":39,"column":9},"end":{"line":39,"column":27}},"loc":{"start":{"line":39,"column":56},"end":{"line":52,"column":1}}},"2":{"name":"(anonymous_2)","decl":{"start":{"line":48,"column":13},"end":{"line":48,"column":16}},"loc":{"start":{"line":48,"column":18},"end":{"line":51,"column":3}}},"3":{"name":"exportAudio","decl":{"start":{"line":55,"column":16},"end":{"line":55,"column":27}},"loc":{"start":{"line":55,"column":69},"end":{"line":65,"column":1}}},"4":{"name":"splitIntoParagraphs","decl":{"start":{"line":68,"column":16},"end":{"line":68,"column":35}},"loc":{"start":{"line":68,"column":48},"end":{"line":74,"column":1}}},"5":{"name":"(anonymous_5)","decl":{"start":{"line":72,"column":9},"end":{"line":72,"column":10}},"loc":{"start":{"line":72,"column":14},"end":{"line":72,"column":22}}},"6":{"name":"(anonymous_6)","decl":{"start":{"line":73,"column":12},"end":{"line":73,"column":13}},"loc":{"start":{"line":73,"column":17},"end":{"line":73,"column":29}}},"7":{"name":"saveExportOptions","decl":{"start":{"line":77,"column":16},"end":{"line":77,"column":33}},"loc":{"start":{"line":77,"column":56},"end":{"line":79,"column":1}}},"8":{"name":"loadExportOptions","decl":{"start":{"line":82,"column":16},"end":{"line":82,"column":33}},"loc":{"start":{"line":82,"column":76},"end":{"line":87,"column":1}}},"9":{"name":"(anonymous_9)","decl":{"start":{"line":83,"column":46},"end":{"line":83,"column":47}},"loc":{"start":{"line":83,"column":90},"end":{"line":86,"column":3}}}},"branchMap":{"0":{"loc":{"start":{"line":84,"column":20},"end":{"line":84,"column":66}},"type":"binary-expr","locations":[{"start":{"line":84,"column":20},"end":{"line":84,"column":40}},{"start":{"line":84,"column":44},"end":{"line":84,"column":66}}]}},"s":{"0":0,"1":0,"2":0,"3":0,"4":0,"5":0,"6":0,"7":0,"8":0,"9":0,"10":0,"11":0,"12":0,"13":0,"14":0,"15":0,"16":0,"17":0,"18":0,"19":0,"20":0,"21":0,"22":0,"23":0,"24":0,"25":0,"26":0,"27":0,"28":0,"29":0,"30":0,"31":0,"32":0,"33":0,"34":0,"35":0,"36":0},"f":{"0":0,"1":0,"2":0,"3":0,"4":0,"5":0,"6":0,"7":0,"8":0,"9":0},"b":{"0":[0,0]}}
,"/Users/garammasala/Desktop/TTS Extension/src/background.ts": {"path":"/Users/garammasala/Desktop/TTS Extension/src/background.ts","statementMap":{"0":{"start":{"line":5,"column":0},"end":{"line":5,"column":null}},"1":{"start":{"line":10,"column":0},"end":{"line":10,"column":74}},"2":{"start":{"line":11,"column":0},"end":{"line":11,"column":54}},"3":{"start":{"line":43,"column":44},"end":{"line":43,"column":48}},"4":{"start":{"line":44,"column":25},"end":{"line":44,"column":27}},"5":{"start":{"line":45,"column":30},"end":{"line":45,"column":34}},"6":{"start":{"line":46,"column":31},"end":{"line":46,"column":33}},"7":{"start":{"line":47,"column":30},"end":{"line":47,"column":35}},"8":{"start":{"line":48,"column":32},"end":{"line":48,"column":33}},"9":{"start":{"line":49,"column":28},"end":{"line":49,"column":29}},"10":{"start":{"line":50,"column":26},"end":{"line":50,"column":27}},"11":{"start":{"line":51,"column":41},"end":{"line":55,"column":2}},"12":{"start":{"line":58,"column":0},"end":{"line":58,"column":57}},"13":{"start":{"line":61,"column":0},"end":{"line":65,"column":3}},"14":{"start":{"line":62,"column":4},"end":{"line":64,"column":5}},"15":{"start":{"line":63,"column":8},"end":{"line":63,"column":79}},"16":{"start":{"line":68,"column":4},"end":{"line":76,"column":7}},"17":{"start":{"line":69,"column":8},"end":{"line":75,"column":9}},"18":{"start":{"line":70,"column":12},"end":{"line":70,"column":45}},"19":{"start":{"line":71,"column":12},"end":{"line":71,"column":41}},"20":{"start":{"line":71,"column":26},"end":{"line":71,"column":41}},"21":{"start":{"line":73,"column":12},"end":{"line":73,"column":28}},"22":{"start":{"line":74,"column":12},"end":{"line":74,"column":42}},"23":{"start":{"line":74,"column":26},"end":{"line":74,"column":42}},"24":{"start":{"line":79,"column":0},"end":{"line":79,"column":13}},"25":{"start":{"line":83,"column":29},"end":{"line":83,"column":31}},"26":{"start":{"line":84,"column":22},"end":{"line":84,"column":76}},"27":{"start":{"line":86,"column":23},"end":{"line":86,"column":25}},"28":{"start":{"line":88,"column":4},"end":{"line":112,"column":5}},"29":{"start":{"line":90,"column":8},"end":{"line":111,"column":9}},"30":{"start":{"line":91,"column":12},"end":{"line":91,"column":56}},"31":{"start":{"line":91,"column":30},"end":{"line":91,"column":56}},"32":{"start":{"line":94,"column":12},"end":{"line":108,"column":13}},"33":{"start":{"line":95,"column":30},"end":{"line":95,"column":51}},"34":{"start":{"line":96,"column":16},"end":{"line":96,"column":34}},"35":{"start":{"line":98,"column":16},"end":{"line":105,"column":17}},"36":{"start":{"line":99,"column":20},"end":{"line":104,"column":21}},"37":{"start":{"line":100,"column":24},"end":{"line":100,"column":50}},"38":{"start":{"line":101,"column":24},"end":{"line":101,"column":44}},"39":{"start":{"line":103,"column":24},"end":{"line":103,"column":73}},"40":{"start":{"line":107,"column":16},"end":{"line":107,"column":40}},"41":{"start":{"line":110,"column":12},"end":{"line":110,"column":65}},"42":{"start":{"line":114,"column":4},"end":{"line":114,"column":48}},"43":{"start":{"line":114,"column":22},"end":{"line":114,"column":48}},"44":{"start":{"line":115,"column":4},"end":{"line":115,"column":18}},"45":{"start":{"line":120,"column":19},"end":{"line":120,"column":93}},"46":{"start":{"line":123,"column":29},"end":{"line":123,"column":49}},"47":{"start":{"line":124,"column":25},"end":{"line":124,"column":72}},"48":{"start":{"line":127,"column":24},"end":{"line":127,"column":28}},"49":{"start":{"line":128,"column":4},"end":{"line":132,"column":7}},"50":{"start":{"line":129,"column":8},"end":{"line":131,"column":9}},"51":{"start":{"line":130,"column":12},"end":{"line":130,"column":109}},"52":{"start":{"line":134,"column":24},"end":{"line":147,"column":6}},"53":{"start":{"line":150,"column":4},"end":{"line":165,"column":7}},"54":{"start":{"line":151,"column":25},"end":{"line":157,"column":10}},"55":{"start":{"line":159,"column":8},"end":{"line":162,"column":9}},"56":{"start":{"line":160,"column":30},"end":{"line":160,"column":51}},"57":{"start":{"line":161,"column":12},"end":{"line":161,"column":104}},"58":{"start":{"line":164,"column":8},"end":{"line":164,"column":37}},"59":{"start":{"line":170,"column":18},"end":{"line":170,"column":80}},"60":{"start":{"line":171,"column":4},"end":{"line":171,"column":17}},"61":{"start":{"line":176,"column":4},"end":{"line":182,"column":5}},"62":{"start":{"line":177,"column":8},"end":{"line":180,"column":11}},"63":{"start":{"line":181,"column":8},"end":{"line":181,"column":15}},"64":{"start":{"line":185,"column":4},"end":{"line":185,"column":19}},"65":{"start":{"line":188,"column":23},"end":{"line":188,"column":48}},"66":{"start":{"line":191,"column":4},"end":{"line":235,"column":5}},"67":{"start":{"line":192,"column":8},"end":{"line":192,"column":24}},"68":{"start":{"line":193,"column":8},"end":{"line":193,"column":26}},"69":{"start":{"line":194,"column":8},"end":{"line":194,"column":24}},"70":{"start":{"line":196,"column":8},"end":{"line":223,"column":9}},"71":{"start":{"line":196,"column":21},"end":{"line":196,"column":22}},"72":{"start":{"line":197,"column":26},"end":{"line":197,"column":39}},"73":{"start":{"line":198,"column":32},"end":{"line":198,"column":75}},"74":{"start":{"line":199,"column":26},"end":{"line":199,"column":62}},"75":{"start":{"line":202,"column":12},"end":{"line":209,"column":15}},"76":{"start":{"line":203,"column":16},"end":{"line":205,"column":19}},"77":{"start":{"line":204,"column":20},"end":{"line":204,"column":30}},"78":{"start":{"line":208,"column":16},"end":{"line":208,"column":80}},"79":{"start":{"line":212,"column":34},"end":{"line":212,"column":48}},"80":{"start":{"line":213,"column":30},"end":{"line":213,"column":43}},"81":{"start":{"line":214,"column":12},"end":{"line":214,"column":43}},"82":{"start":{"line":216,"column":12},"end":{"line":222,"column":15}},"83":{"start":{"line":226,"column":8},"end":{"line":228,"column":9}},"84":{"start":{"line":227,"column":12},"end":{"line":227,"column":28}},"85":{"start":{"line":230,"column":8},"end":{"line":230,"column":53}},"86":{"start":{"line":231,"column":8},"end":{"line":234,"column":11}},"87":{"start":{"line":240,"column":4},"end":{"line":240,"column":58}},"88":{"start":{"line":240,"column":51},"end":{"line":240,"column":58}},"89":{"start":{"line":242,"column":4},"end":{"line":242,"column":26}},"90":{"start":{"line":243,"column":4},"end":{"line":243,"column":26}},"91":{"start":{"line":244,"column":4},"end":{"line":244,"column":23}},"92":{"start":{"line":247,"column":4},"end":{"line":251,"column":7}},"93":{"start":{"line":256,"column":4},"end":{"line":260,"column":5}},"94":{"start":{"line":257,"column":8},"end":{"line":257,"column":31}},"95":{"start":{"line":258,"column":8},"end":{"line":258,"column":67}},"96":{"start":{"line":259,"column":8},"end":{"line":259,"column":15}},"97":{"start":{"line":262,"column":18},"end":{"line":262,"column":47}},"98":{"start":{"line":263,"column":4},"end":{"line":263,"column":31}},"99":{"start":{"line":266,"column":4},"end":{"line":266,"column":55}},"100":{"start":{"line":269,"column":4},"end":{"line":273,"column":6}},"101":{"start":{"line":271,"column":8},"end":{"line":271,"column":28}},"102":{"start":{"line":272,"column":8},"end":{"line":272,"column":27}},"103":{"start":{"line":275,"column":4},"end":{"line":333,"column":6}},"104":{"start":{"line":277,"column":8},"end":{"line":332,"column":9}},"105":{"start":{"line":278,"column":12},"end":{"line":278,"column":69}},"106":{"start":{"line":281,"column":12},"end":{"line":287,"column":15}},"107":{"start":{"line":290,"column":12},"end":{"line":331,"column":13}},"108":{"start":{"line":292,"column":38},"end":{"line":292,"column":86}},"109":{"start":{"line":293,"column":34},"end":{"line":293,"column":44}},"110":{"start":{"line":296,"column":16},"end":{"line":330,"column":17}},"111":{"start":{"line":297,"column":34},"end":{"line":297,"column":56}},"112":{"start":{"line":298,"column":38},"end":{"line":298,"column":78}},"113":{"start":{"line":299,"column":40},"end":{"line":299,"column":56}},"114":{"start":{"line":301,"column":20},"end":{"line":315,"column":21}},"115":{"start":{"line":303,"column":24},"end":{"line":314,"column":27}},"116":{"start":{"line":304,"column":28},"end":{"line":313,"column":29}},"117":{"start":{"line":305,"column":32},"end":{"line":312,"column":35}},"118":{"start":{"line":318,"column":20},"end":{"line":329,"column":23}},"119":{"start":{"line":319,"column":24},"end":{"line":328,"column":25}},"120":{"start":{"line":320,"column":28},"end":{"line":327,"column":31}},"121":{"start":{"line":336,"column":4},"end":{"line":336,"column":27}},"122":{"start":{"line":337,"column":4},"end":{"line":343,"column":7}},"123":{"start":{"line":338,"column":8},"end":{"line":338,"column":53}},"124":{"start":{"line":339,"column":8},"end":{"line":342,"column":11}},"125":{"start":{"line":348,"column":4},"end":{"line":351,"column":5}},"126":{"start":{"line":349,"column":8},"end":{"line":349,"column":29}},"127":{"start":{"line":350,"column":8},"end":{"line":350,"column":65}},"128":{"start":{"line":356,"column":4},"end":{"line":361,"column":5}},"129":{"start":{"line":357,"column":8},"end":{"line":359,"column":11}},"130":{"start":{"line":358,"column":12},"end":{"line":358,"column":58}},"131":{"start":{"line":360,"column":8},"end":{"line":360,"column":66}},"132":{"start":{"line":366,"column":4},"end":{"line":366,"column":27}},"133":{"start":{"line":368,"column":4},"end":{"line":371,"column":5}},"134":{"start":{"line":369,"column":8},"end":{"line":369,"column":29}},"135":{"start":{"line":370,"column":8},"end":{"line":370,"column":28}},"136":{"start":{"line":374,"column":4},"end":{"line":380,"column":7}},"137":{"start":{"line":375,"column":8},"end":{"line":379,"column":9}},"138":{"start":{"line":376,"column":12},"end":{"line":378,"column":15}},"139":{"start":{"line":382,"column":4},"end":{"line":382,"column":20}},"140":{"start":{"line":383,"column":4},"end":{"line":383,"column":62}},"141":{"start":{"line":388,"column":4},"end":{"line":395,"column":5}},"142":{"start":{"line":389,"column":8},"end":{"line":391,"column":9}},"143":{"start":{"line":390,"column":12},"end":{"line":390,"column":33}},"144":{"start":{"line":393,"column":8},"end":{"line":393,"column":28}},"145":{"start":{"line":394,"column":8},"end":{"line":394,"column":27}},"146":{"start":{"line":400,"column":4},"end":{"line":407,"column":5}},"147":{"start":{"line":401,"column":8},"end":{"line":403,"column":9}},"148":{"start":{"line":402,"column":12},"end":{"line":402,"column":33}},"149":{"start":{"line":405,"column":8},"end":{"line":405,"column":28}},"150":{"start":{"line":406,"column":8},"end":{"line":406,"column":27}},"151":{"start":{"line":412,"column":4},"end":{"line":419,"column":5}},"152":{"start":{"line":413,"column":8},"end":{"line":415,"column":9}},"153":{"start":{"line":414,"column":12},"end":{"line":414,"column":33}},"154":{"start":{"line":417,"column":8},"end":{"line":417,"column":34}},"155":{"start":{"line":418,"column":8},"end":{"line":418,"column":27}},"156":{"start":{"line":423,"column":0},"end":{"line":485,"column":3}},"157":{"start":{"line":424,"column":4},"end":{"line":482,"column":5}},"158":{"start":{"line":426,"column":12},"end":{"line":426,"column":60}},"159":{"start":{"line":426,"column":32},"end":{"line":426,"column":60}},"160":{"start":{"line":427,"column":12},"end":{"line":427,"column":18}},"161":{"start":{"line":430,"column":12},"end":{"line":432,"column":13}},"162":{"start":{"line":431,"column":16},"end":{"line":431,"column":78}},"163":{"start":{"line":433,"column":12},"end":{"line":433,"column":18}},"164":{"start":{"line":436,"column":12},"end":{"line":436,"column":27}},"165":{"start":{"line":437,"column":12},"end":{"line":437,"column":18}},"166":{"start":{"line":440,"column":12},"end":{"line":440,"column":28}},"167":{"start":{"line":441,"column":12},"end":{"line":441,"column":18}},"168":{"start":{"line":444,"column":12},"end":{"line":444,"column":29}},"169":{"start":{"line":445,"column":12},"end":{"line":445,"column":18}},"170":{"start":{"line":448,"column":12},"end":{"line":448,"column":28}},"171":{"start":{"line":449,"column":12},"end":{"line":449,"column":18}},"172":{"start":{"line":452,"column":12},"end":{"line":452,"column":32}},"173":{"start":{"line":453,"column":12},"end":{"line":453,"column":18}},"174":{"start":{"line":456,"column":12},"end":{"line":458,"column":13}},"175":{"start":{"line":457,"column":16},"end":{"line":457,"column":48}},"176":{"start":{"line":459,"column":12},"end":{"line":459,"column":18}},"177":{"start":{"line":462,"column":12},"end":{"line":469,"column":13}},"178":{"start":{"line":463,"column":16},"end":{"line":463,"column":80}},"179":{"start":{"line":466,"column":16},"end":{"line":468,"column":17}},"180":{"start":{"line":467,"column":20},"end":{"line":467,"column":71}},"181":{"start":{"line":470,"column":12},"end":{"line":470,"column":18}},"182":{"start":{"line":473,"column":12},"end":{"line":480,"column":15}},"183":{"start":{"line":481,"column":12},"end":{"line":481,"column":18}},"184":{"start":{"line":484,"column":4},"end":{"line":484,"column":16}},"185":{"start":{"line":488,"column":0},"end":{"line":497,"column":3}},"186":{"start":{"line":489,"column":4},"end":{"line":496,"column":5}},"187":{"start":{"line":490,"column":8},"end":{"line":490,"column":47}},"188":{"start":{"line":491,"column":8},"end":{"line":493,"column":9}},"189":{"start":{"line":492,"column":12},"end":{"line":492,"column":63}},"190":{"start":{"line":494,"column":8},"end":{"line":494,"column":55}},"191":{"start":{"line":495,"column":8},"end":{"line":495,"column":40}},"192":{"start":{"line":500,"column":0},"end":{"line":504,"column":3}},"193":{"start":{"line":507,"column":0},"end":{"line":520,"column":3}},"194":{"start":{"line":508,"column":4},"end":{"line":519,"column":5}},"195":{"start":{"line":510,"column":8},"end":{"line":518,"column":11}},"196":{"start":{"line":511,"column":26},"end":{"line":511,"column":67}},"197":{"start":{"line":512,"column":26},"end":{"line":512,"column":61}},"198":{"start":{"line":514,"column":12},"end":{"line":517,"column":13}},"199":{"start":{"line":516,"column":16},"end":{"line":516,"column":68}}},"fnMap":{"0":{"name":"(anonymous_0)","decl":{"start":{"line":61,"column":47},"end":{"line":61,"column":48}},"loc":{"start":{"line":61,"column":97},"end":{"line":65,"column":1}}},"1":{"name":"loadApiKey","decl":{"start":{"line":67,"column":9},"end":{"line":67,"column":19}},"loc":{"start":{"line":67,"column":57},"end":{"line":77,"column":1}}},"2":{"name":"(anonymous_2)","decl":{"start":{"line":68,"column":47},"end":{"line":68,"column":48}},"loc":{"start":{"line":68,"column":83},"end":{"line":76,"column":5}}},"3":{"name":"splitTextIntoChunks","decl":{"start":{"line":82,"column":9},"end":{"line":82,"column":28}},"loc":{"start":{"line":82,"column":41},"end":{"line":116,"column":1}}},"4":{"name":"callGoogleTTSAPI","decl":{"start":{"line":119,"column":15},"end":{"line":119,"column":31}},"loc":{"start":{"line":119,"column":74},"end":{"line":166,"column":1}}},"5":{"name":"(anonymous_5)","decl":{"start":{"line":128,"column":58},"end":{"line":128,"column":59}},"loc":{"start":{"line":128,"column":69},"end":{"line":132,"column":5}}},"6":{"name":"(anonymous_6)","decl":{"start":{"line":150,"column":28},"end":{"line":150,"column":33}},"loc":{"start":{"line":150,"column":39},"end":{"line":165,"column":5}}},"7":{"name":"createAudioFromResponse","decl":{"start":{"line":169,"column":9},"end":{"line":169,"column":32}},"loc":{"start":{"line":169,"column":57},"end":{"line":172,"column":1}}},"8":{"name":"synthesizeAndPlay","decl":{"start":{"line":175,"column":15},"end":{"line":175,"column":32}},"loc":{"start":{"line":175,"column":75},"end":{"line":236,"column":1}}},"9":{"name":"(anonymous_9)","decl":{"start":{"line":202,"column":36},"end":{"line":202,"column":37}},"loc":{"start":{"line":202,"column":48},"end":{"line":209,"column":13}}},"10":{"name":"(anonymous_10)","decl":{"start":{"line":203,"column":57},"end":{"line":203,"column":60}},"loc":{"start":{"line":203,"column":62},"end":{"line":205,"column":17}}},"11":{"name":"startPlayback","decl":{"start":{"line":239,"column":9},"end":{"line":239,"column":22}},"loc":{"start":{"line":239,"column":22},"end":{"line":252,"column":1}}},"12":{"name":"playCurrentChunk","decl":{"start":{"line":255,"column":9},"end":{"line":255,"column":25}},"loc":{"start":{"line":255,"column":25},"end":{"line":344,"column":1}}},"13":{"name":"(anonymous_13)","decl":{"start":{"line":269,"column":27},"end":{"line":269,"column":30}},"loc":{"start":{"line":269,"column":32},"end":{"line":273,"column":5}}},"14":{"name":"(anonymous_14)","decl":{"start":{"line":275,"column":32},"end":{"line":275,"column":35}},"loc":{"start":{"line":275,"column":37},"end":{"line":333,"column":5}}},"15":{"name":"(anonymous_15)","decl":{"start":{"line":303,"column":81},"end":{"line":303,"column":82}},"loc":{"start":{"line":303,"column":109},"end":{"line":314,"column":25}}},"16":{"name":"(anonymous_16)","decl":{"start":{"line":318,"column":77},"end":{"line":318,"column":78}},"loc":{"start":{"line":318,"column":86},"end":{"line":329,"column":21}}},"17":{"name":"(anonymous_17)","decl":{"start":{"line":337,"column":30},"end":{"line":337,"column":35}},"loc":{"start":{"line":337,"column":38},"end":{"line":343,"column":5}}},"18":{"name":"pausePlayback","decl":{"start":{"line":347,"column":9},"end":{"line":347,"column":22}},"loc":{"start":{"line":347,"column":22},"end":{"line":352,"column":1}}},"19":{"name":"resumePlayback","decl":{"start":{"line":355,"column":9},"end":{"line":355,"column":23}},"loc":{"start":{"line":355,"column":23},"end":{"line":362,"column":1}}},"20":{"name":"(anonymous_20)","decl":{"start":{"line":357,"column":34},"end":{"line":357,"column":39}},"loc":{"start":{"line":357,"column":42},"end":{"line":359,"column":9}}},"21":{"name":"stopPlayback","decl":{"start":{"line":365,"column":9},"end":{"line":365,"column":21}},"loc":{"start":{"line":365,"column":21},"end":{"line":384,"column":1}}},"22":{"name":"(anonymous_22)","decl":{"start":{"line":374,"column":61},"end":{"line":374,"column":62}},"loc":{"start":{"line":374,"column":70},"end":{"line":380,"column":5}}},"23":{"name":"playNextChunk","decl":{"start":{"line":387,"column":9},"end":{"line":387,"column":22}},"loc":{"start":{"line":387,"column":22},"end":{"line":396,"column":1}}},"24":{"name":"playPreviousChunk","decl":{"start":{"line":399,"column":9},"end":{"line":399,"column":26}},"loc":{"start":{"line":399,"column":26},"end":{"line":408,"column":1}}},"25":{"name":"jumpToChunk","decl":{"start":{"line":411,"column":9},"end":{"line":411,"column":20}},"loc":{"start":{"line":411,"column":34},"end":{"line":420,"column":1}}},"26":{"name":"(anonymous_26)","decl":{"start":{"line":423,"column":37},"end":{"line":423,"column":38}},"loc":{"start":{"line":423,"column":87},"end":{"line":485,"column":1}}},"27":{"name":"(anonymous_27)","decl":{"start":{"line":488,"column":37},"end":{"line":488,"column":38}},"loc":{"start":{"line":488,"column":87},"end":{"line":497,"column":1}}},"28":{"name":"(anonymous_28)","decl":{"start":{"line":507,"column":42},"end":{"line":507,"column":43}},"loc":{"start":{"line":507,"column":56},"end":{"line":520,"column":1}}},"29":{"name":"(anonymous_29)","decl":{"start":{"line":510,"column":72},"end":{"line":510,"column":73}},"loc":{"start":{"line":510,"column":146},"end":{"line":518,"column":9}}}},"branchMap":{"0":{"loc":{"start":{"line":62,"column":4},"end":{"line":64,"column":5}},"type":"if","locations":[{"start":{"line":62,"column":4},"end":{"line":64,"column":5}}]},"1":{"loc":{"start":{"line":69,"column":8},"end":{"line":75,"column":9}},"type":"if","locations":[{"start":{"line":69,"column":8},"end":{"line":75,"column":9}},{"start":{"line":72,"column":15},"end":{"line":75,"column":9}}]},"2":{"loc":{"start":{"line":71,"column":12},"end":{"line":71,"column":41}},"type":"if","locations":[{"start":{"line":71,"column":12},"end":{"line":71,"column":41}}]},"3":{"loc":{"start":{"line":74,"column":12},"end":{"line":74,"column":42}},"type":"if","locations":[{"start":{"line":74,"column":12},"end":{"line":74,"column":42}}]},"4":{"loc":{"start":{"line":90,"column":8},"end":{"line":111,"column":9}},"type":"if","locations":[{"start":{"line":90,"column":8},"end":{"line":111,"column":9}},{"start":{"line":109,"column":15},"end":{"line":111,"column":9}}]},"5":{"loc":{"start":{"line":91,"column":12},"end":{"line":91,"column":56}},"type":"if","locations":[{"start":{"line":91,"column":12},"end":{"line":91,"column":56}}]},"6":{"loc":{"start":{"line":94,"column":12},"end":{"line":108,"column":13}},"type":"if","locations":[{"start":{"line":94,"column":12},"end":{"line":108,"column":13}},{"start":{"line":106,"column":19},"end":{"line":108,"column":13}}]},"7":{"loc":{"start":{"line":99,"column":20},"end":{"line":104,"column":21}},"type":"if","locations":[{"start":{"line":99,"column":20},"end":{"line":104,"column":21}},{"start":{"line":102,"column":27},"end":{"line":104,"column":21}}]},"8":{"loc":{"start":{"line":103,"column":41},"end":{"line":103,"column":64}},"type":"cond-expr","locations":[{"start":{"line":103,"column":56},"end":{"line":103,"column":59}},{"start":{"line":103,"column":62},"end":{"line":103,"column":64}}]},"9":{"loc":{"start":{"line":110,"column":29},"end":{"line":110,"column":52}},"type":"cond-expr","locations":[{"start":{"line":110,"column":44},"end":{"line":110,"column":47}},{"start":{"line":110,"column":50},"end":{"line":110,"column":52}}]},"10":{"loc":{"start":{"line":114,"column":4},"end":{"line":114,"column":48}},"type":"if","locations":[{"start":{"line":114,"column":4},"end":{"line":114,"column":48}}]},"11":{"loc":{"start":{"line":129,"column":8},"end":{"line":131,"column":9}},"type":"if","locations":[{"start":{"line":129,"column":8},"end":{"line":131,"column":9}}]},"12":{"loc":{"start":{"line":159,"column":8},"end":{"line":162,"column":9}},"type":"if","locations":[{"start":{"line":159,"column":8},"end":{"line":162,"column":9}}]},"13":{"loc":{"start":{"line":161,"column":53},"end":{"line":161,"column":100}},"type":"binary-expr","locations":[{"start":{"line":161,"column":53},"end":{"line":161,"column":77}},{"start":{"line":161,"column":81},"end":{"line":161,"column":100}}]},"14":{"loc":{"start":{"line":176,"column":4},"end":{"line":182,"column":5}},"type":"if","locations":[{"start":{"line":176,"column":4},"end":{"line":182,"column":5}}]},"15":{"loc":{"start":{"line":176,"column":8},"end":{"line":176,"column":38}},"type":"binary-expr","locations":[{"start":{"line":176,"column":8},"end":{"line":176,"column":13}},{"start":{"line":176,"column":17},"end":{"line":176,"column":23}},{"start":{"line":176,"column":27},"end":{"line":176,"column":38}}]},"16":{"loc":{"start":{"line":179,"column":19},"end":{"line":179,"column":90}},"type":"cond-expr","locations":[{"start":{"line":179,"column":33},"end":{"line":179,"column":54}},{"start":{"line":179,"column":57},"end":{"line":179,"column":90}}]},"17":{"loc":{"start":{"line":226,"column":8},"end":{"line":228,"column":9}},"type":"if","locations":[{"start":{"line":226,"column":8},"end":{"line":228,"column":9}}]},"18":{"loc":{"start":{"line":233,"column":19},"end":{"line":233,"column":96}},"type":"cond-expr","locations":[{"start":{"line":233,"column":44},"end":{"line":233,"column":57}},{"start":{"line":233,"column":60},"end":{"line":233,"column":96}}]},"19":{"loc":{"start":{"line":240,"column":4},"end":{"line":240,"column":58}},"type":"if","locations":[{"start":{"line":240,"column":4},"end":{"line":240,"column":58}}]},"20":{"loc":{"start":{"line":240,"column":8},"end":{"line":240,"column":49}},"type":"binary-expr","locations":[{"start":{"line":240,"column":8},"end":{"line":240,"column":31}},{"start":{"line":240,"column":35},"end":{"line":240,"column":49}}]},"21":{"loc":{"start":{"line":256,"column":4},"end":{"line":260,"column":5}},"type":"if","locations":[{"start":{"line":256,"column":4},"end":{"line":260,"column":5}}]},"22":{"loc":{"start":{"line":256,"column":8},"end":{"line":256,"column":65}},"type":"binary-expr","locations":[{"start":{"line":256,"column":8},"end":{"line":256,"column":23}},{"start":{"line":256,"column":27},"end":{"line":256,"column":65}}]},"23":{"loc":{"start":{"line":277,"column":8},"end":{"line":332,"column":9}},"type":"if","locations":[{"start":{"line":277,"column":8},"end":{"line":332,"column":9}}]},"24":{"loc":{"start":{"line":290,"column":12},"end":{"line":331,"column":13}},"type":"if","locations":[{"start":{"line":290,"column":12},"end":{"line":331,"column":13}}]},"25":{"loc":{"start":{"line":296,"column":16},"end":{"line":330,"column":17}},"type":"if","locations":[{"start":{"line":296,"column":16},"end":{"line":330,"column":17}},{"start":{"line":316,"column":23},"end":{"line":330,"column":17}}]},"26":{"loc":{"start":{"line":301,"column":20},"end":{"line":315,"column":21}},"type":"if","locations":[{"start":{"line":301,"column":20},"end":{"line":315,"column":21}}]},"27":{"loc":{"start":{"line":304,"column":28},"end":{"line":313,"column":29}},"type":"if","locations":[{"start":{"line":304,"column":28},"end":{"line":313,"column":29}}]},"28":{"loc":{"start":{"line":319,"column":24},"end":{"line":328,"column":25}},"type":"if","locations":[{"start":{"line":319,"column":24},"end":{"line":328,"column":25}}]},"29":{"loc":{"start":{"line":348,"column":4},"end":{"line":351,"column":5}},"type":"if","locations":[{"start":{"line":348,"column":4},"end":{"line":351,"column":5}}]},"30":{"loc":{"start":{"line":348,"column":8},"end":{"line":348,"column":44}},"type":"binary-expr","locations":[{"start":{"line":348,"column":8},"end":{"line":348,"column":20}},{"start":{"line":348,"column":24},"end":{"line":348,"column":44}}]},"31":{"loc":{"start":{"line":356,"column":4},"end":{"line":361,"column":5}},"type":"if","locations":[{"start":{"line":356,"column":4},"end":{"line":361,"column":5}}]},"32":{"loc":{"start":{"line":356,"column":8},"end":{"line":356,"column":43}},"type":"binary-expr","locations":[{"start":{"line":356,"column":8},"end":{"line":356,"column":20}},{"start":{"line":356,"column":24},"end":{"line":356,"column":43}}]},"33":{"loc":{"start":{"line":368,"column":4},"end":{"line":371,"column":5}},"type":"if","locations":[{"start":{"line":368,"column":4},"end":{"line":371,"column":5}}]},"34":{"loc":{"start":{"line":375,"column":8},"end":{"line":379,"column":9}},"type":"if","locations":[{"start":{"line":375,"column":8},"end":{"line":379,"column":9}}]},"35":{"loc":{"start":{"line":388,"column":4},"end":{"line":395,"column":5}},"type":"if","locations":[{"start":{"line":388,"column":4},"end":{"line":395,"column":5}}]},"36":{"loc":{"start":{"line":388,"column":8},"end":{"line":388,"column":67}},"type":"binary-expr","locations":[{"start":{"line":388,"column":8},"end":{"line":388,"column":22}},{"start":{"line":388,"column":26},"end":{"line":388,"column":67}}]},"37":{"loc":{"start":{"line":389,"column":8},"end":{"line":391,"column":9}},"type":"if","locations":[{"start":{"line":389,"column":8},"end":{"line":391,"column":9}}]},"38":{"loc":{"start":{"line":400,"column":4},"end":{"line":407,"column":5}},"type":"if","locations":[{"start":{"line":400,"column":4},"end":{"line":407,"column":5}}]},"39":{"loc":{"start":{"line":400,"column":8},"end":{"line":400,"column":47}},"type":"binary-expr","locations":[{"start":{"line":400,"column":8},"end":{"line":400,"column":22}},{"start":{"line":400,"column":26},"end":{"line":400,"column":47}}]},"40":{"loc":{"start":{"line":401,"column":8},"end":{"line":403,"column":9}},"type":"if","locations":[{"start":{"line":401,"column":8},"end":{"line":403,"column":9}}]},"41":{"loc":{"start":{"line":412,"column":4},"end":{"line":419,"column":5}},"type":"if","locations":[{"start":{"line":412,"column":4},"end":{"line":419,"column":5}}]},"42":{"loc":{"start":{"line":412,"column":8},"end":{"line":412,"column":65}},"type":"binary-expr","locations":[{"start":{"line":412,"column":8},"end":{"line":412,"column":22}},{"start":{"line":412,"column":26},"end":{"line":412,"column":36}},{"start":{"line":412,"column":40},"end":{"line":412,"column":65}}]},"43":{"loc":{"start":{"line":413,"column":8},"end":{"line":415,"column":9}},"type":"if","locations":[{"start":{"line":413,"column":8},"end":{"line":415,"column":9}}]},"44":{"loc":{"start":{"line":424,"column":4},"end":{"line":482,"column":5}},"type":"switch","locations":[{"start":{"line":425,"column":8},"end":{"line":427,"column":18}},{"start":{"line":429,"column":8},"end":{"line":433,"column":18}},{"start":{"line":435,"column":8},"end":{"line":437,"column":18}},{"start":{"line":439,"column":8},"end":{"line":441,"column":18}},{"start":{"line":443,"column":8},"end":{"line":445,"column":18}},{"start":{"line":447,"column":8},"end":{"line":449,"column":18}},{"start":{"line":451,"column":8},"end":{"line":453,"column":18}},{"start":{"line":455,"column":8},"end":{"line":459,"column":18}},{"start":{"line":461,"column":8},"end":{"line":470,"column":18}},{"start":{"line":472,"column":8},"end":{"line":481,"column":18}}]},"45":{"loc":{"start":{"line":426,"column":12},"end":{"line":426,"column":60}},"type":"if","locations":[{"start":{"line":426,"column":12},"end":{"line":426,"column":60}}]},"46":{"loc":{"start":{"line":430,"column":12},"end":{"line":432,"column":13}},"type":"if","locations":[{"start":{"line":430,"column":12},"end":{"line":432,"column":13}}]},"47":{"loc":{"start":{"line":430,"column":16},"end":{"line":430,"column":76}},"type":"binary-expr","locations":[{"start":{"line":430,"column":16},"end":{"line":430,"column":28}},{"start":{"line":430,"column":32},"end":{"line":430,"column":45}},{"start":{"line":430,"column":49},"end":{"line":430,"column":76}}]},"48":{"loc":{"start":{"line":456,"column":12},"end":{"line":458,"column":13}},"type":"if","locations":[{"start":{"line":456,"column":12},"end":{"line":458,"column":13}}]},"49":{"loc":{"start":{"line":462,"column":12},"end":{"line":469,"column":13}},"type":"if","locations":[{"start":{"line":462,"column":12},"end":{"line":469,"column":13}}]},"50":{"loc":{"start":{"line":466,"column":16},"end":{"line":468,"column":17}},"type":"if","locations":[{"start":{"line":466,"column":16},"end":{"line":468,"column":17}}]},"51":{"loc":{"start":{"line":466,"column":20},"end":{"line":466,"column":58}},"type":"binary-expr","locations":[{"start":{"line":466,"column":20},"end":{"line":466,"column":32}},{"start":{"line":466,"column":36},"end":{"line":466,"column":58}}]},"52":{"loc":{"start":{"line":474,"column":27},"end":{"line":474,"column":81}},"type":"binary-expr","locations":[{"start":{"line":474,"column":27},"end":{"line":474,"column":41}},{"start":{"line":474,"column":45},"end":{"line":474,"column":57}},{"start":{"line":474,"column":61},"end":{"line":474,"column":81}}]},"53":{"loc":{"start":{"line":475,"column":26},"end":{"line":475,"column":79}},"type":"binary-expr","locations":[{"start":{"line":475,"column":26},"end":{"line":475,"column":40}},{"start":{"line":475,"column":44},"end":{"line":475,"column":56}},{"start":{"line":475,"column":60},"end":{"line":475,"column":79}}]},"54":{"loc":{"start":{"line":489,"column":4},"end":{"line":496,"column":5}},"type":"if","locations":[{"start":{"line":489,"column":4},"end":{"line":496,"column":5}}]},"55":{"loc":{"start":{"line":489,"column":8},"end":{"line":489,"column":71}},"type":"binary-expr","locations":[{"start":{"line":489,"column":8},"end":{"line":489,"column":40}},{"start":{"line":489,"column":44},"end":{"line":489,"column":71}}]},"56":{"loc":{"start":{"line":491,"column":8},"end":{"line":493,"column":9}},"type":"if","locations":[{"start":{"line":491,"column":8},"end":{"line":493,"column":9}}]},"57":{"loc":{"start":{"line":508,"column":4},"end":{"line":519,"column":5}},"type":"if","locations":[{"start":{"line":508,"column":4},"end":{"line":519,"column":5}}]},"58":{"loc":{"start":{"line":508,"column":8},"end":{"line":508,"column":65}},"type":"binary-expr","locations":[{"start":{"line":508,"column":8},"end":{"line":508,"column":43}},{"start":{"line":508,"column":47},"end":{"line":508,"column":65}}]},"59":{"loc":{"start":{"line":511,"column":26},"end":{"line":511,"column":67}},"type":"binary-expr","locations":[{"start":{"line":511,"column":26},"end":{"line":511,"column":46}},{"start":{"line":511,"column":50},"end":{"line":511,"column":67}}]},"60":{"loc":{"start":{"line":512,"column":26},"end":{"line":512,"column":61}},"type":"binary-expr","locations":[{"start":{"line":512,"column":26},"end":{"line":512,"column":56}},{"start":{"line":512,"column":60},"end":{"line":512,"column":61}}]},"61":{"loc":{"start":{"line":514,"column":12},"end":{"line":517,"column":13}},"type":"if","locations":[{"start":{"line":514,"column":12},"end":{"line":517,"column":13}}]},"62":{"loc":{"start":{"line":514,"column":16},"end":{"line":514,"column":45}},"type":"binary-expr","locations":[{"start":{"line":514,"column":16},"end":{"line":514,"column":23}},{"start":{"line":514,"column":27},"end":{"line":514,"column":45}}]}},"s":{"0":0,"1":0,"2":0,"3":0,"4":0,"5":0,"6":0,"7":0,"8":0,"9":0,"10":0,"11":0,"12":0,"13":0,"14":0,"15":0,"16":0,"17":0,"18":0,"19":0,"20":0,"21":0,"22":0,"23":0,"24":0,"25":0,"26":0,"27":0,"28":0,"29":0,"30":0,"31":0,"32":0,"33":0,"34":0,"35":0,"36":0,"37":0,"38":0,"39":0,"40":0,"41":0,"42":0,"43":0,"44":0,"45":0,"46":0,"47":0,"48":0,"49":0,"50":0,"51":0,"52":0,"53":0,"54":0,"55":0,"56":0,"57":0,"58":0,"59":0,"60":0,"61":0,"62":0,"63":0,"64":0,"65":0,"66":0,"67":0,"68":0,"69":0,"70":0,"71":0,"72":0,"73":0,"74":0,"75":0,"76":0,"77":0,"78":0,"79":0,"80":0,"81":0,"82":0,"83":0,"84":0,"85":0,"86":0,"87":0,"88":0,"89":0,"90":0,"91":0,"92":0,"93":0,"94":0,"95":0,"96":0,"97":0,"98":0,"99":0,"100":0,"101":0,"102":0,"103":0,"104":0,"105":0,"106":0,"107":0,"108":0,"109":0,"110":0,"111":0,"112":0,"113":0,"114":0,"115":0,"116":0,"117":0,"118":0,"119":0,"120":0,"121":0,"122":0,"123":0,"124":0,"125":0,"126":0,"127":0,"128":0,"129":0,"130":0,"131":0,"132":0,"133":0,"134":0,"135":0,"136":0,"137":0,"138":0,"139":0,"140":0,"141":0,"142":0,"143":0,"144":0,"145":0,"146":0,"147":0,"148":0,"149":0,"150":0,"151":0,"152":0,"153":0,"154":0,"155":0,"156":0,"157":0,"158":0,"159":0,"160":0,"161":0,"162":0,"163":0,"164":0,"165":0,"166":0,"167":0,"168":0,"169":0,"170":0,"171":0,"172":0,"173":0,"174":0,"175":0,"176":0,"177":0,"178":0,"179":0,"180":0,"181":0,"182":0,"183":0,"184":0,"185":0,"186":0,"187":0,"188":0,"189":0,"190":0,"191":0,"192":0,"193":0,"194":0,"195":0,"196":0,"197":0,"198":0,"199":0},"f":{"0":0,"1":0,"2":0,"3":0,"4":0,"5":0,"6":0,"7":0,"8":0,"9":0,"10":0,"11":0,"12":0,"13":0,"14":0,"15":0,"16":0,"17":0,"18":0,"19":0,"20":0,"21":0,"22":0,"23":0,"24":0,"25":0,"26":0,"27":0,"28":0,"29":0},"b":{"0":[0],"1":[0,0],"2":[0],"3":[0],"4":[0,0],"5":[0],"6":[0,0],"7":[0,0],"8":[0,0],"9":[0,0],"10":[0],"11":[0],"12":[0],"13":[0,0],"14":[0],"15":[0,0,0],"16":[0,0],"17":[0],"18":[0,0],"19":[0],"20":[0,0],"21":[0],"22":[0,0],"23":[0],"24":[0],"25":[0,0],"26":[0],"27":[0],"28":[0],"29":[0],"30":[0,0],"31":[0],"32":[0,0],"33":[0],"34":[0],"35":[0],"36":[0,0],"37":[0],"38":[0],"39":[0,0],"40":[0],"41":[0],"42":[0,0,0],"43":[0],"44":[0,0,0,0,0,0,0,0,0,0],"45":[0],"46":[0],"47":[0,0,0],"48":[0],"49":[0],"50":[0],"51":[0,0],"52":[0,0,0],"53":[0,0,0],"54":[0],"55":[0,0],"56":[0],"57":[0],"58":[0,0],"59":[0,0],"60":[0,0],"61":[0],"62":[0,0]}}
,"/Users/garammasala/Desktop/TTS Extension/src/chrome.d.ts": {"path":"/Users/garammasala/Desktop/TTS Extension/src/chrome.d.ts","statementMap":{},"fnMap":{},"branchMap":{},"s":{},"f":{},"b":{}}
,"/Users/garammasala/Desktop/TTS Extension/src/highlight.ts": {"path":"/Users/garammasala/Desktop/TTS Extension/src/highlight.ts","statementMap":{"0":{"start":{"line":24,"column":0},"end":{"line":24,"column":16}},"1":{"start":{"line":48,"column":0},"end":{"line":48,"column":16}},"2":{"start":{"line":82,"column":0},"end":{"line":82,"column":16}},"3":{"start":{"line":104,"column":0},"end":{"line":104,"column":16}},"4":{"start":{"line":109,"column":0},"end":{"line":109,"column":16}},"5":{"start":{"line":14,"column":13},"end":{"line":22,"column":2}},"6":{"start":{"line":25,"column":2},"end":{"line":25,"column":31}},"7":{"start":{"line":25,"column":24},"end":{"line":25,"column":31}},"8":{"start":{"line":27,"column":29},"end":{"line":31,"column":4}},"9":{"start":{"line":34,"column":2},"end":{"line":34,"column":58}},"10":{"start":{"line":35,"column":2},"end":{"line":37,"column":3}},"11":{"start":{"line":36,"column":4},"end":{"line":36,"column":40}},"12":{"start":{"line":38,"column":2},"end":{"line":40,"column":3}},"13":{"start":{"line":39,"column":4},"end":{"line":39,"column":38}},"14":{"start":{"line":41,"column":2},"end":{"line":43,"column":3}},"15":{"start":{"line":42,"column":4},"end":{"line":42,"column":47}},"16":{"start":{"line":44,"column":2},"end":{"line":44,"column":87}},"17":{"start":{"line":45,"column":2},"end":{"line":45,"column":37}},"18":{"start":{"line":49,"column":2},"end":{"line":49,"column":34}},"19":{"start":{"line":49,"column":24},"end":{"line":49,"column":34}},"20":{"start":{"line":51,"column":29},"end":{"line":55,"column":4}},"21":{"start":{"line":57,"column":2},"end":{"line":78,"column":4}},"22":{"start":{"line":84,"column":2},"end":{"line":86,"column":3}},"23":{"start":{"line":85,"column":4},"end":{"line":85,"column":17}},"24":{"start":{"line":89,"column":2},"end":{"line":91,"column":3}},"25":{"start":{"line":90,"column":4},"end":{"line":90,"column":17}},"26":{"start":{"line":94,"column":22},"end":{"line":94,"column":51}},"27":{"start":{"line":95,"column":2},"end":{"line":95,"column":34}},"28":{"start":{"line":96,"column":2},"end":{"line":96,"column":41}},"29":{"start":{"line":97,"column":24},"end":{"line":97,"column":59}},"30":{"start":{"line":98,"column":2},"end":{"line":98,"column":41}},"31":{"start":{"line":100,"column":2},"end":{"line":100,"column":23}},"32":{"start":{"line":105,"column":2},"end":{"line":105,"column":58}},"33":{"start":{"line":110,"column":2},"end":{"line":113,"column":5}},"34":{"start":{"line":111,"column":20},"end":{"line":111,"column":72}},"35":{"start":{"line":112,"column":4},"end":{"line":112,"column":22}}},"fnMap":{"0":{"name":"applyHighlightStyle","decl":{"start":{"line":24,"column":16},"end":{"line":24,"column":35}},"loc":{"start":{"line":24,"column":83},"end":{"line":46,"column":1}}},"1":{"name":"generateHighlightCSS","decl":{"start":{"line":48,"column":16},"end":{"line":48,"column":36}},"loc":{"start":{"line":48,"column":62},"end":{"line":79,"column":1}}},"2":{"name":"normalizeColor","decl":{"start":{"line":82,"column":16},"end":{"line":82,"column":30}},"loc":{"start":{"line":82,"column":44},"end":{"line":101,"column":1}}},"3":{"name":"saveHighlightOptions","decl":{"start":{"line":104,"column":16},"end":{"line":104,"column":36}},"loc":{"start":{"line":104,"column":62},"end":{"line":106,"column":1}}},"4":{"name":"loadHighlightOptions","decl":{"start":{"line":109,"column":16},"end":{"line":109,"column":36}},"loc":{"start":{"line":109,"column":82},"end":{"line":114,"column":1}}},"5":{"name":"(anonymous_5)","decl":{"start":{"line":110,"column":49},"end":{"line":110,"column":50}},"loc":{"start":{"line":110,"column":99},"end":{"line":113,"column":3}}}},"branchMap":{"0":{"loc":{"start":{"line":25,"column":2},"end":{"line":25,"column":31}},"type":"if","locations":[{"start":{"line":25,"column":2},"end":{"line":25,"column":31}}]},"1":{"loc":{"start":{"line":35,"column":2},"end":{"line":37,"column":3}},"type":"if","locations":[{"start":{"line":35,"column":2},"end":{"line":37,"column":3}}]},"2":{"loc":{"start":{"line":38,"column":2},"end":{"line":40,"column":3}},"type":"if","locations":[{"start":{"line":38,"column":2},"end":{"line":40,"column":3}}]},"3":{"loc":{"start":{"line":41,"column":2},"end":{"line":43,"column":3}},"type":"if","locations":[{"start":{"line":41,"column":2},"end":{"line":43,"column":3}}]},"4":{"loc":{"start":{"line":49,"column":2},"end":{"line":49,"column":34}},"type":"if","locations":[{"start":{"line":49,"column":2},"end":{"line":49,"column":34}}]},"5":{"loc":{"start":{"line":60,"column":8},"end":{"line":60,"column":69}},"type":"cond-expr","locations":[{"start":{"line":60,"column":38},"end":{"line":60,"column":64}},{"start":{"line":60,"column":67},"end":{"line":60,"column":69}}]},"6":{"loc":{"start":{"line":61,"column":8},"end":{"line":61,"column":51}},"type":"cond-expr","locations":[{"start":{"line":61,"column":26},"end":{"line":61,"column":46}},{"start":{"line":61,"column":49},"end":{"line":61,"column":51}}]},"7":{"loc":{"start":{"line":62,"column":8},"end":{"line":62,"column":65}},"type":"cond-expr","locations":[{"start":{"line":62,"column":31},"end":{"line":62,"column":60}},{"start":{"line":62,"column":63},"end":{"line":62,"column":65}}]},"8":{"loc":{"start":{"line":68,"column":8},"end":{"line":68,"column":69}},"type":"cond-expr","locations":[{"start":{"line":68,"column":38},"end":{"line":68,"column":64}},{"start":{"line":68,"column":67},"end":{"line":68,"column":69}}]},"9":{"loc":{"start":{"line":69,"column":8},"end":{"line":69,"column":51}},"type":"cond-expr","locations":[{"start":{"line":69,"column":26},"end":{"line":69,"column":46}},{"start":{"line":69,"column":49},"end":{"line":69,"column":51}}]},"10":{"loc":{"start":{"line":70,"column":8},"end":{"line":70,"column":65}},"type":"cond-expr","locations":[{"start":{"line":70,"column":31},"end":{"line":70,"column":60}},{"start":{"line":70,"column":63},"end":{"line":70,"column":65}}]},"11":{"loc":{"start":{"line":84,"column":2},"end":{"line":86,"column":3}},"type":"if","locations":[{"start":{"line":84,"column":2},"end":{"line":86,"column":3}}]},"12":{"loc":{"start":{"line":89,"column":2},"end":{"line":91,"column":3}},"type":"if","locations":[{"start":{"line":89,"column":2},"end":{"line":91,"column":3}}]},"13":{"loc":{"start":{"line":111,"column":20},"end":{"line":111,"column":72}},"type":"binary-expr","locations":[{"start":{"line":111,"column":20},"end":{"line":111,"column":43}},{"start":{"line":111,"column":47},"end":{"line":111,"column":72}}]}},"s":{"0":0,"1":0,"2":0,"3":0,"4":0,"5":0,"6":0,"7":0,"8":0,"9":0,"10":0,"11":0,"12":0,"13":0,"14":0,"15":0,"16":0,"17":0,"18":0,"19":0,"20":0,"21":0,"22":0,"23":0,"24":0,"25":0,"26":0,"27":0,"28":0,"29":0,"30":0,"31":0,"32":0,"33":0,"34":0,"35":0},"f":{"0":0,"1":0,"2":0,"3":0,"4":0,"5":0},"b":{"0":[0],"1":[0],"2":[0],"3":[0],"4":[0],"5":[0,0],"6":[0,0],"7":[0,0],"8":[0,0],"9":[0,0],"10":[0,0],"11":[0],"12":[0],"13":[0,0]}}
,"/Users/garammasala/Desktop/TTS Extension/src/language_detection.ts": {"path":"/Users/garammasala/Desktop/TTS Extension/src/language_detection.ts","statementMap":{"0":{"start":{"line":24,"column":0},"end":{"line":24,"column":16}},"1":{"start":{"line":92,"column":0},"end":{"line":92,"column":16}},"2":{"start":{"line":9,"column":51},"end":{"line":21,"column":2}},"3":{"start":{"line":25,"column":34},"end":{"line":25,"column":36}},"4":{"start":{"line":28,"column":2},"end":{"line":41,"column":3}},"5":{"start":{"line":29,"column":16},"end":{"line":29,"column":17}},"6":{"start":{"line":31,"column":4},"end":{"line":36,"column":7}},"7":{"start":{"line":32,"column":22},"end":{"line":32,"column":41}},"8":{"start":{"line":33,"column":6},"end":{"line":35,"column":7}},"9":{"start":{"line":34,"column":8},"end":{"line":34,"column":32}},"10":{"start":{"line":39,"column":4},"end":{"line":39,"column":40}},"11":{"start":{"line":40,"column":4},"end":{"line":40,"column":37}},"12":{"start":{"line":44,"column":2},"end":{"line":44,"column":43}},"13":{"start":{"line":44,"column":24},"end":{"line":44,"column":41}},"14":{"start":{"line":47,"column":2},"end":{"line":52,"column":3}},"15":{"start":{"line":49,"column":4},"end":{"line":51,"column":5}},"16":{"start":{"line":50,"column":6},"end":{"line":50,"column":32}},"17":{"start":{"line":55,"column":2},"end":{"line":55,"column":17}},"18":{"start":{"line":59,"column":13},"end":{"line":89,"column":2}},"19":{"start":{"line":95,"column":15},"end":{"line":95,"column":47}},"20":{"start":{"line":96,"column":2},"end":{"line":96,"column":14}}},"fnMap":{"0":{"name":"detectLanguage","decl":{"start":{"line":24,"column":16},"end":{"line":24,"column":30}},"loc":{"start":{"line":24,"column":43},"end":{"line":56,"column":1}}},"1":{"name":"(anonymous_1)","decl":{"start":{"line":31,"column":21},"end":{"line":31,"column":28}},"loc":{"start":{"line":31,"column":31},"end":{"line":36,"column":5}}},"2":{"name":"(anonymous_2)","decl":{"start":{"line":44,"column":14},"end":{"line":44,"column":15}},"loc":{"start":{"line":44,"column":24},"end":{"line":44,"column":41}}},"3":{"name":"getVoiceForLanguage","decl":{"start":{"line":92,"column":16},"end":{"line":92,"column":35}},"loc":{"start":{"line":92,"column":115},"end":{"line":97,"column":1}}}},"branchMap":{"0":{"loc":{"start":{"line":33,"column":6},"end":{"line":35,"column":7}},"type":"if","locations":[{"start":{"line":33,"column":6},"end":{"line":35,"column":7}}]},"1":{"loc":{"start":{"line":47,"column":2},"end":{"line":52,"column":3}},"type":"if","locations":[{"start":{"line":47,"column":2},"end":{"line":52,"column":3}}]},"2":{"loc":{"start":{"line":47,"column":6},"end":{"line":47,"column":46}},"type":"binary-expr","locations":[{"start":{"line":47,"column":6},"end":{"line":47,"column":23}},{"start":{"line":47,"column":27},"end":{"line":47,"column":46}}]},"3":{"loc":{"start":{"line":49,"column":4},"end":{"line":51,"column":5}},"type":"if","locations":[{"start":{"line":49,"column":4},"end":{"line":51,"column":5}}]},"4":{"loc":{"start":{"line":49,"column":8},"end":{"line":49,"column":70}},"type":"binary-expr","locations":[{"start":{"line":49,"column":8},"end":{"line":49,"column":27}},{"start":{"line":49,"column":31},"end":{"line":49,"column":70}}]},"5":{"loc":{"start":{"line":92,"column":58},"end":{"line":92,"column":115}},"type":"default-arg","locations":[{"start":{"line":92,"column":106},"end":{"line":92,"column":115}}]}},"s":{"0":1,"1":1,"2":1,"3":5,"4":5,"5":55,"6":55,"7":75,"8":75,"9":11,"10":55,"11":55,"12":5,"13":91,"14":5,"15":4,"16":4,"17":1,"18":1,"19":3,"20":3},"f":{"0":5,"1":75,"2":91,"3":3},"b":{"0":[11],"1":[4],"2":[5,5],"3":[4],"4":[4,4],"5":[1]}}
,"/Users/garammasala/Desktop/TTS Extension/src/performance_optimization.ts": {"path":"/Users/garammasala/Desktop/TTS Extension/src/performance_optimization.ts","statementMap":{"0":{"start":{"line":219,"column":0},"end":{"line":219,"column":16}},"1":{"start":{"line":237,"column":0},"end":{"line":237,"column":16}},"2":{"start":{"line":243,"column":0},"end":{"line":243,"column":16}},"3":{"start":{"line":248,"column":0},"end":{"line":248,"column":16}},"4":{"start":{"line":253,"column":0},"end":{"line":253,"column":7}},"5":{"start":{"line":16,"column":13},"end":{"line":25,"column":2}},"6":{"start":{"line":33,"column":4},"end":{"line":33,"column":27}},"7":{"start":{"line":34,"column":4},"end":{"line":34,"column":27}},"8":{"start":{"line":38,"column":17},"end":{"line":38,"column":36}},"9":{"start":{"line":39,"column":4},"end":{"line":43,"column":5}},"10":{"start":{"line":41,"column":6},"end":{"line":41,"column":37}},"11":{"start":{"line":42,"column":6},"end":{"line":42,"column":23}},"12":{"start":{"line":44,"column":4},"end":{"line":44,"column":16}},"13":{"start":{"line":49,"column":4},"end":{"line":63,"column":5}},"14":{"start":{"line":50,"column":22},"end":{"line":50,"column":24}},"15":{"start":{"line":51,"column":23},"end":{"line":51,"column":31}},"16":{"start":{"line":53,"column":6},"end":{"line":58,"column":7}},"17":{"start":{"line":54,"column":8},"end":{"line":57,"column":9}},"18":{"start":{"line":55,"column":10},"end":{"line":55,"column":38}},"19":{"start":{"line":56,"column":10},"end":{"line":56,"column":24}},"20":{"start":{"line":60,"column":6},"end":{"line":62,"column":7}},"21":{"start":{"line":61,"column":8},"end":{"line":61,"column":37}},"22":{"start":{"line":65,"column":4},"end":{"line":65,"column":60}},"23":{"start":{"line":69,"column":4},"end":{"line":69,"column":23}},"24":{"start":{"line":75,"column":10},"end":{"line":83,"column":4}},"25":{"start":{"line":86,"column":4},"end":{"line":86,"column":17}},"26":{"start":{"line":90,"column":4},"end":{"line":98,"column":6}},"27":{"start":{"line":102,"column":4},"end":{"line":102,"column":28}},"28":{"start":{"line":103,"column":4},"end":{"line":103,"column":51}},"29":{"start":{"line":104,"column":4},"end":{"line":104,"column":90}},"30":{"start":{"line":108,"column":4},"end":{"line":108,"column":29}},"31":{"start":{"line":112,"column":4},"end":{"line":112,"column":31}},"32":{"start":{"line":116,"column":4},"end":{"line":116,"column":29}},"33":{"start":{"line":120,"column":4},"end":{"line":120,"column":27}},"34":{"start":{"line":124,"column":4},"end":{"line":124,"column":31}},"35":{"start":{"line":141,"column":4},"end":{"line":141,"column":35}},"36":{"start":{"line":142,"column":4},"end":{"line":142,"column":32}},"37":{"start":{"line":150,"column":16},"end":{"line":150,"column":35}},"38":{"start":{"line":152,"column":4},"end":{"line":185,"column":7}},"39":{"start":{"line":153,"column":6},"end":{"line":184,"column":7}},"40":{"start":{"line":155,"column":22},"end":{"line":155,"column":47}},"41":{"start":{"line":156,"column":8},"end":{"line":156,"column":31}},"42":{"start":{"line":159,"column":32},"end":{"line":159,"column":45}},"43":{"start":{"line":160,"column":8},"end":{"line":163,"column":10}},"44":{"start":{"line":161,"column":10},"end":{"line":161,"column":35}},"45":{"start":{"line":162,"column":10},"end":{"line":162,"column":27}},"46":{"start":{"line":165,"column":31},"end":{"line":165,"column":43}},"47":{"start":{"line":166,"column":8},"end":{"line":169,"column":10}},"48":{"start":{"line":167,"column":10},"end":{"line":167,"column":32}},"49":{"start":{"line":168,"column":10},"end":{"line":168,"column":24}},"50":{"start":{"line":172,"column":22},"end":{"line":174,"column":28}},"51":{"start":{"line":173,"column":10},"end":{"line":173,"column":33}},"52":{"start":{"line":176,"column":8},"end":{"line":183,"column":11}},"53":{"start":{"line":189,"column":18},"end":{"line":189,"column":42}},"54":{"start":{"line":190,"column":4},"end":{"line":190,"column":23}},"55":{"start":{"line":190,"column":16},"end":{"line":190,"column":23}},"56":{"start":{"line":193,"column":4},"end":{"line":193,"column":30}},"57":{"start":{"line":200,"column":4},"end":{"line":200,"column":32}},"58":{"start":{"line":204,"column":4},"end":{"line":208,"column":5}},"59":{"start":{"line":205,"column":6},"end":{"line":205,"column":32}},"60":{"start":{"line":206,"column":6},"end":{"line":206,"column":47}},"61":{"start":{"line":207,"column":6},"end":{"line":207,"column":34}},"62":{"start":{"line":216,"column":32},"end":{"line":216,"column":58}},"63":{"start":{"line":221,"column":2},"end":{"line":221,"column":62}},"64":{"start":{"line":224,"column":2},"end":{"line":224,"column":46}},"65":{"start":{"line":225,"column":2},"end":{"line":225,"column":48}},"66":{"start":{"line":226,"column":2},"end":{"line":226,"column":58}},"67":{"start":{"line":229,"column":2},"end":{"line":233,"column":5}},"68":{"start":{"line":230,"column":4},"end":{"line":232,"column":5}},"69":{"start":{"line":231,"column":6},"end":{"line":231,"column":58}},"70":{"start":{"line":238,"column":2},"end":{"line":238,"column":39}},"71":{"start":{"line":239,"column":2},"end":{"line":239,"column":58}},"72":{"start":{"line":244,"column":2},"end":{"line":244,"column":41}},"73":{"start":{"line":249,"column":2},"end":{"line":249,"column":29}},"74":{"start":{"line":260,"column":2},"end":{"line":292,"column":3}},"75":{"start":{"line":260,"column":21},"end":{"line":260,"column":22}},"76":{"start":{"line":261,"column":4},"end":{"line":291,"column":5}},"77":{"start":{"line":262,"column":24},"end":{"line":262,"column":34}},"78":{"start":{"line":263,"column":21},"end":{"line":263,"column":38}},"79":{"start":{"line":266,"column":6},"end":{"line":269,"column":7}},"80":{"start":{"line":267,"column":29},"end":{"line":267,"column":51}},"81":{"start":{"line":268,"column":8},"end":{"line":268,"column":55}},"82":{"start":{"line":271,"column":6},"end":{"line":271,"column":20}},"83":{"start":{"line":273,"column":6},"end":{"line":275,"column":7}},"84":{"start":{"line":274,"column":8},"end":{"line":274,"column":44}},"85":{"start":{"line":277,"column":6},"end":{"line":277,"column":76}},"86":{"start":{"line":279,"column":6},"end":{"line":290,"column":7}},"87":{"start":{"line":281,"column":22},"end":{"line":282,"column":52}},"88":{"start":{"line":284,"column":8},"end":{"line":286,"column":9}},"89":{"start":{"line":285,"column":10},"end":{"line":285,"column":43}},"90":{"start":{"line":289,"column":8},"end":{"line":289,"column":65}},"91":{"start":{"line":289,"column":37},"end":{"line":289,"column":63}},"92":{"start":{"line":295,"column":2},"end":{"line":295,"column":18}}},"fnMap":{"0":{"name":"(anonymous_0)","decl":{"start":{"line":32,"column":2},"end":{"line":32,"column":14}},"loc":{"start":{"line":32,"column":29},"end":{"line":35,"column":3}}},"1":{"name":"(anonymous_1)","decl":{"start":{"line":37,"column":2},"end":{"line":37,"column":5}},"loc":{"start":{"line":37,"column":17},"end":{"line":45,"column":3}}},"2":{"name":"(anonymous_2)","decl":{"start":{"line":47,"column":2},"end":{"line":47,"column":5}},"loc":{"start":{"line":47,"column":31},"end":{"line":66,"column":3}}},"3":{"name":"(anonymous_3)","decl":{"start":{"line":68,"column":2},"end":{"line":68,"column":7}},"loc":{"start":{"line":68,"column":7},"end":{"line":70,"column":3}}},"4":{"name":"(anonymous_4)","decl":{"start":{"line":85,"column":2},"end":{"line":85,"column":null}},"loc":{"start":{"line":85,"column":2},"end":{"line":87,"column":3}}},"5":{"name":"(anonymous_5)","decl":{"start":{"line":89,"column":2},"end":{"line":89,"column":7}},"loc":{"start":{"line":89,"column":7},"end":{"line":99,"column":3}}},"6":{"name":"(anonymous_6)","decl":{"start":{"line":101,"column":2},"end":{"line":101,"column":15}},"loc":{"start":{"line":101,"column":36},"end":{"line":105,"column":3}}},"7":{"name":"(anonymous_7)","decl":{"start":{"line":107,"column":2},"end":{"line":107,"column":16}},"loc":{"start":{"line":107,"column":16},"end":{"line":109,"column":3}}},"8":{"name":"(anonymous_8)","decl":{"start":{"line":111,"column":2},"end":{"line":111,"column":17}},"loc":{"start":{"line":111,"column":17},"end":{"line":113,"column":3}}},"9":{"name":"(anonymous_9)","decl":{"start":{"line":115,"column":2},"end":{"line":115,"column":16}},"loc":{"start":{"line":115,"column":16},"end":{"line":117,"column":3}}},"10":{"name":"(anonymous_10)","decl":{"start":{"line":119,"column":2},"end":{"line":119,"column":13}},"loc":{"start":{"line":119,"column":13},"end":{"line":121,"column":3}}},"11":{"name":"(anonymous_11)","decl":{"start":{"line":123,"column":2},"end":{"line":123,"column":12}},"loc":{"start":{"line":123,"column":12},"end":{"line":125,"column":3}}},"12":{"name":"(anonymous_12)","decl":{"start":{"line":140,"column":2},"end":{"line":140,"column":14}},"loc":{"start":{"line":140,"column":33},"end":{"line":143,"column":3}}},"13":{"name":"(anonymous_13)","decl":{"start":{"line":145,"column":2},"end":{"line":145,"column":12}},"loc":{"start":{"line":148,"column":17},"end":{"line":186,"column":3}}},"14":{"name":"(anonymous_14)","decl":{"start":{"line":152,"column":23},"end":{"line":152,"column":24}},"loc":{"start":{"line":152,"column":43},"end":{"line":185,"column":5}}},"15":{"name":"(anonymous_15)","decl":{"start":{"line":160,"column":24},"end":{"line":160,"column":25}},"loc":{"start":{"line":160,"column":36},"end":{"line":163,"column":9}}},"16":{"name":"(anonymous_16)","decl":{"start":{"line":166,"column":23},"end":{"line":166,"column":24}},"loc":{"start":{"line":166,"column":33},"end":{"line":169,"column":9}}},"17":{"name":"(anonymous_17)","decl":{"start":{"line":172,"column":40},"end":{"line":172,"column":43}},"loc":{"start":{"line":172,"column":45},"end":{"line":174,"column":9}}},"18":{"name":"(anonymous_18)","decl":{"start":{"line":188,"column":10},"end":{"line":188,"column":22}},"loc":{"start":{"line":188,"column":34},"end":{"line":201,"column":3}}},"19":{"name":"(anonymous_19)","decl":{"start":{"line":203,"column":2},"end":{"line":203,"column":7}},"loc":{"start":{"line":203,"column":7},"end":{"line":209,"column":3}}},"20":{"name":"initPerformanceOptimizations","decl":{"start":{"line":219,"column":16},"end":{"line":219,"column":44}},"loc":{"start":{"line":219,"column":86},"end":{"line":234,"column":1}}},"21":{"name":"(anonymous_21)","decl":{"start":{"line":229,"column":50},"end":{"line":229,"column":51}},"loc":{"start":{"line":229,"column":102},"end":{"line":233,"column":3}}},"22":{"name":"savePerformanceConfig","decl":{"start":{"line":237,"column":16},"end":{"line":237,"column":37}},"loc":{"start":{"line":237,"column":75},"end":{"line":240,"column":1}}},"23":{"name":"getPerformanceMetrics","decl":{"start":{"line":243,"column":16},"end":{"line":243,"column":37}},"loc":{"start":{"line":243,"column":37},"end":{"line":245,"column":1}}},"24":{"name":"resetPerformanceMetrics","decl":{"start":{"line":248,"column":16},"end":{"line":248,"column":39}},"loc":{"start":{"line":248,"column":39},"end":{"line":250,"column":1}}},"25":{"name":"retryWithBackoff","decl":{"start":{"line":253,"column":22},"end":{"line":253,"column":38}},"loc":{"start":{"line":256,"column":40},"end":{"line":296,"column":1}}},"26":{"name":"(anonymous_26)","decl":{"start":{"line":289,"column":26},"end":{"line":289,"column":33}},"loc":{"start":{"line":289,"column":37},"end":{"line":289,"column":63}}}},"branchMap":{"0":{"loc":{"start":{"line":39,"column":4},"end":{"line":43,"column":5}},"type":"if","locations":[{"start":{"line":39,"column":4},"end":{"line":43,"column":5}}]},"1":{"loc":{"start":{"line":49,"column":4},"end":{"line":63,"column":5}},"type":"if","locations":[{"start":{"line":49,"column":4},"end":{"line":63,"column":5}}]},"2":{"loc":{"start":{"line":54,"column":8},"end":{"line":57,"column":9}},"type":"if","locations":[{"start":{"line":54,"column":8},"end":{"line":57,"column":9}}]},"3":{"loc":{"start":{"line":60,"column":6},"end":{"line":62,"column":7}},"type":"if","locations":[{"start":{"line":60,"column":6},"end":{"line":62,"column":7}}]},"4":{"loc":{"start":{"line":153,"column":6},"end":{"line":184,"column":7}},"type":"if","locations":[{"start":{"line":153,"column":6},"end":{"line":184,"column":7}},{"start":{"line":170,"column":13},"end":{"line":184,"column":7}}]},"5":{"loc":{"start":{"line":190,"column":4},"end":{"line":190,"column":23}},"type":"if","locations":[{"start":{"line":190,"column":4},"end":{"line":190,"column":23}}]},"6":{"loc":{"start":{"line":230,"column":4},"end":{"line":232,"column":5}},"type":"if","locations":[{"start":{"line":230,"column":4},"end":{"line":232,"column":5}}]},"7":{"loc":{"start":{"line":255,"column":2},"end":{"line":255,"column":40}},"type":"default-arg","locations":[{"start":{"line":255,"column":23},"end":{"line":255,"column":40}}]},"8":{"loc":{"start":{"line":256,"column":2},"end":{"line":256,"column":40}},"type":"default-arg","locations":[{"start":{"line":256,"column":23},"end":{"line":256,"column":40}}]},"9":{"loc":{"start":{"line":266,"column":6},"end":{"line":269,"column":7}},"type":"if","locations":[{"start":{"line":266,"column":6},"end":{"line":269,"column":7}}]},"10":{"loc":{"start":{"line":273,"column":6},"end":{"line":275,"column":7}},"type":"if","locations":[{"start":{"line":273,"column":6},"end":{"line":275,"column":7}}]},"11":{"loc":{"start":{"line":277,"column":18},"end":{"line":277,"column":75}},"type":"cond-expr","locations":[{"start":{"line":277,"column":43},"end":{"line":277,"column":48}},{"start":{"line":277,"column":51},"end":{"line":277,"column":75}}]},"12":{"loc":{"start":{"line":279,"column":6},"end":{"line":290,"column":7}},"type":"if","locations":[{"start":{"line":279,"column":6},"end":{"line":290,"column":7}}]},"13":{"loc":{"start":{"line":284,"column":8},"end":{"line":286,"column":9}},"type":"if","locations":[{"start":{"line":284,"column":8},"end":{"line":286,"column":9}}]}},"s":{"0":0,"1":0,"2":0,"3":0,"4":0,"5":0,"6":0,"7":0,"8":0,"9":0,"10":0,"11":0,"12":0,"13":0,"14":0,"15":0,"16":0,"17":0,"18":0,"19":0,"20":0,"21":0,"22":0,"23":0,"24":0,"25":0,"26":0,"27":0,"28":0,"29":0,"30":0,"31":0,"32":0,"33":0,"34":0,"35":0,"36":0,"37":0,"38":0,"39":0,"40":0,"41":0,"42":0,"43":0,"44":0,"45":0,"46":0,"47":0,"48":0,"49":0,"50":0,"51":0,"52":0,"53":0,"54":0,"55":0,"56":0,"57":0,"58":0,"59":0,"60":0,"61":0,"62":0,"63":0,"64":0,"65":0,"66":0,"67":0,"68":0,"69":0,"70":0,"71":0,"72":0,"73":0,"74":0,"75":0,"76":0,"77":0,"78":0,"79":0,"80":0,"81":0,"82":0,"83":0,"84":0,"85":0,"86":0,"87":0,"88":0,"89":0,"90":0,"91":0,"92":0},"f":{"0":0,"1":0,"2":0,"3":0,"4":0,"5":0,"6":0,"7":0,"8":0,"9":0,"10":0,"11":0,"12":0,"13":0,"14":0,"15":0,"16":0,"17":0,"18":0,"19":0,"20":0,"21":0,"22":0,"23":0,"24":0,"25":0,"26":0},"b":{"0":[0],"1":[0],"2":[0],"3":[0],"4":[0,0],"5":[0],"6":[0],"7":[0],"8":[0],"9":[0],"10":[0],"11":[0,0],"12":[0],"13":[0]}}
,"/Users/garammasala/Desktop/TTS Extension/src/popup.ts": {"path":"/Users/garammasala/Desktop/TTS Extension/src/popup.ts","statementMap":{"0":{"start":{"line":2,"column":0},"end":{"line":2,"column":72}},"1":{"start":{"line":5,"column":0},"end":{"line":122,"column":3}},"2":{"start":{"line":7,"column":24},"end":{"line":7,"column":77}},"3":{"start":{"line":8,"column":29},"end":{"line":8,"column":87}},"4":{"start":{"line":9,"column":25},"end":{"line":9,"column":79}},"5":{"start":{"line":10,"column":24},"end":{"line":10,"column":83}},"6":{"start":{"line":11,"column":22},"end":{"line":11,"column":73}},"7":{"start":{"line":12,"column":23},"end":{"line":12,"column":80}},"8":{"start":{"line":13,"column":23},"end":{"line":13,"column":75}},"9":{"start":{"line":14,"column":25},"end":{"line":14,"column":100}},"10":{"start":{"line":15,"column":28},"end":{"line":15,"column":88}},"11":{"start":{"line":16,"column":24},"end":{"line":16,"column":80}},"12":{"start":{"line":17,"column":21},"end":{"line":17,"column":74}},"13":{"start":{"line":18,"column":22},"end":{"line":18,"column":76}},"14":{"start":{"line":19,"column":20},"end":{"line":19,"column":72}},"15":{"start":{"line":20,"column":20},"end":{"line":20,"column":72}},"16":{"start":{"line":21,"column":24},"end":{"line":21,"column":80}},"17":{"start":{"line":22,"column":28},"end":{"line":22,"column":90}},"18":{"start":{"line":23,"column":29},"end":{"line":23,"column":104}},"19":{"start":{"line":24,"column":30},"end":{"line":24,"column":90}},"20":{"start":{"line":25,"column":25},"end":{"line":25,"column":80}},"21":{"start":{"line":26,"column":26},"end":{"line":26,"column":79}},"22":{"start":{"line":27,"column":24},"end":{"line":27,"column":75}},"23":{"start":{"line":28,"column":28},"end":{"line":28,"column":85}},"24":{"start":{"line":29,"column":28},"end":{"line":29,"column":85}},"25":{"start":{"line":30,"column":24},"end":{"line":30,"column":83}},"26":{"start":{"line":33,"column":31},"end":{"line":61,"column":6}},"27":{"start":{"line":50,"column":12},"end":{"line":53,"column":15}},"28":{"start":{"line":51,"column":36},"end":{"line":51,"column":75}},"29":{"start":{"line":52,"column":16},"end":{"line":52,"column":103}},"30":{"start":{"line":63,"column":4},"end":{"line":63,"column":21}},"31":{"start":{"line":66,"column":34},"end":{"line":81,"column":5}},"32":{"start":{"line":67,"column":8},"end":{"line":67,"column":52}},"33":{"start":{"line":68,"column":8},"end":{"line":80,"column":11}},"34":{"start":{"line":69,"column":12},"end":{"line":69,"column":51}},"35":{"start":{"line":70,"column":12},"end":{"line":70,"column":39}},"36":{"start":{"line":71,"column":12},"end":{"line":79,"column":15}},"37":{"start":{"line":72,"column":31},"end":{"line":72,"column":63}},"38":{"start":{"line":73,"column":16},"end":{"line":73,"column":60}},"39":{"start":{"line":74,"column":16},"end":{"line":74,"column":93}},"40":{"start":{"line":75,"column":16},"end":{"line":75,"column":53}},"41":{"start":{"line":76,"column":16},"end":{"line":76,"column":66}},"42":{"start":{"line":77,"column":16},"end":{"line":77,"column":83}},"43":{"start":{"line":78,"column":16},"end":{"line":78,"column":48}},"44":{"start":{"line":84,"column":4},"end":{"line":84,"column":28}},"45":{"start":{"line":87,"column":33},"end":{"line":103,"column":5}},"46":{"start":{"line":88,"column":8},"end":{"line":88,"column":63}},"47":{"start":{"line":89,"column":8},"end":{"line":102,"column":9}},"48":{"start":{"line":90,"column":12},"end":{"line":90,"column":42}},"49":{"start":{"line":92,"column":35},"end":{"line":92,"column":81}},"50":{"start":{"line":93,"column":12},"end":{"line":101,"column":13}},"51":{"start":{"line":94,"column":16},"end":{"line":94,"column":64}},"52":{"start":{"line":95,"column":16},"end":{"line":100,"column":30}},"53":{"start":{"line":106,"column":4},"end":{"line":119,"column":7}},"54":{"start":{"line":107,"column":23},"end":{"line":107,"column":47}},"55":{"start":{"line":108,"column":8},"end":{"line":118,"column":9}},"56":{"start":{"line":109,"column":12},"end":{"line":114,"column":15}},"57":{"start":{"line":110,"column":16},"end":{"line":110,"column":88}},"58":{"start":{"line":111,"column":16},"end":{"line":111,"column":73}},"59":{"start":{"line":112,"column":16},"end":{"line":112,"column":59}},"60":{"start":{"line":113,"column":16},"end":{"line":113,"column":75}},"61":{"start":{"line":113,"column":35},"end":{"line":113,"column":65}},"62":{"start":{"line":116,"column":12},"end":{"line":116,"column":71}},"63":{"start":{"line":117,"column":12},"end":{"line":117,"column":53}}},"fnMap":{"0":{"name":"(anonymous_0)","decl":{"start":{"line":5,"column":46},"end":{"line":5,"column":49}},"loc":{"start":{"line":5,"column":51},"end":{"line":122,"column":1}}},"1":{"name":"(anonymous_1)","decl":{"start":{"line":43,"column":32},"end":{"line":43,"column":33}},"loc":{"start":{"line":43,"column":63},"end":{"line":45,"column":9}}},"2":{"name":"(anonymous_2)","decl":{"start":{"line":46,"column":32},"end":{"line":46,"column":33}},"loc":{"start":{"line":46,"column":63},"end":{"line":48,"column":9}}},"3":{"name":"(anonymous_3)","decl":{"start":{"line":49,"column":28},"end":{"line":49,"column":29}},"loc":{"start":{"line":49,"column":53},"end":{"line":54,"column":9}}},"4":{"name":"(anonymous_4)","decl":{"start":{"line":50,"column":33},"end":{"line":50,"column":39}},"loc":{"start":{"line":50,"column":42},"end":{"line":53,"column":13}}},"5":{"name":"(anonymous_5)","decl":{"start":{"line":55,"column":24},"end":{"line":55,"column":25}},"loc":{"start":{"line":55,"column":64},"end":{"line":57,"column":9}}},"6":{"name":"(anonymous_6)","decl":{"start":{"line":58,"column":28},"end":{"line":58,"column":29}},"loc":{"start":{"line":58,"column":66},"end":{"line":60,"column":9}}},"7":{"name":"(anonymous_7)","decl":{"start":{"line":66,"column":34},"end":{"line":66,"column":37}},"loc":{"start":{"line":66,"column":39},"end":{"line":81,"column":5}}},"8":{"name":"(anonymous_8)","decl":{"start":{"line":68,"column":29},"end":{"line":68,"column":30}},"loc":{"start":{"line":68,"column":40},"end":{"line":80,"column":9}}},"9":{"name":"(anonymous_9)","decl":{"start":{"line":71,"column":27},"end":{"line":71,"column":28}},"loc":{"start":{"line":71,"column":37},"end":{"line":79,"column":13}}},"10":{"name":"(anonymous_10)","decl":{"start":{"line":87,"column":33},"end":{"line":87,"column":34}},"loc":{"start":{"line":87,"column":55},"end":{"line":103,"column":5}}},"11":{"name":"(anonymous_11)","decl":{"start":{"line":106,"column":47},"end":{"line":106,"column":50}},"loc":{"start":{"line":106,"column":52},"end":{"line":119,"column":5}}},"12":{"name":"(anonymous_12)","decl":{"start":{"line":109,"column":63},"end":{"line":109,"column":66}},"loc":{"start":{"line":109,"column":68},"end":{"line":114,"column":13}}},"13":{"name":"(anonymous_13)","decl":{"start":{"line":113,"column":27},"end":{"line":113,"column":30}},"loc":{"start":{"line":113,"column":32},"end":{"line":113,"column":67}}}},"branchMap":{"0":{"loc":{"start":{"line":51,"column":47},"end":{"line":51,"column":74}},"type":"binary-expr","locations":[{"start":{"line":51,"column":47},"end":{"line":51,"column":67}},{"start":{"line":51,"column":71},"end":{"line":51,"column":74}}]},"1":{"loc":{"start":{"line":73,"column":31},"end":{"line":73,"column":59}},"type":"binary-expr","locations":[{"start":{"line":73,"column":31},"end":{"line":73,"column":46}},{"start":{"line":73,"column":50},"end":{"line":73,"column":59}}]},"2":{"loc":{"start":{"line":74,"column":40},"end":{"line":74,"column":74}},"type":"binary-expr","locations":[{"start":{"line":74,"column":40},"end":{"line":74,"column":55}},{"start":{"line":74,"column":59},"end":{"line":74,"column":74}}]},"3":{"loc":{"start":{"line":76,"column":40},"end":{"line":76,"column":65}},"type":"binary-expr","locations":[{"start":{"line":76,"column":40},"end":{"line":76,"column":52}},{"start":{"line":76,"column":56},"end":{"line":76,"column":65}}]},"4":{"loc":{"start":{"line":77,"column":38},"end":{"line":77,"column":82}},"type":"cond-expr","locations":[{"start":{"line":77,"column":58},"end":{"line":77,"column":69}},{"start":{"line":77,"column":72},"end":{"line":77,"column":82}}]},"5":{"loc":{"start":{"line":89,"column":8},"end":{"line":102,"column":9}},"type":"if","locations":[{"start":{"line":89,"column":8},"end":{"line":102,"column":9}}]},"6":{"loc":{"start":{"line":93,"column":12},"end":{"line":101,"column":13}},"type":"if","locations":[{"start":{"line":93,"column":12},"end":{"line":101,"column":13}}]},"7":{"loc":{"start":{"line":97,"column":30},"end":{"line":97,"column":67}},"type":"binary-expr","locations":[{"start":{"line":97,"column":30},"end":{"line":97,"column":61}},{"start":{"line":97,"column":65},"end":{"line":97,"column":67}}]},"8":{"loc":{"start":{"line":98,"column":28},"end":{"line":98,"column":63}},"type":"binary-expr","locations":[{"start":{"line":98,"column":28},"end":{"line":98,"column":57}},{"start":{"line":98,"column":61},"end":{"line":98,"column":63}}]},"9":{"loc":{"start":{"line":99,"column":26},"end":{"line":99,"column":59}},"type":"binary-expr","locations":[{"start":{"line":99,"column":26},"end":{"line":99,"column":53}},{"start":{"line":99,"column":57},"end":{"line":99,"column":59}}]},"10":{"loc":{"start":{"line":108,"column":8},"end":{"line":118,"column":9}},"type":"if","locations":[{"start":{"line":108,"column":8},"end":{"line":118,"column":9}},{"start":{"line":115,"column":15},"end":{"line":118,"column":9}}]}},"s":{"0":0,"1":0,"2":0,"3":0,"4":0,"5":0,"6":0,"7":0,"8":0,"9":0,"10":0,"11":0,"12":0,"13":0,"14":0,"15":0,"16":0,"17":0,"18":0,"19":0,"20":0,"21":0,"22":0,"23":0,"24":0,"25":0,"26":0,"27":0,"28":0,"29":0,"30":0,"31":0,"32":0,"33":0,"34":0,"35":0,"36":0,"37":0,"38":0,"39":0,"40":0,"41":0,"42":0,"43":0,"44":0,"45":0,"46":0,"47":0,"48":0,"49":0,"50":0,"51":0,"52":0,"53":0,"54":0,"55":0,"56":0,"57":0,"58":0,"59":0,"60":0,"61":0,"62":0,"63":0},"f":{"0":0,"1":0,"2":0,"3":0,"4":0,"5":0,"6":0,"7":0,"8":0,"9":0,"10":0,"11":0,"12":0,"13":0},"b":{"0":[0,0],"1":[0,0],"2":[0,0],"3":[0,0],"4":[0,0],"5":[0],"6":[0],"7":[0,0],"8":[0,0],"9":[0,0],"10":[0,0]}}
,"/Users/garammasala/Desktop/TTS Extension/src/pronunciation_dictionary.ts": {"path":"/Users/garammasala/Desktop/TTS Extension/src/pronunciation_dictionary.ts","statementMap":{"0":{"start":{"line":36,"column":0},"end":{"line":36,"column":16}},"1":{"start":{"line":75,"column":0},"end":{"line":75,"column":16}},"2":{"start":{"line":106,"column":0},"end":{"line":106,"column":16}},"3":{"start":{"line":111,"column":0},"end":{"line":111,"column":16}},"4":{"start":{"line":116,"column":0},"end":{"line":116,"column":16}},"5":{"start":{"line":17,"column":13},"end":{"line":33,"column":2}},"6":{"start":{"line":41,"column":2},"end":{"line":41,"column":41}},"7":{"start":{"line":41,"column":29},"end":{"line":41,"column":41}},"8":{"start":{"line":43,"column":22},"end":{"line":43,"column":26}},"9":{"start":{"line":45,"column":2},"end":{"line":64,"column":5}},"10":{"start":{"line":47,"column":4},"end":{"line":49,"column":5}},"11":{"start":{"line":48,"column":6},"end":{"line":48,"column":13}},"12":{"start":{"line":51,"column":4},"end":{"line":63,"column":5}},"13":{"start":{"line":53,"column":6},"end":{"line":58,"column":7}},"14":{"start":{"line":54,"column":22},"end":{"line":54,"column":57}},"15":{"start":{"line":55,"column":8},"end":{"line":55,"column":76}},"16":{"start":{"line":57,"column":8},"end":{"line":57,"column":90}},"17":{"start":{"line":61,"column":20},"end":{"line":61,"column":80}},"18":{"start":{"line":62,"column":6},"end":{"line":62,"column":74}},"19":{"start":{"line":66,"column":2},"end":{"line":66,"column":23}},"20":{"start":{"line":71,"column":2},"end":{"line":71,"column":55}},"21":{"start":{"line":76,"column":2},"end":{"line":102,"column":3}},"22":{"start":{"line":77,"column":19},"end":{"line":77,"column":41}},"23":{"start":{"line":80,"column":4},"end":{"line":82,"column":5}},"24":{"start":{"line":81,"column":6},"end":{"line":81,"column":77}},"25":{"start":{"line":85,"column":4},"end":{"line":93,"column":7}},"26":{"start":{"line":86,"column":6},"end":{"line":88,"column":7}},"27":{"start":{"line":87,"column":8},"end":{"line":87,"column":100}},"28":{"start":{"line":90,"column":6},"end":{"line":92,"column":7}},"29":{"start":{"line":91,"column":8},"end":{"line":91,"column":75}},"30":{"start":{"line":95,"column":4},"end":{"line":98,"column":6}},"31":{"start":{"line":100,"column":4},"end":{"line":100,"column":52}},"32":{"start":{"line":101,"column":4},"end":{"line":101,"column":16}},"33":{"start":{"line":107,"column":2},"end":{"line":107,"column":45}},"34":{"start":{"line":112,"column":2},"end":{"line":112,"column":68}},"35":{"start":{"line":117,"column":2},"end":{"line":120,"column":5}},"36":{"start":{"line":118,"column":23},"end":{"line":118,"column":75}},"37":{"start":{"line":119,"column":4},"end":{"line":119,"column":25}}},"fnMap":{"0":{"name":"applyPronunciationDictionary","decl":{"start":{"line":36,"column":16},"end":{"line":36,"column":44}},"loc":{"start":{"line":39,"column":23},"end":{"line":67,"column":1}}},"1":{"name":"(anonymous_1)","decl":{"start":{"line":45,"column":29},"end":{"line":45,"column":34}},"loc":{"start":{"line":45,"column":37},"end":{"line":64,"column":3}}},"2":{"name":"escapeRegExp","decl":{"start":{"line":70,"column":9},"end":{"line":70,"column":21}},"loc":{"start":{"line":70,"column":36},"end":{"line":72,"column":1}}},"3":{"name":"importDictionary","decl":{"start":{"line":75,"column":16},"end":{"line":75,"column":32}},"loc":{"start":{"line":75,"column":51},"end":{"line":103,"column":1}}},"4":{"name":"(anonymous_4)","decl":{"start":{"line":85,"column":27},"end":{"line":85,"column":28}},"loc":{"start":{"line":85,"column":42},"end":{"line":93,"column":5}}},"5":{"name":"exportDictionary","decl":{"start":{"line":106,"column":16},"end":{"line":106,"column":32}},"loc":{"start":{"line":106,"column":68},"end":{"line":108,"column":1}}},"6":{"name":"saveDictionary","decl":{"start":{"line":111,"column":16},"end":{"line":111,"column":30}},"loc":{"start":{"line":111,"column":66},"end":{"line":113,"column":1}}},"7":{"name":"loadDicti
[...]
:{"line":182,"column":7}},"77":{"start":{"line":178,"column":8},"end":{"line":181,"column":9}},"78":{"start":{"line":179,"column":12},"end":{"line":179,"column":46}},"79":{"start":{"line":180,"column":12},"end":{"line":180,"column":44}}},"fnMap":{"0":{"name":"(anonymous_0)","decl":{"start":{"line":12,"column":1},"end":{"line":12,"column":null}},"loc":{"start":{"line":12,"column":1},"end":{"line":183,"column":1}}},"1":{"name":"addHighlightStyles","decl":{"start":{"line":32,"column":13},"end":{"line":32,"column":31}},"loc":{"start":{"line":32,"column":52},"end":{"line":43,"column":5}}},"2":{"name":"clearHighlights","decl":{"start":{"line":49,"column":13},"end":{"line":49,"column":28}},"loc":{"start":{"line":49,"column":28},"end":{"line":64,"column":5}}},"3":{"name":"(anonymous_3)","decl":{"start":{"line":50,"column":112},"end":{"line":50,"column":114}},"loc":{"start":{"line":50,"column":117},"end":{"line":63,"column":9}}},"4":{"name":"findTextInView","decl":{"start":{"line":67,"column":13},"end":{"line":67,"column":27}},"loc":{"start":{"line":67,"column":46},"end":{"line":102,"column":5}}},"5":{"name":"(anonymous_5)","decl":{"start":{"line":73,"column":28},"end":{"line":73,"column":37}},"loc":{"start":{"line":73,"column":47},"end":{"line":83,"column":17}}},"6":{"name":"highlightText","decl":{"start":{"line":105,"column":13},"end":{"line":105,"column":26}},"loc":{"start":{"line":105,"column":94},"end":{"line":146,"column":5}}},"7":{"name":"(anonymous_7)","decl":{"start":{"line":115,"column":24},"end":{"line":115,"column":29}},"loc":{"start":{"line":115,"column":32},"end":{"line":145,"column":9}}},"8":{"name":"highlightSpokenText","decl":{"start":{"line":149,"column":13},"end":{"line":149,"column":32}},"loc":{"start":{"line":149,"column":45},"end":{"line":162,"column":5}}},"9":{"name":"(anonymous_9)","decl":{"start":{"line":153,"column":24},"end":{"line":153,"column":29}},"loc":{"start":{"line":153,"column":32},"end":{"line":161,"column":9}}},"10":{"name":"(anonymous_10)","decl":{"start":{"line":165,"column":41},"end":{"line":165,"column":42}},"loc":{"start":{"line":165,"column":192},"end":{"line":174,"column":5}}},"11":{"name":"(anonymous_11)","decl":{"start":{"line":177,"column":41},"end":{"line":177,"column":42}},"loc":{"start":{"line":177,"column":75},"end":{"line":182,"column":5}}}},"branchMap":{"0":{"loc":{"start":{"line":32,"column":32},"end":{"line":32,"column":52}},"type":"default-arg","locations":[{"start":{"line":32,"column":46},"end":{"line":32,"column":52}}]},"1":{"loc":{"start":{"line":34,"column":8},"end":{"line":37,"column":9}},"type":"if","locations":[{"start":{"line":34,"column":8},"end":{"line":37,"column":9}}]},"2":{"loc":{"start":{"line":51,"column":12},"end":{"line":62,"column":13}},"type":"if","locations":[{"start":{"line":51,"column":12},"end":{"line":62,"column":13}},{"start":{"line":60,"column":19},"end":{"line":62,"column":13}}]},"3":{"loc":{"start":{"line":54,"column":16},"end":{"line":54,"column":36}},"type":"if","locations":[{"start":{"line":54,"column":16},"end":{"line":54,"column":36}}]},"4":{"loc":{"start":{"line":61,"column":31},"end":{"line":61,"column":51}},"type":"binary-expr","locations":[{"start":{"line":61,"column":31},"end":{"line":61,"column":45}},{"start":{"line":61,"column":49},"end":{"line":61,"column":51}}]},"5":{"loc":{"start":{"line":74,"column":20},"end":{"line":74,"column":79}},"type":"if","locations":[{"start":{"line":74,"column":20},"end":{"line":74,"column":79}}]},"6":{"loc":{"start":{"line":78,"column":27},"end":{"line":82,"column":78}},"type":"cond-expr","locations":[{"start":{"line":82,"column":27},"end":{"line":82,"column":51}},{"start":{"line":82,"column":54},"end":{"line":82,"column":78}}]},"7":{"loc":{"start":{"line":78,"column":27},"end":{"line":81,"column":70}},"type":"binary-expr","locations":[{"start":{"line":78,"column":27},"end":{"line":78,"column":51}},{"start":{"line":79,"column":27},"end":{"line":79,"column":56}},{"start":{"line":80,"column":27},"end":{"line":80,"column":60}},{"start":{"line":81,"column":27},"end":{"line":81,"column":43}},{"start":{"line":81,"column":47},"end":{"line":81,"column":70}}]},"8":{"loc":{"start":{"line":89,"column":29},"end":{"line":89,"column":58}},"type":"binary-expr","locations":[{"start":{"line":89,"column":29},"end":{"line":89,"column":52}},{"start":{"line":89,"column":56},"end":{"line":89,"column":58}}]},"9":{"loc":{"start":{"line":92,"column":12},"end":{"line":98,"column":13}},"type":"if","locations":[{"start":{"line":92,"column":12},"end":{"line":98,"column":13}}]},"10":{"loc":{"start":{"line":105,"column":41},"end":{"line":105,"column":94}},"type":"default-arg","locations":[{"start":{"line":105,"column":69},"end":{"line":105,"column":94}}]},"11":{"loc":{"start":{"line":111,"column":8},"end":{"line":111,"column":46}},"type":"if","locations":[{"start":{"line":111,"column":8},"end":{"line":111,"column":46}}]},"12":{"loc":{"start":{"line":111,"column":12},"end":{"line":111,"column":37}},"type":"binary-expr","locations":[{"start":{"line":111,"column":12},"end":{"line":111,"column":17}},{"start":{"line":111,"column":21},"end":{"line":111,"column":37}}]},"13":{"loc":{"start":{"line":118,"column":12},"end":{"line":118,"column":32}},"type":"if","locations":[{"start":{"line":118,"column":12},"end":{"line":118,"column":32}}]},"14":{"loc":{"start":{"line":121,"column":41},"end":{"line":121,"column":110}},"type":"cond-expr","locations":[{"start":{"line":121,"column":67},"end":{"line":121,"column":87}},{"start":{"line":121,"column":90},"end":{"line":121,"column":110}}]},"15":{"loc":{"start":{"line":124,"column":31},"end":{"line":124,"column":85}},"type":"binary-expr","locations":[{"start":{"line":124,"column":31},"end":{"line":124,"column":79}},{"start":{"line":124,"column":83},"end":{"line":124,"column":85}}]},"16":{"loc":{"start":{"line":125,"column":34},"end":{"line":125,"column":101}},"type":"binary-expr","locations":[{"start":{"line":125,"column":34},"end":{"line":125,"column":95}},{"start":{"line":125,"column":99},"end":{"line":125,"column":101}}]},"17":{"loc":{"start":{"line":126,"column":30},"end":{"line":126,"column":79}},"type":"binary-expr","locations":[{"start":{"line":126,"column":30},"end":{"line":126,"column":73}},{"start":{"line":126,"column":77},"end":{"line":126,"column":79}}]},"18":{"loc":{"start":{"line":166,"column":8},"end":{"line":172,"column":9}},"type":"if","locations":[{"start":{"line":166,"column":8},"end":{"line":172,"column":9}},{"start":{"line":169,"column":15},"end":{"line":172,"column":9}}]},"19":{"loc":{"start":{"line":167,"column":26},"end":{"line":167,"column":44}},"type":"binary-expr","locations":[{"start":{"line":167,"column":26},"end":{"line":167,"column":38}},{"start":{"line":167,"column":42},"end":{"line":167,"column":44}}]},"20":{"loc":{"start":{"line":169,"column":15},"end":{"line":172,"column":9}},"type":"if","locations":[{"start":{"line":169,"column":15},"end":{"line":172,"column":9}}]},"21":{"loc":{"start":{"line":178,"column":8},"end":{"line":181,"column":9}},"type":"if","locations":[{"start":{"line":178,"column":8},"end":{"line":181,"column":9}}]},"22":{"loc":{"start":{"line":178,"column":12},"end":{"line":178,"column":62}},"type":"binary-expr","locations":[{"start":{"line":178,"column":12},"end":{"line":178,"column":46}},{"start":{"line":178,"column":50},"end":{"line":178,"column":62}}]}},"s":{"0":0,"1":0,"2":0,"3":0,"4":0,"5":0,"6":0,"7":0,"8":0,"9":0,"10":0,"11":0,"12":0,"13":0,"14":0,"15":0,"16":0,"17":0,"18":0,"19":0,"20":0,"21":0,"22":0,"23":0,"24":0,"25":0,"26":0,"27":0,"28":0,"29":0,"30":0,"31":0,"32":0,"33":0,"34":0,"35":0,"36":0,"37":0,"38":0,"39":0,"40":0,"41":0,"42":0,"43":0,"44":0,"45":0,"46":0,"47":0,"48":0,"49":0,"50":0,"51":0,"52":0,"53":0,"54":0,"55":0,"56":0,"57":0,"58":0,"59":0,"60":0,"61":0,"62":0,"63":0,"64":0,"65":0,"66":0,"67":0,"68":0,"69":0,"70":0,"71":0,"72":0,"73":0,"74":0,"75":0,"76":0,"77":0,"78":0,"79":0},"f":{"0":0,"1":0,"2":0,"3":0,"4":0,"5":0,"6":0,"7":0,"8":0,"9":0,"10":0,"11":0},"b":{"0":[0],"1":[0],"2":[0,0],"3":[0],"4":[0,0],"5":[0],"6":[0,0],"7":[0,0,0,0,0],"8":[0,0],"9":[0],"10":[0],"11":[0],"12":[0,0],"13":[0],"14":[0,0],"15":[0,0],"16":[0,0],"17":[0,0],"18":[0,0],"19":[0,0],"20":[0],"21":[0],"22":[0,0]}}
,"/Users/garammasala/Desktop/TTS Extension/src/types.d.ts": {"path":"/Users/garammasala/Desktop/TTS Extension/src/types.d.ts","statementMap":{},"fnMap":{},"branchMap":{},"s":{},"f":{},"b":{}}
,"/Users/garammasala/Desktop/TTS Extension/src/ui.ts": {"path":"/Users/garammasala/Desktop/TTS Extension/src/ui.ts","statementMap":{"0":{"start":{"line":28,"column":0},"end":{"line":28,"column":16}},"1":{"start":{"line":112,"column":0},"end":{"line":112,"column":16}},"2":{"start":{"line":132,"column":0},"end":{"line":132,"column":16}},"3":{"start":{"line":2,"column":0},"end":{"line":2,"column":86}},"4":{"start":{"line":44,"column":8},"end":{"line":44,"column":14}},"5":{"start":{"line":48,"column":8},"end":{"line":48,"column":47}},"6":{"start":{"line":49,"column":8},"end":{"line":49,"column":32}},"7":{"start":{"line":53,"column":8},"end":{"line":53,"column":47}},"8":{"start":{"line":56,"column":4},"end":{"line":56,"column":83}},"9":{"start":{"line":56,"column":25},"end":{"line":56,"column":83}},"10":{"start":{"line":58,"column":4},"end":{"line":60,"column":7}},"11":{"start":{"line":59,"column":8},"end":{"line":59,"column":116}},"12":{"start":{"line":59,"column":99},"end":{"line":59,"column":116}},"13":{"start":{"line":63,"column":4},"end":{"line":66,"column":5}},"14":{"start":{"line":64,"column":8},"end":{"line":64,"column":40}},"15":{"start":{"line":65,"column":8},"end":{"line":65,"column":51}},"16":{"start":{"line":68,"column":4},"end":{"line":68,"column":71}},"17":{"start":{"line":68,"column":32},"end":{"line":68,"column":71}},"18":{"start":{"line":69,"column":4},"end":{"line":69,"column":71}},"19":{"start":{"line":69,"column":32},"end":{"line":69,"column":71}},"20":{"start":{"line":73,"column":8},"end":{"line":73,"column":58}},"21":{"start":{"line":74,"column":8},"end":{"line":76,"column":9}},"22":{"start":{"line":75,"column":12},"end":{"line":75,"column":104}},"23":{"start":{"line":80,"column":21},"end":{"line":80,"column":41}},"24":{"start":{"line":81,"column":4},"end":{"line":81,"column":23}},"25":{"start":{"line":83,"column":4},"end":{"line":87,"column":7}},"26":{"start":{"line":84,"column":23},"end":{"line":84,"column":66}},"27":{"start":{"line":85,"column":8},"end":{"line":85,"column":35}},"28":{"start":{"line":86,"column":8},"end":{"line":86,"column":102}},"29":{"start":{"line":91,"column":8},"end":{"line":95,"column":9}},"30":{"start":{"line":92,"column":12},"end":{"line":92,"column":47}},"31":{"start":{"line":93,"column":12},"end":{"line":93,"column":83}},"32":{"start":{"line":94,"column":12},"end":{"line":94,"column":71}},"33":{"start":{"line":94,"column":31},"end":{"line":94,"column":61}},"34":{"start":{"line":97,"column":8},"end":{"line":99,"column":9}},"35":{"start":{"line":98,"column":12},"end":{"line":98,"column":49}},"36":{"start":{"line":103,"column":4},"end":{"line":109,"column":7}},"37":{"start":{"line":104,"column":25},"end":{"line":104,"column":65}},"38":{"start":{"line":105,"column":8},"end":{"line":108,"column":9}},"39":{"start":{"line":106,"column":13},"end":{"line":106,"column":68}},"40":{"start":{"line":107,"column":13},"end":{"line":107,"column":64}},"41":{"start":{"line":113,"column":4},"end":{"line":113,"column":34}},"42":{"start":{"line":113,"column":27},"end":{"line":113,"column":34}},"43":{"start":{"line":115,"column":47},"end":{"line":119,"column":6}},"44":{"start":{"line":121,"column":22},"end":{"line":121,"column":50}},"45":{"start":{"line":123,"column":4},"end":{"line":129,"column":6}},"46":{"start":{"line":141,"column":4},"end":{"line":169,"column":7}},"47":{"start":{"line":143,"column":8},"end":{"line":146,"column":9}},"48":{"start":{"line":145,"column":12},"end":{"line":145,"column":19}},"49":{"start":{"line":148,"column":8},"end":{"line":168,"column":9}},"50":{"start":{"line":150,"column":16},"end":{"line":150,"column":35}},"51":{"start":{"line":151,"column":16},"end":{"line":151,"column":33}},"52":{"start":{"line":152,"column":16},"end":{"line":152,"column":22}},"53":{"start":{"line":154,"column":16},"end":{"line":154,"column":33}},"54":{"start":{"line":155,"column":16},"end":{"line":155,"column":22}},"55":{"start":{"line":157,"column":16},"end":{"line":157,"column":33}},"56":{"start":{"line":158,"column":16},"end":{"line":158,"column":22}},"57":{"start":{"line":160,"column":16},"end":{"line":160,"column":37}},"58":{"start":{"line":161,"column":16},"end":{"line":161,"column":22}},"59":{"start":{"line":163,"column":16},"end":{"line":163,"column":37}},"60":{"start":{"line":164,"column":16},"end":{"line":164,"column":22}},"61":{"start":{"line":166,"column":16},"end":{"line":166,"column":42}},"62":{"start":{"line":167,"column":16},"end":{"line":167,"column":22}}},"fnMap":{"0":{"name":"initUI","decl":{"start":{"line":28,"column":16},"end":{"line":28,"column":22}},"loc":{"start":{"line":28,"column":39},"end":{"line":110,"column":1}}},"1":{"name":"showOnboarding","decl":{"start":{"line":47,"column":13},"end":{"line":47,"column":27}},"loc":{"start":{"line":47,"column":27},"end":{"line":50,"column":5}}},"2":{"name":"hideOnboarding","decl":{"start":{"line":52,"column":13},"end":{"line":52,"column":27}},"loc":{"start":{"line":52,"column":27},"end":{"line":54,"column":5}}},"3":{"name":"(anonymous_3)","decl":{"start":{"line":58,"column":39},"end":{"line":58,"column":40}},"loc":{"start":{"line":58,"column":60},"end":{"line":60,"column":5}}},"4":{"name":"setTheme","decl":{"start":{"line":72,"column":13},"end":{"line":72,"column":21}},"loc":{"start":{"line":72,"column":35},"end":{"line":77,"column":5}}},"5":{"name":"(anonymous_5)","decl":{"start":{"line":83,"column":57},"end":{"line":83,"column":60}},"loc":{"start":{"line":83,"column":62},"end":{"line":87,"column":5}}},"6":{"name":"showStatus","decl":{"start":{"line":90,"column":13},"end":{"line":90,"column":23}},"loc":{"start":{"line":90,"column":65},"end":{"line":100,"column":5}}},"7":{"name":"(anonymous_7)","decl":{"start":{"line":94,"column":23},"end":{"line":94,"column":26}},"loc":{"start":{"line":94,"column":28},"end":{"line":94,"column":63}}},"8":{"name":"(anonymous_8)","decl":{"start":{"line":103,"column":52},"end":{"line":103,"column":53}},"loc":{"start":{"line":103,"column":59},"end":{"line":109,"column":5}}},"9":{"name":"updateVoiceInfo","decl":{"start":{"line":112,"column":16},"end":{"line":112,"column":31}},"loc":{"start":{"line":112,"column":79},"end":{"line":130,"column":1}}},"10":{"name":"initShortcuts","decl":{"start":{"line":132,"column":16},"end":{"line":132,"column":29}},"loc":{"start":{"line":140,"column":1},"end":{"line":170,"column":1}}},"11":{"name":"(anonymous_11)","decl":{"start":{"line":141,"column":41},"end":{"line":141,"column":42}},"loc":{"start":{"line":141,"column":62},"end":{"line":169,"column":5}}}},"branchMap":{"0":{"loc":{"start":{"line":56,"column":4},"end":{"line":56,"column":83}},"type":"if","locations":[{"start":{"line":56,"column":4},"end":{"line":56,"column":83}}]},"1":{"loc":{"start":{"line":59,"column":8},"end":{"line":59,"column":116}},"type":"if","locations":[{"start":{"line":59,"column":8},"end":{"line":59,"column":116}}]},"2":{"loc":{"start":{"line":59,"column":12},"end":{"line":59,"column":97}},"type":"binary-expr","locations":[{"start":{"line":59,"column":12},"end":{"line":59,"column":52}},{"start":{"line":59,"column":57},"end":{"line":59,"column":75}},{"start":{"line":59,"column":79},"end":{"line":59,"column":96}}]},"3":{"loc":{"start":{"line":63,"column":4},"end":{"line":66,"column":5}},"type":"if","locations":[{"start":{"line":63,"column":4},"end":{"line":66,"column":5}}]},"4":{"loc":{"start":{"line":68,"column":4},"end":{"line":68,"column":71}},"type":"if","locations":[{"start":{"line":68,"column":4},"end":{"line":68,"column":71}}]},"5":{"loc":{"start":{"line":69,"column":4},"end":{"line":69,"column":71}},"type":"if","locations":[{"start":{"line":69,"column":4},"end":{"line":69,"column":71}}]},"6":{"loc":{"start":{"line":74,"column":8},"end":{"line":76,"column":9}},"type":"if","locations":[{"start":{"line":74,"column":8},"end":{"line":76,"column":9}}]},"7":{"loc":{"start":{"line":75,"column":36},"end":{"line":75,"column":103}},"type":"cond-expr","locations":[{"start":{"line":75,"column":43},"end":{"line":75,"column":71}},{"start":{"line":75,"column":74},"end":{"line":75,"column":103}}]},"8":{"loc":{"start":{"line":83,"column":4},"end":{"line":87,"column":6}},"type":"binary-expr","locations":[{"start":{"line":83,"column":4},"end":{"line":83,"column":15}},{"start":{"line":83,"column":19},"end":{"line":87,"column":6}}]},"9":{"loc":{"start":{"line":86,"column":32},"end":{"line":86,"column":101}},"type":"cond-expr","locations":[{"start":{"line":86,"column":41},"end":{"line":86,"column":69}},{"start":{"line":86,"column":72},"end":{"line":86,"column":101}}]},"10":{"loc":{"start":{"line":90,"column":41},"end":{"line":90,"column":65}},"type":"default-arg","locations":[{"start":{"line":90,"column":60},"end":{"line":90,"column":65}}]},"11":{"loc":{"start":{"line":91,"column":8},"end":{"line":95,"column":9}},"type":"if","locations":[{"start":{"line":91,"column":8},"end":{"line":95,"column":9}}]},"12":{"loc":{"start":{"line":93,"column":37},"end":{"line":93,"column":82}},"type":"cond-expr","locations":[{"start":{"line":93,"column":47},"end":{"line":93,"column":62}},{"start":{"line":93,"column":65},"end":{"line":93,"column":82}}]},"13":{"loc":{"start":{"line":97,"column":8},"end":{"line":99,"column":9}},"type":"if","locations":[{"start":{"line":97,"column":8},"end":{"line":99,"column":9}}]},"14":{"loc":{"start":{"line":105,"column":8},"end":{"line":108,"column":9}},"type":"if","locations":[{"start":{"line":105,"column":8},"end":{"line":108,"column":9}}]},"15":{"loc":{"start":{"line":113,"column":4},"end":{"line":113,"column":34}},"type":"if","locations":[{"start":{"line":113,"column":4},"end":{"line":113,"column":34}}]},"16":{"loc":{"start":{"line":121,"column":22},"end":{"line":121,"column":50}},"type":"binary-expr","locations":[{"start":{"line":121,"column":22},"end":{"line":121,"column":44}},{"start":{"line":121,"column":48},"end":{"line":121,"column":50}}]},"17":{"loc":{"start":{"line":143,"column":8},"end":{"line":146,"column":9}},"type":"if","locations":[{"start":{"line":143,"column":8},"end":{"line":146,"column":9}}]},"18":{"loc":{"start":{"line":143,"column":12},"end":{"line":144,"column":77}},"type":"binary-expr","locations":[{"start":{"line":143,"column":12},"end":{"line":143,"column":43}},{"start":{"line":144,"column":13},"end":{"line":144,"column":41}},{"start":{"line":144,"column":45},"end":{"line":144,"column":76}}]},"19":{"loc":{"start":{"line":148,"column":8},"end":{"line":168,"column":9}},"type":"switch","locations":[{"start":{"line":149,"column":12},"end":{"line":152,"column":22}},{"start":{"line":153,"column":12},"end":{"line":155,"column":22}},{"start":{"line":156,"column":12},"end":{"line":158,"column":22}},{"start":{"line":159,"column":12},"end":{"line":161,"column":22}},{"start":{"line":162,"column":12},"end":{"line":164,"column":22}},{"start":{"line":165,"column":12},"end":{"line":167,"column":22}}]}},"s":{"0":0,"1":0,"2":0,"3":0,"4":0,"5":0,"6":0,"7":0,"8":0,"9":0,"10":0,"11":0,"12":0,"13":0,"14":0,"15":0,"16":0,"17":0,"18":0,"19":0,"20":0,"21":0,"22":0,"23":0,"24":0,"25":0,"26":0,"27":0,"28":0,"29":0,"30":0,"31":0,"32":0,"33":0,"34":0,"35":0,"36":0,"37":0,"38":0,"39":0,"40":0,"41":0,"42":0,"43":0,"44":0,"45":0,"46":0,"47":0,"48":0,"49":0,"50":0,"51":0,"52":0,"53":0,"54":0,"55":0,"56":0,"57":0,"58":0,"59":0,"60":0,"61":0,"62":0},"f":{"0":0,"1":0,"2":0,"3":0,"4":0,"5":0,"6":0,"7":0,"8":0,"9":0,"10":0,"11":0},"b":{"0":[0],"1":[0],"2":[0,0,0],"3":[0],"4":[0],"5":[0],"6":[0],"7":[0,0],"8":[0,0],"9":[0,0],"10":[0],"11":[0],"12":[0,0],"13":[0],"14":[0],"15":[0],"16":[0,0],"17":[0],"18":[0,0,0],"19":[0,0,0,0,0,0]}}
}
