TN:
SF:src/audio_export.ts
FN:19,base64ToBlob
FN:39,createDownloadLink
FN:48,(anonymous_2)
FN:55,exportAudio
FN:68,splitIntoParagraphs
FN:72,(anonymous_5)
FN:73,(anonymous_6)
FN:77,saveExportOptions
FN:82,loadExportOptions
FN:83,(anonymous_9)
FNF:10
FNH:0
FNDA:0,base64ToBlob
FNDA:0,createDownloadLink
FNDA:0,(anonymous_2)
FNDA:0,exportAudio
FNDA:0,splitIntoParagraphs
FNDA:0,(anonymous_5)
FNDA:0,(anonymous_6)
FNDA:0,saveExportOptions
FNDA:0,loadExportOptions
FNDA:0,(anonymous_9)
DA:11,0
DA:20,0
DA:21,0
DA:23,0
DA:24,0
DA:25,0
DA:27,0
DA:28,0
DA:31,0
DA:32,0
DA:35,0
DA:40,0
DA:41,0
DA:42,0
DA:43,0
DA:46,0
DA:47,0
DA:48,0
DA:49,0
DA:50,0
DA:55,0
DA:56,0
DA:61,0
DA:62,0
DA:64,0
DA:68,0
DA:70,0
DA:72,0
DA:73,0
DA:77,0
DA:78,0
DA:82,0
DA:83,0
DA:84,0
DA:85,0
LF:35
LH:0
BRDA:84,0,0,0
BRDA:84,0,1,0
BRF:2
BRH:0
end_of_record
TN:
SF:src/background.ts
FN:61,(anonymous_0)
FN:67,loadApiKey
FN:68,(anonymous_2)
FN:82,splitTextIntoChunks
FN:119,callGoogleTTSAPI
FN:128,(anonymous_5)
FN:150,(anonymous_6)
FN:169,createAudioFromResponse
FN:175,synthesizeAndPlay
FN:202,(anonymous_9)
FN:203,(anonymous_10)
FN:239,startPlayback
FN:255,playCurrentChunk
FN:269,(anonymous_13)
FN:275,(anonymous_14)
FN:303,(anonymous_15)
FN:318,(anonymous_16)
FN:337,(anonymous_17)
FN:347,pausePlayback
FN:355,resumePlayback
FN:357,(anonymous_20)
FN:365,stopPlayback
FN:374,(anonymous_22)
FN:387,playNextChunk
FN:399,playPreviousChunk
FN:411,jumpToChunk
FN:423,(anonymous_26)
FN:488,(anonymous_27)
FN:507,(anonymous_28)
FN:510,(anonymous_29)
FNF:30
FNH:0
FNDA:0,(anonymous_0)
FNDA:0,loadApiKey
FNDA:0,(anonymous_2)
FNDA:0,splitTextIntoChunks
FNDA:0,callGoogleTTSAPI
FNDA:0,(anonymous_5)
FNDA:0,(anonymous_6)
FNDA:0,createAudioFromResponse
FNDA:0,synthesizeAndPlay
FNDA:0,(anonymous_9)
FNDA:0,(anonymous_10)
FNDA:0,startPlayback
FNDA:0,playCurrentChunk
FNDA:0,(anonymous_13)
FNDA:0,(anonymous_14)
FNDA:0,(anonymous_15)
FNDA:0,(anonymous_16)
FNDA:0,(anonymous_17)
FNDA:0,pausePlayback
FNDA:0,resumePlayback
FNDA:0,(anonymous_20)
FNDA:0,stopPlayback
FNDA:0,(anonymous_22)
FNDA:0,playNextChunk
FNDA:0,playPreviousChunk
FNDA:0,jumpToChunk
FNDA:0,(anonymous_26)
FNDA:0,(anonymous_27)
FNDA:0,(anonymous_28)
FNDA:0,(anonymous_29)
DA:5,0
DA:10,0
DA:11,0
DA:43,0
DA:44,0
DA:45,0
DA:46,0
DA:47,0
DA:48,0
DA:49,0
DA:50,0
DA:51,0
DA:58,0
DA:61,0
DA:62,0
DA:63,0
DA:68,0
DA:69,0
DA:70,0
DA:71,0
DA:73,0
DA:74,0
DA:79,0
DA:83,0
DA:84,0
DA:86,0
DA:88,0
DA:90,0
DA:91,0
DA:94,0
DA:95,0
DA:96,0
DA:98,0
DA:99,0
DA:100,0
DA:101,0
DA:103,0
DA:107,0
DA:110,0
DA:114,0
DA:115,0
DA:120,0
DA:123,0
DA:124,0
DA:127,0
DA:128,0
DA:129,0
DA:130,0
DA:134,0
DA:150,0
DA:151,0
DA:159,0
DA:160,0
DA:161,0
DA:164,0
DA:170,0
DA:171,0
DA:176,0
DA:177,0
DA:181,0
DA:185,0
DA:188,0
DA:191,0
DA:192,0
DA:193,0
DA:194,0
DA:196,0
DA:197,0
DA:198,0
DA:199,0
DA:202,0
DA:203,0
DA:204,0
DA:208,0
DA:212,0
DA:213,0
DA:214,0
DA:216,0
DA:226,0
DA:227,0
DA:230,0
DA:231,0
DA:240,0
DA:242,0
DA:243,0
DA:244,0
DA:247,0
DA:256,0
DA:257,0
DA:258,0
DA:259,0
DA:262,0
DA:263,0
DA:266,0
DA:269,0
DA:271,0
DA:272,0
DA:275,0
DA:277,0
DA:278,0
DA:281,0
DA:290,0
DA:292,0
DA:293,0
DA:296,0
DA:297,0
DA:298,0
DA:299,0
DA:301,0
DA:303,0
DA:304,0
DA:305,0
DA:318,0
DA:319,0
DA:320,0
DA:336,0
DA:337,0
DA:338,0
DA:339,0
DA:348,0
DA:349,0
DA:350,0
DA:356,0
DA:357,0
DA:358,0
DA:360,0
DA:366,0
DA:368,0
DA:369,0
DA:370,0
DA:374,0
DA:375,0
DA:376,0
DA:382,0
DA:383,0
DA:388,0
DA:389,0
DA:390,0
DA:393,0
DA:394,0
DA:400,0
DA:401,0
DA:402,0
DA:405,0
DA:406,0
DA:412,0
DA:413,0
DA:414,0
DA:417,0
DA:418,0
DA:423,0
DA:424,0
DA:426,0
DA:427,0
DA:430,0
DA:431,0
DA:433,0
DA:436,0
DA:437,0
DA:440,0
DA:441,0
DA:444,0
DA:445,0
DA:448,0
DA:449,0
DA:452,0
DA:453,0
DA:456,0
DA:457,0
DA:459,0
DA:462,0
DA:463,0
DA:466,0
DA:467,0
DA:470,0
DA:473,0
DA:481,0
DA:484,0
DA:488,0
DA:489,0
DA:490,0
DA:491,0
DA:492,0
DA:494,0
DA:495,0
DA:500,0
DA:507,0
DA:508,0
DA:510,0
DA:511,0
DA:512,0
DA:514,0
DA:516,0
LF:193
LH:0
BRDA:62,0,0,0
BRDA:69,1,0,0
BRDA:69,1,1,0
BRDA:71,2,0,0
BRDA:74,3,0,0
BRDA:90,4,0,0
BRDA:90,4,1,0
BRDA:91,5,0,0
BRDA:94,6,0,0
BRDA:94,6,1,0
BRDA:99,7,0,0
BRDA:99,7,1,0
BRDA:103,8,0,0
BRDA:103,8,1,0
BRDA:110,9,0,0
BRDA:110,9,1,0
BRDA:114,10,0,0
BRDA:129,11,0,0
BRDA:159,12,0,0
BRDA:161,13,0,0
BRDA:161,13,1,0
BRDA:176,14,0,0
BRDA:176,15,0,0
BRDA:176,15,1,0
BRDA:176,15,2,0
BRDA:179,16,0,0
BRDA:179,16,1,0
BRDA:226,17,0,0
BRDA:233,18,0,0
BRDA:233,18,1,0
BRDA:240,19,0,0
BRDA:240,20,0,0
BRDA:240,20,1,0
BRDA:256,21,0,0
BRDA:256,22,0,0
BRDA:256,22,1,0
BRDA:277,23,0,0
BRDA:290,24,0,0
BRDA:296,25,0,0
BRDA:296,25,1,0
BRDA:301,26,0,0
BRDA:304,27,0,0
BRDA:319,28,0,0
BRDA:348,29,0,0
BRDA:348,30,0,0
BRDA:348,30,1,0
BRDA:356,31,0,0
BRDA:356,32,0,0
BRDA:356,32,1,0
BRDA:368,33,0,0
BRDA:375,34,0,0
BRDA:388,35,0,0
BRDA:388,36,0,0
BRDA:388,36,1,0
BRDA:389,37,0,0
BRDA:400,38,0,0
BRDA:400,39,0,0
BRDA:400,39,1,0
BRDA:401,40,0,0
BRDA:412,41,0,0
BRDA:412,42,0,0
BRDA:412,42,1,0
BRDA:412,42,2,0
BRDA:413,43,0,0
BRDA:424,44,0,0
BRDA:424,44,1,0
BRDA:424,44,2,0
BRDA:424,44,3,0
BRDA:424,44,4,0
BRDA:424,44,5,0
BRDA:424,44,6,0
BRDA:424,44,7,0
BRDA:424,44,8,0
BRDA:424,44,9,0
BRDA:426,45,0,0
BRDA:430,46,0,0
BRDA:430,47,0,0
BRDA:430,47,1,0
BRDA:430,47,2,0
BRDA:456,48,0,0
BRDA:462,49,0,0
BRDA:466,50,0,0
BRDA:466,51,0,0
BRDA:466,51,1,0
BRDA:474,52,0,0
BRDA:474,52,1,0
BRDA:474,52,2,0
BRDA:475,53,0,0
BRDA:475,53,1,0
BRDA:475,53,2,0
BRDA:489,54,0,0
BRDA:489,55,0,0
BRDA:489,55,1,0
BRDA:491,56,0,0
BRDA:508,57,0,0
BRDA:508,58,0,0
BRDA:508,58,1,0
BRDA:511,59,0,0
BRDA:511,59,1,0
BRDA:512,60,0,0
BRDA:512,60,1,0
BRDA:514,61,0,0
BRDA:514,62,0,0
BRDA:514,62,1,0
BRF:104
BRH:0
end_of_record
TN:
SF:src/chrome.d.ts
FNF:0
FNH:0
LF:0
LH:0
BRF:0
BRH:0
end_of_record
TN:
SF:src/highlight.ts
FN:24,applyHighlightStyle
FN:48,generateHighlightCSS
FN:82,normalizeColor
FN:104,saveHighlightOptions
FN:109,loadHighlightOptions
FN:110,(anonymous_5)
FNF:6
FNH:0
FNDA:0,applyHighlightStyle
FNDA:0,generateHighlightCSS
FNDA:0,normalizeColor
FNDA:0,saveHighlightOptions
FNDA:0,loadHighlightOptions
FNDA:0,(anonymous_5)
DA:14,0
DA:24,0
DA:25,0
DA:27,0
DA:34,0
DA:35,0
DA:36,0
DA:38,0
DA:39,0
DA:41,0
DA:42,0
DA:44,0
DA:45,0
DA:48,0
DA:49,0
DA:51,0
DA:57,0
DA:82,0
DA:84,0
DA:85,0
DA:89,0
DA:90,0
DA:94,0
DA:95,0
DA:96,0
DA:97,0
DA:98,0
DA:100,0
DA:104,0
DA:105,0
DA:109,0
DA:110,0
DA:111,0
DA:112,0
LF:34
LH:0
BRDA:25,0,0,0
BRDA:35,1,0,0
BRDA:38,2,0,0
BRDA:41,3,0,0
BRDA:49,4,0,0
BRDA:60,5,0,0
BRDA:60,5,1,0
BRDA:61,6,0,0
BRDA:61,6,1,0
BRDA:62,7,0,0
BRDA:62,7,1,0
BRDA:68,8,0,0
BRDA:68,8,1,0
BRDA:69,9,0,0
BRDA:69,9,1,0
BRDA:70,10,0,0
BRDA:70,10,1,0
BRDA:84,11,0,0
BRDA:89,12,0,0
BRDA:111,13,0,0
BRDA:111,13,1,0
BRF:21
BRH:0
end_of_record
TN:
SF:src/language_detection.ts
FN:24,detectLanguage
FN:31,(anonymous_1)
FN:44,(anonymous_2)
FN:92,getVoiceForLanguage
FNF:4
FNH:4
FNDA:5,detectLanguage
FNDA:75,(anonymous_1)
FNDA:91,(anonymous_2)
FNDA:3,getVoiceForLanguage
DA:9,1
DA:24,1
DA:25,5
DA:28,5
DA:29,55
DA:31,55
DA:32,75
DA:33,75
DA:34,11
DA:39,55
DA:40,55
DA:44,91
DA:47,5
DA:49,4
DA:50,4
DA:55,1
DA:59,1
DA:92,1
DA:95,3
DA:96,3
LF:20
LH:20
BRDA:33,0,0,11
BRDA:47,1,0,4
BRDA:47,2,0,5
BRDA:47,2,1,5
BRDA:49,3,0,4
BRDA:49,4,0,4
BRDA:49,4,1,4
BRDA:92,5,0,1
BRF:8
BRH:8
end_of_record
TN:
SF:src/performance_optimization.ts
FN:32,(anonymous_0)
FN:37,(anonymous_1)
FN:47,(anonymous_2)
FN:68,(anonymous_3)
FN:85,(anonymous_4)
FN:89,(anonymous_5)
FN:101,(anonymous_6)
FN:107,(anonymous_7)
FN:111,(anonymous_8)
FN:115,(anonymous_9)
FN:119,(anonymous_10)
FN:123,(anonymous_11)
FN:140,(anonymous_12)
FN:145,(anonymous_13)
FN:152,(anonymous_14)
FN:160,(anonymous_15)
FN:166,(anonymous_16)
FN:172,(anonymous_17)
FN:188,(anonymous_18)
FN:203,(anonymous_19)
FN:219,initPerformanceOptimizations
FN:229,(anonymous_21)
FN:237,savePerformanceConfig
FN:243,getPerformanceMetrics
FN:248,resetPerformanceMetrics
FN:253,retryWithBackoff
FN:289,(anonymous_26)
FNF:27
FNH:0
FNDA:0,(anonymous_0)
FNDA:0,(anonymous_1)
FNDA:0,(anonymous_2)
FNDA:0,(anonymous_3)
FNDA:0,(anonymous_4)
FNDA:0,(anonymous_5)
FNDA:0,(anonymous_6)
FNDA:0,(anonymous_7)
FNDA:0,(anonymous_8)
FNDA:0,(anonymous_9)
FNDA:0,(anonymous_10)
FNDA:0,(anonymous_11)
FNDA:0,(anonymous_12)
FNDA:0,(anonymous_13)
FNDA:0,(anonymous_14)
FNDA:0,(anonymous_15)
FNDA:0,(anonymous_16)
FNDA:0,(anonymous_17)
FNDA:0,(anonymous_18)
FNDA:0,(anonymous_19)
FNDA:0,initPerformanceOptimizations
FNDA:0,(anonymous_21)
FNDA:0,savePerformanceConfig
FNDA:0,getPerformanceMetrics
FNDA:0,resetPerformanceMetrics
FNDA:0,retryWithBackoff
FNDA:0,(anonymous_26)
DA:16,0
DA:33,0
DA:34,0
DA:38,0
DA:39,0
DA:41,0
DA:42,0
DA:44,0
DA:49,0
DA:50,0
DA:51,0
DA:53,0
DA:54,0
DA:55,0
DA:56,0
DA:60,0
DA:61,0
DA:65,0
DA:69,0
DA:75,0
DA:86,0
DA:90,0
DA:102,0
DA:103,0
DA:104,0
DA:108,0
DA:112,0
DA:116,0
DA:120,0
DA:124,0
DA:141,0
DA:142,0
DA:150,0
DA:152,0
DA:153,0
DA:155,0
DA:156,0
DA:159,0
DA:160,0
DA:161,0
DA:162,0
DA:165,0
DA:166,0
DA:167,0
DA:168,0
DA:172,0
DA:173,0
DA:176,0
DA:189,0
DA:190,0
DA:193,0
DA:200,0
DA:204,0
DA:205,0
DA:206,0
DA:207,0
DA:216,0
DA:219,0
DA:221,0
DA:224,0
DA:225,0
DA:226,0
DA:229,0
DA:230,0
DA:231,0
DA:237,0
DA:238,0
DA:239,0
DA:243,0
DA:244,0
DA:248,0
DA:249,0
DA:253,0
DA:260,0
DA:261,0
DA:262,0
DA:263,0
DA:266,0
DA:267,0
DA:268,0
DA:271,0
DA:273,0
DA:274,0
DA:277,0
DA:279,0
DA:281,0
DA:284,0
DA:285,0
DA:289,0
DA:295,0
LF:90
LH:0
BRDA:39,0,0,0
BRDA:49,1,0,0
BRDA:54,2,0,0
BRDA:60,3,0,0
BRDA:153,4,0,0
BRDA:153,4,1,0
BRDA:190,5,0,0
BRDA:230,6,0,0
BRDA:255,7,0,0
BRDA:256,8,0,0
BRDA:266,9,0,0
BRDA:273,10,0,0
BRDA:277,11,0,0
BRDA:277,11,1,0
BRDA:279,12,0,0
BRDA:284,13,0,0
BRF:16
BRH:0
end_of_record
TN:
SF:src/popup.ts
FN:5,(anonymous_0)
FN:43,(anonymous_1)
FN:46,(anonymous_2)
FN:49,(anonymous_3)
FN:50,(anonymous_4)
FN:55,(anonymous_5)
FN:58,(anonymous_6)
FN:66,(anonymous_7)
FN:68,(anonymous_8)
FN:71,(anonymous_9)
FN:87,(anonymous_10)
FN:106,(anonymous_11)
FN:109,(anonymous_12)
FN:113,(anonymous_13)
FNF:14
FNH:0
FNDA:0,(anonymous_0)
FNDA:0,(anonymous_1)
FNDA:0,(anonymous_2)
FNDA:0,(anonymous_3)
FNDA:0,(anonymous_4)
FNDA:0,(anonymous_5)
FNDA:0,(anonymous_6)
FNDA:0,(anonymous_7)
FNDA:0,(anonymous_8)
FNDA:0,(anonymous_9)
FNDA:0,(anonymous_10)
FNDA:0,(anonymous_11)
FNDA:0,(anonymous_12)
FNDA:0,(anonymous_13)
DA:2,0
DA:5,0
DA:7,0
DA:8,0
DA:9,0
DA:10,0
DA:11,0
DA:12,0
DA:13,0
DA:14,0
DA:15,0
DA:16,0
DA:17,0
DA:18,0
DA:19,0
DA:20,0
DA:21,0
DA:22,0
DA:23,0
DA:24,0
DA:25,0
DA:26,0
DA:27,0
DA:28,0
DA:29,0
DA:30,0
DA:33,0
DA:50,0
DA:51,0
DA:52,0
DA:63,0
DA:66,0
DA:67,0
DA:68,0
DA:69,0
DA:70,0
DA:71,0
DA:72,0
DA:73,0
DA:74,0
DA:75,0
DA:76,0
DA:77,0
DA:78,0
DA:84,0
DA:87,0
DA:88,0
DA:89,0
DA:90,0
DA:92,0
DA:93,0
DA:94,0
DA:95,0
DA:106,0
DA:107,0
DA:108,0
DA:109,0
DA:110,0
DA:111,0
DA:112,0
DA:113,0
DA:116,0
DA:117,0
LF:63
LH:0
BRDA:51,0,0,0
BRDA:51,0,1,0
BRDA:73,1,0,0
BRDA:73,1,1,0
BRDA:74,2,0,0
BRDA:74,2,1,0
BRDA:76,3,0,0
BRDA:76,3,1,0
BRDA:77,4,0,0
BRDA:77,4,1,0
BRDA:89,5,0,0
BRDA:93,6,0,0
BRDA:97,7,0,0
BRDA:97,7,1,0
BRDA:98,8,0,0
BRDA:98,8,1,0
BRDA:99,9,0,0
BRDA:99,9,1,0
BRDA:108,10,0,0
BRDA:108,10,1,0
BRF:20
BRH:0
end_of_record
TN:
SF:src/pronunciation_dictionary.ts
FN:36,applyPronunciationDictionary
FN:45,(anonymous_1)
FN:70,escapeRegExp
FN:75,importDictionary
FN:85,(anonymous_4)
FN:106,exportDictionary
FN:111,saveDictionary
FN:116,loadDictionary
FN:117,(anonymous_8)
FNF:9
FNH:0
FNDA:0,applyPronunciationDictionary
FNDA:0,(anonymous_1)
FNDA:0,escapeRegExp
FNDA:0,importDictionary
FNDA:0,(anonymous_4)
FNDA:0,exportDictionary
FNDA:0,saveDictionary
FNDA:0,loadDictionary
FNDA:0,(anonymous_8)
DA:17,0
DA:36,0
DA:41,0
DA:43,0
DA:45,0
DA:47,0
DA:48,0
DA:51,0
DA:53,0
DA:54,0
DA:55,0
DA:57,0
DA:61,0
DA:62,0
DA:66,0
DA:71,0
DA:75,0
DA:76,0
DA:77,0
DA:80,0
DA:81,0
DA:85,0
DA:86,0
DA:87,0
DA:90,0
DA:91,0
DA:95,0
DA:100,0
DA:101,0
DA:106,0
DA:107,0
DA:111,0
DA:112,0
DA:116,0
DA:117,0
DA:118,0
DA:119,0
LF:37
LH:0
BRDA:41,0,0,0
BRDA:47,1,0,0
BRDA:47,2,0,0
BRDA:47,2,1,0
BRDA:47,2,2,0
BRDA:51,3,0,0
BRDA:51,3,1,0
BRDA:80,4,0,0
BRDA:86,5,0,0
BRDA:86,6,0,0
BRDA:86,6,1,0
BRDA:90,7,0,0
BRDA:97,8,0,0
BRDA:97,8,1,0
BRDA:118,9,0,0
BRDA:118,9,1,0
BRF:16
BRH:0
end_of_record
TN:
SF:src/settings.ts
FN:10,loadSettings
FN:11,(anonymous_1)
FN:21,saveSettings
FN:22,(anonymous_3)
FN:38,getThemePreference
FN:42,setThemePreference
FN:46,saveApiKey
FN:47,(anonymous_7)
FN:53,loadApiKey
FN:54,(anonymous_9)
FNF:10
FNH:6
FNDA:2,loadSettings
FNDA:2,(anonymous_1)
FNDA:1,saveSettings
FNDA:1,(anonymous_3)
FNDA:3,getThemePreference
FNDA:2,setThemePreference
FNDA:0,saveApiKey
FNDA:0,(anonymous_7)
FNDA:0,loadApiKey
FNDA:0,(anonymous_9)
DA:10,1
DA:11,2
DA:12,2
DA:17,2
DA:21,1
DA:22,1
DA:23,1
DA:28,1
DA:29,1
DA:30,1
DA:32,0
DA:34,1
DA:38,1
DA:39,3
DA:42,1
DA:43,2
DA:46,1
DA:47,0
DA:48,0
DA:49,0
DA:53,1
DA:54,0
DA:55,0
LF:23
LH:17
BRDA:12,0,0,2
BRDA:12,0,1,1
BRDA:23,1,0,1
BRDA:23,1,1,0
BRDA:29,2,0,1
BRDA:29,2,1,0
BRDA:43,3,0,1
BRDA:43,3,1,1
BRDA:49,4,0,0
BRDA:55,5,0,0
BRDA:55,5,1,0
BRF:11
BRH:6
end_of_record
TN:
SF:src/tts_highlight_content.ts
FN:12,(anonymous_0)
FN:32,addHighlightStyles
FN:49,clearHighlights
FN:50,(anonymous_3)
FN:67,findTextInView
FN:73,(anonymous_5)
FN:105,highlightText
FN:115,(anonymous_7)
FN:149,highlightSpokenText
FN:153,(anonymous_9)
FN:165,(anonymous_10)
FN:177,(anonymous_11)
FNF:12
FNH:0
FNDA:0,(anonymous_0)
FNDA:0,addHighlightStyles
FNDA:0,clearHighlights
FNDA:0,(anonymous_3)
FNDA:0,findTextInView
FNDA:0,(anonymous_5)
FNDA:0,highlightText
FNDA:0,(anonymous_7)
FNDA:0,highlightSpokenText
FNDA:0,(anonymous_9)
FNDA:0,(anonymous_10)
FNDA:0,(anonymous_11)
DA:3,0
DA:12,0
DA:14,0
DA:33,0
DA:34,0
DA:35,0
DA:36,0
DA:39,0
DA:40,0
DA:41,0
DA:42,0
DA:46,0
DA:50,0
DA:51,0
DA:53,0
DA:54,0
DA:56,0
DA:57,0
DA:59,0
DA:61,0
DA:68,0
DA:69,0
DA:74,0
DA:76,0
DA:77,0
DA:78,0
DA:88,0
DA:89,0
DA:90,0
DA:92,0
DA:93,0
DA:101,0
DA:106,0
DA:109,0
DA:111,0
DA:113,0
DA:115,0
DA:116,0
DA:117,0
DA:118,0
DA:120,0
DA:121,0
DA:124,0
DA:125,0
DA:126,0
DA:129,0
DA:130,0
DA:133,0
DA:136,0
DA:137,0
DA:139,0
DA:140,0
DA:141,0
DA:143,0
DA:144,0
DA:150,0
DA:151,0
DA:153,0
DA:154,0
DA:155,0
DA:156,0
DA:158,0
DA:159,0
DA:160,0
DA:165,0
DA:166,0
DA:167,0
DA:168,0
DA:169,0
DA:170,0
DA:171,0
DA:173,0
DA:177,0
DA:178,0
DA:179,0
DA:180,0
LF:76
LH:0
BRDA:32,0,0,0
BRDA:34,1,0,0
BRDA:51,2,0,0
BRDA:51,2,1,0
BRDA:54,3,0,0
BRDA:61,4,0,0
BRDA:61,4,1,0
BRDA:74,5,0,0
BRDA:78,6,0,0
BRDA:78,6,1,0
BRDA:78,7,0,0
BRDA:78,7,1,0
BRDA:78,7,2,0
BRDA:78,7,3,0
BRDA:78,7,4,0
BRDA:89,8,0,0
BRDA:89,8,1,0
BRDA:92,9,0,0
BRDA:105,10,0,0
BRDA:111,11,0,0
BRDA:111,12,0,0
BRDA:111,12,1,0
BRDA:118,13,0,0
BRDA:121,14,0,0
BRDA:121,14,1,0
BRDA:124,15,0,0
BRDA:124,15,1,0
BRDA:125,16,0,0
BRDA:125,16,1,0
BRDA:126,17,0,0
BRDA:126,17,1,0
BRDA:166,18,0,0
BRDA:166,18,1,0
BRDA:167,19,0,0
BRDA:167,19,1,0
BRDA:169,20,0,0
BRDA:178,21,0,0
BRDA:178,22,0,0
BRDA:178,22,1,0
BRF:39
BRH:0
end_of_record
TN:
SF:src/types.d.ts
FNF:0
FNH:0
LF:0
LH:0
BRF:0
BRH:0
end_of_record
TN:
SF:src/ui.ts
FN:28,initUI
FN:47,showOnboarding
FN:52,hideOnboarding
FN:58,(anonymous_3)
FN:72,setTheme
FN:83,(anonymous_5)
FN:90,showStatus
FN:94,(anonymous_7)
FN:103,(anonymous_8)
FN:112,updateVoiceInfo
FN:132,initShortcuts
FN:141,(anonymous_11)
FNF:12
FNH:0
FNDA:0,initUI
FNDA:0,showOnboarding
FNDA:0,hideOnboarding
FNDA:0,(anonymous_3)
FNDA:0,setTheme
FNDA:0,(anonymous_5)
FNDA:0,showStatus
FNDA:0,(anonymous_7)
FNDA:0,(anonymous_8)
FNDA:0,updateVoiceInfo
FNDA:0,initShortcuts
FNDA:0,(anonymous_11)
DA:2,0
DA:28,0
DA:44,0
DA:48,0
DA:49,0
DA:53,0
DA:56,0
DA:58,0
DA:59,0
DA:63,0
DA:64,0
DA:65,0
DA:68,0
DA:69,0
DA:73,0
DA:74,0
DA:75,0
DA:80,0
DA:81,0
DA:83,0
DA:84,0
DA:85,0
DA:86,0
DA:91,0
DA:92,0
DA:93,0
DA:94,0
DA:97,0
DA:98,0
DA:103,0
DA:104,0
DA:105,0
DA:106,0
DA:107,0
DA:112,0
DA:113,0
DA:115,0
DA:121,0
DA:123,0
DA:132,0
DA:141,0
DA:143,0
DA:145,0
DA:148,0
DA:150,0
DA:151,0
DA:152,0
DA:154,0
DA:155,0
DA:157,0
DA:158,0
DA:160,0
DA:161,0
DA:163,0
DA:164,0
DA:166,0
DA:167,0
LF:57
LH:0
BRDA:56,0,0,0
BRDA:59,1,0,0
BRDA:59,2,0,0
BRDA:59,2,1,0
BRDA:59,2,2,0
BRDA:63,3,0,0
BRDA:68,4,0,0
BRDA:69,5,0,0
BRDA:74,6,0,0
BRDA:75,7,0,0
BRDA:75,7,1,0
BRDA:83,8,0,0
BRDA:83,8,1,0
BRDA:86,9,0,0
BRDA:86,9,1,0
BRDA:90,10,0,0
BRDA:91,11,0,0
BRDA:93,12,0,0
BRDA:93,12,1,0
BRDA:97,13,0,0
BRDA:105,14,0,0
BRDA:113,15,0,0
BRDA:121,16,0,0
BRDA:121,16,1,0
BRDA:143,17,0,0
BRDA:143,18,0,0
BRDA:143,18,1,0
BRDA:143,18,2,0
BRDA:148,19,0,0
BRDA:148,19,1,0
BRDA:148,19,2,0
BRDA:148,19,3,0
BRDA:148,19,4,0
BRDA:148,19,5,0
BRF:34
BRH:0
end_of_record
