TN:
SF:src/audio_cache.ts
FN:31,(anonymous_0)
FN:44,(anonymous_1)
FN:53,(anonymous_2)
FN:67,(anonymous_3)
FN:92,(anonymous_4)
FN:117,(anonymous_5)
FN:130,(anonymous_6)
FN:164,(anonymous_7)
FN:175,(anonymous_8)
FN:187,(anonymous_9)
FN:188,(anonymous_10)
FN:217,(anonymous_11)
FN:223,(anonymous_12)
FN:231,(anonymous_13)
FNF:14
FNH:0
FNDA:0,(anonymous_0)
FNDA:0,(anonymous_1)
FNDA:0,(anonymous_2)
FNDA:0,(anonymous_3)
FNDA:0,(anonymous_4)
FNDA:0,(anonymous_5)
FNDA:0,(anonymous_6)
FNDA:0,(anonymous_7)
FNDA:0,(anonymous_8)
FNDA:0,(anonymous_9)
FNDA:0,(anonymous_10)
FNDA:0,(anonymous_11)
FNDA:0,(anonymous_12)
FNDA:0,(anonymous_13)
DA:23,0
DA:24,0
DA:25,0
DA:26,0
DA:32,0
DA:33,0
DA:36,0
DA:38,0
DA:46,0
DA:47,0
DA:54,0
DA:55,0
DA:56,0
DA:57,0
DA:58,0
DA:60,0
DA:68,0
DA:69,0
DA:71,0
DA:73,0
DA:74,0
DA:75,0
DA:76,0
DA:79,0
DA:80,0
DA:84,0
DA:85,0
DA:86,0
DA:93,0
DA:96,0
DA:99,0
DA:107,0
DA:108,0
DA:111,0
DA:119,0
DA:120,0
DA:121,0
DA:124,0
DA:125,0
DA:127,0
DA:129,0
DA:130,0
DA:133,0
DA:135,0
DA:136,0
DA:139,0
DA:143,0
DA:144,0
DA:146,0
DA:147,0
DA:148,0
DA:149,0
DA:153,0
DA:154,0
DA:157,0
DA:158,0
DA:166,0
DA:169,0
DA:170,0
DA:172,0
DA:176,0
DA:177,0
DA:179,0
DA:188,0
DA:189,0
DA:190,0
DA:191,0
DA:194,0
DA:196,0
DA:197,0
DA:199,0
DA:202,0
DA:203,0
DA:204,0
DA:207,0
DA:210,0
DA:218,0
DA:219,0
DA:220,0
DA:221,0
DA:223,0
DA:224,0
DA:232,0
DA:237,0
LF:84
LH:0
BRDA:32,0,0,0
BRDA:33,1,0,0
BRDA:71,2,0,0
BRDA:73,3,0,0
BRDA:73,3,1,0
BRDA:120,4,0,0
BRDA:120,5,0,0
BRDA:120,5,1,0
BRDA:127,6,0,0
BRDA:135,7,0,0
BRDA:135,7,1,0
BRDA:147,8,0,0
BRDA:153,9,0,0
BRDA:176,10,0,0
BRDA:176,10,1,0
BRDA:189,11,0,0
BRDA:194,12,0,0
BRDA:194,13,0,0
BRDA:194,13,1,0
BRDA:202,14,0,0
BRF:20
BRH:0
end_of_record
TN:
SF:src/audio_export.ts
FN:19,base64ToBlob
FN:39,createDownloadLink
FN:48,(anonymous_2)
FN:55,exportAudio
FN:68,splitIntoParagraphs
FN:72,(anonymous_5)
FN:73,(anonymous_6)
FN:77,saveExportOptions
FN:82,loadExportOptions
FN:83,(anonymous_9)
FNF:10
FNH:0
FNDA:0,base64ToBlob
FNDA:0,createDownloadLink
FNDA:0,(anonymous_2)
FNDA:0,exportAudio
FNDA:0,splitIntoParagraphs
FNDA:0,(anonymous_5)
FNDA:0,(anonymous_6)
FNDA:0,saveExportOptions
FNDA:0,loadExportOptions
FNDA:0,(anonymous_9)
DA:11,0
DA:20,0
DA:21,0
DA:23,0
DA:24,0
DA:25,0
DA:27,0
DA:28,0
DA:31,0
DA:32,0
DA:35,0
DA:40,0
DA:41,0
DA:42,0
DA:43,0
DA:46,0
DA:47,0
DA:48,0
DA:49,0
DA:50,0
DA:55,0
DA:56,0
DA:61,0
DA:62,0
DA:64,0
DA:68,0
DA:70,0
DA:72,0
DA:73,0
DA:77,0
DA:78,0
DA:82,0
DA:83,0
DA:84,0
DA:85,0
LF:35
LH:0
BRDA:84,0,0,0
BRDA:84,0,1,0
BRF:2
BRH:0
end_of_record
TN:
SF:src/background.ts
FN:73,(anonymous_0)
FN:83,(anonymous_1)
FN:108,splitTextIntoChunks
FN:145,callGoogleTTSAPI
FN:253,(anonymous_4)
FN:294,(anonymous_5)
FN:311,createAudioFromResponse
FN:359,(anonymous_7)
FN:364,(anonymous_8)
FN:388,(anonymous_9)
FN:401,setupAudioEventHandlers
FN:403,(anonymous_11)
FN:440,(anonymous_12)
FN:441,(anonymous_13)
FN:442,(anonymous_14)
FN:443,(anonymous_15)
FN:444,(anonymous_16)
FN:445,(anonymous_17)
FN:446,(anonymous_18)
FN:450,synthesizeAndPlay
FN:493,(anonymous_20)
FN:494,(anonymous_21)
FN:599,(anonymous_22)
FN:607,(anonymous_23)
FN:612,(anonymous_24)
FN:618,(anonymous_25)
FN:666,injectHighlightContentScript
FN:685,startPlayback
FN:715,playCurrentChunk
FN:728,(anonymous_29)
FN:754,(anonymous_30)
FN:763,(anonymous_31)
FN:780,(anonymous_32)
FN:807,(anonymous_33)
FN:827,handleTextHighlighting
FN:840,(anonymous_35)
FN:849,(anonymous_36)
FN:858,(anonymous_37)
FN:867,(anonymous_38)
FN:877,playAudioWithRetry
FN:903,(anonymous_40)
FN:915,pausePlayback
FN:923,resumePlayback
FN:925,(anonymous_43)
FN:933,stopPlayback
FN:942,(anonymous_45)
FN:955,playNextChunk
FN:967,playPreviousChunk
FN:979,jumpToChunk
FN:991,(anonymous_49)
FN:1109,(anonymous_50)
FN:1128,(anonymous_51)
FN:1131,(anonymous_52)
FN:1144,speakTextWithGoogleTTS
FN:1185,(anonymous_54)
FN:1188,(anonymous_55)
FN:1189,(anonymous_56)
FNF:57
FNH:0
FNDA:0,(anonymous_0)
FNDA:0,(anonymous_1)
FNDA:0,splitTextIntoChunks
FNDA:0,callGoogleTTSAPI
FNDA:0,(anonymous_4)
FNDA:0,(anonymous_5)
FNDA:0,createAudioFromResponse
FNDA:0,(anonymous_7)
FNDA:0,(anonymous_8)
FNDA:0,(anonymous_9)
FNDA:0,setupAudioEventHandlers
FNDA:0,(anonymous_11)
FNDA:0,(anonymous_12)
FNDA:0,(anonymous_13)
FNDA:0,(anonymous_14)
FNDA:0,(anonymous_15)
FNDA:0,(anonymous_16)
FNDA:0,(anonymous_17)
FNDA:0,(anonymous_18)
FNDA:0,synthesizeAndPlay
FNDA:0,(anonymous_20)
FNDA:0,(anonymous_21)
FNDA:0,(anonymous_22)
FNDA:0,(anonymous_23)
FNDA:0,(anonymous_24)
FNDA:0,(anonymous_25)
FNDA:0,injectHighlightContentScript
FNDA:0,startPlayback
FNDA:0,playCurrentChunk
FNDA:0,(anonymous_29)
FNDA:0,(anonymous_30)
FNDA:0,(anonymous_31)
FNDA:0,(anonymous_32)
FNDA:0,(anonymous_33)
FNDA:0,handleTextHighlighting
FNDA:0,(anonymous_35)
FNDA:0,(anonymous_36)
FNDA:0,(anonymous_37)
FNDA:0,(anonymous_38)
FNDA:0,playAudioWithRetry
FNDA:0,(anonymous_40)
FNDA:0,pausePlayback
FNDA:0,resumePlayback
FNDA:0,(anonymous_43)
FNDA:0,stopPlayback
FNDA:0,(anonymous_45)
FNDA:0,playNextChunk
FNDA:0,playPreviousChunk
FNDA:0,jumpToChunk
FNDA:0,(anonymous_49)
FNDA:0,(anonymous_50)
FNDA:0,(anonymous_51)
FNDA:0,(anonymous_52)
FNDA:0,speakTextWithGoogleTTS
FNDA:0,(anonymous_54)
FNDA:0,(anonymous_55)
FNDA:0,(anonymous_56)
DA:5,0
DA:13,0
DA:14,0
DA:53,0
DA:54,0
DA:55,0
DA:56,0
DA:57,0
DA:58,0
DA:59,0
DA:60,0
DA:61,0
DA:68,0
DA:71,0
DA:73,0
DA:74,0
DA:75,0
DA:76,0
DA:78,0
DA:83,0
DA:84,0
DA:85,0
DA:86,0
DA:88,0
DA:91,0
DA:92,0
DA:93,0
DA:95,0
DA:100,0
DA:101,0
DA:102,0
DA:104,0
DA:109,0
DA:110,0
DA:112,0
DA:114,0
DA:116,0
DA:117,0
DA:120,0
DA:121,0
DA:122,0
DA:124,0
DA:125,0
DA:126,0
DA:127,0
DA:129,0
DA:133,0
DA:136,0
DA:140,0
DA:141,0
DA:146,0
DA:149,0
DA:150,0
DA:151,0
DA:152,0
DA:156,0
DA:160,0
DA:161,0
DA:162,0
DA:163,0
DA:167,0
DA:170,0
DA:171,0
DA:172,0
DA:173,0
DA:177,0
DA:181,0
DA:182,0
DA:183,0
DA:184,0
DA:187,0
DA:189,0
DA:190,0
DA:191,0
DA:193,0
DA:199,0
DA:202,0
DA:203,0
DA:205,0
DA:206,0
DA:207,0
DA:208,0
DA:214,0
DA:216,0
DA:217,0
DA:218,0
DA:219,0
DA:220,0
DA:223,0
DA:224,0
DA:225,0
DA:226,0
DA:227,0
DA:228,0
DA:229,0
DA:231,0
DA:233,0
DA:234,0
DA:235,0
DA:236,0
DA:237,0
DA:238,0
DA:241,0
DA:244,0
DA:250,0
DA:251,0
DA:252,0
DA:253,0
DA:254,0
DA:257,0
DA:260,0
DA:261,0
DA:264,0
DA:265,0
DA:266,0
DA:267,0
DA:271,0
DA:275,0
DA:276,0
DA:277,0
DA:284,0
DA:286,0
DA:288,0
DA:291,0
DA:292,0
DA:293,0
DA:294,0
DA:295,0
DA:298,0
DA:302,0
DA:307,0
DA:312,0
DA:313,0
DA:314,0
DA:318,0
DA:319,0
DA:323,0
DA:327,0
DA:328,0
DA:329,0
DA:331,0
DA:332,0
DA:334,0
DA:335,0
DA:336,0
DA:339,0
DA:340,0
DA:343,0
DA:345,0
DA:347,0
DA:348,0
DA:349,0
DA:352,0
DA:353,0
DA:356,0
DA:359,0
DA:360,0
DA:363,0
DA:364,0
DA:365,0
DA:366,0
DA:369,0
DA:370,0
DA:375,0
DA:377,0
DA:378,0
DA:384,0
DA:385,0
DA:388,0
DA:389,0
DA:393,0
DA:396,0
DA:403,0
DA:404,0
DA:406,0
DA:407,0
DA:408,0
DA:410,0
DA:412,0
DA:414,0
DA:415,0
DA:417,0
DA:418,0
DA:420,0
DA:421,0
DA:423,0
DA:424,0
DA:427,0
DA:432,0
DA:440,0
DA:441,0
DA:442,0
DA:443,0
DA:444,0
DA:445,0
DA:446,0
DA:451,0
DA:454,0
DA:455,0
DA:456,0
DA:457,0
DA:461,0
DA:464,0
DA:465,0
DA:466,0
DA:467,0
DA:471,0
DA:474,0
DA:475,0
DA:476,0
DA:477,0
DA:481,0
DA:484,0
DA:486,0
DA:487,0
DA:493,0
DA:494,0
DA:495,0
DA:499,0
DA:504,0
DA:505,0
DA:506,0
DA:511,0
DA:512,0
DA:519,0
DA:525,0
DA:526,0
DA:532,0
DA:535,0
DA:536,0
DA:537,0
DA:538,0
DA:539,0
DA:542,0
DA:545,0
DA:547,0
DA:548,0
DA:549,0
DA:551,0
DA:552,0
DA:553,0
DA:554,0
DA:558,0
DA:562,0
DA:566,0
DA:567,0
DA:569,0
DA:570,0
DA:574,0
DA:578,0
DA:579,0
DA:583,0
DA:584,0
DA:585,0
DA:588,0
DA:595,0
DA:596,0
DA:599,0
DA:601,0
DA:602,0
DA:603,0
DA:607,0
DA:608,0
DA:609,0
DA:612,0
DA:613,0
DA:614,0
DA:618,0
DA:619,0
DA:620,0
DA:621,0
DA:626,0
DA:629,0
DA:637,0
DA:640,0
DA:646,0
DA:647,0
DA:648,0
DA:650,0
DA:651,0
DA:657,0
DA:658,0
DA:667,0
DA:668,0
DA:669,0
DA:670,0
DA:674,0
DA:676,0
DA:679,0
DA:686,0
DA:687,0
DA:688,0
DA:692,0
DA:695,0
DA:696,0
DA:700,0
DA:701,0
DA:704,0
DA:711,0
DA:716,0
DA:717,0
DA:718,0
DA:721,0
DA:722,0
DA:723,0
DA:724,0
DA:727,0
DA:728,0
DA:729,0
DA:730,0
DA:735,0
DA:738,0
DA:739,0
DA:742,0
DA:743,0
DA:747,0
DA:749,0
DA:750,0
DA:751,0
DA:754,0
DA:755,0
DA:757,0
DA:759,0
DA:760,0
DA:763,0
DA:764,0
DA:765,0
DA:768,0
DA:774,0
DA:776,0
DA:777,0
DA:780,0
DA:781,0
DA:784,0
DA:787,0
DA:788,0
DA:795,0
DA:799,0
DA:800,0
DA:805,0
DA:806,0
DA:808,0
DA:809,0
DA:815,0
DA:816,0
DA:819,0
DA:821,0
DA:822,0
DA:829,0
DA:830,0
DA:833,0
DA:834,0
DA:835,0
DA:836,0
DA:838,0
DA:840,0
DA:841,0
DA:842,0
DA:850,0
DA:858,0
DA:859,0
DA:860,0
DA:868,0
DA:878,0
DA:880,0
DA:881,0
DA:882,0
DA:883,0
DA:884,0
DA:885,0
DA:886,0
DA:888,0
DA:890,0
DA:892,0
DA:893,0
DA:894,0
DA:901,0
DA:902,0
DA:903,0
DA:906,0
DA:911,0
DA:916,0
DA:917,0
DA:918,0
DA:924,0
DA:925,0
DA:926,0
DA:928,0
DA:934,0
DA:936,0
DA:937,0
DA:938,0
DA:942,0
DA:943,0
DA:944,0
DA:950,0
DA:951,0
DA:956,0
DA:957,0
DA:958,0
DA:961,0
DA:962,0
DA:968,0
DA:969,0
DA:970,0
DA:973,0
DA:974,0
DA:980,0
DA:981,0
DA:982,0
DA:985,0
DA:986,0
DA:991,0
DA:992,0
DA:994,0
DA:995,0
DA:998,0
DA:999,0
DA:1001,0
DA:1004,0
DA:1005,0
DA:1008,0
DA:1009,0
DA:1012,0
DA:1013,0
DA:1016,0
DA:1017,0
DA:1020,0
DA:1021,0
DA:1024,0
DA:1025,0
DA:1027,0
DA:1030,0
DA:1031,0
DA:1034,0
DA:1035,0
DA:1038,0
DA:1042,0
DA:1043,0
DA:1045,0
DA:1046,0
DA:1047,0
DA:1051,0
DA:1052,0
DA:1053,0
DA:1055,0
DA:1057,0
DA:1060,0
DA:1062,0
DA:1063,0
DA:1064,0
DA:1066,0
DA:1069,0
DA:1073,0
DA:1074,0
DA:1075,0
DA:1077,0
DA:1079,0
DA:1082,0
DA:1084,0
DA:1085,0
DA:1086,0
DA:1088,0
DA:1091,0
DA:1094,0
DA:1102,0
DA:1105,0
DA:1109,0
DA:1110,0
DA:1111,0
DA:1112,0
DA:1113,0
DA:1115,0
DA:1116,0
DA:1121,0
DA:1128,0
DA:1129,0
DA:1131,0
DA:1132,0
DA:1133,0
DA:1135,0
DA:1137,0
DA:1145,0
DA:1147,0
DA:1148,0
DA:1149,0
DA:1152,0
DA:1153,0
DA:1159,0
DA:1160,0
DA:1166,0
DA:1167,0
DA:1170,0
DA:1171,0
DA:1173,0
DA:1174,0
DA:1175,0
DA:1177,0
DA:1180,0
DA:1185,0
DA:1186,0
DA:1187,0
DA:1188,0
DA:1189,0
DA:1190,0
LF:505
LH:0
BRDA:74,0,0,0
BRDA:74,0,1,0
BRDA:84,1,0,0
BRDA:84,1,1,0
BRDA:91,2,0,0
BRDA:91,2,1,0
BRDA:100,3,0,0
BRDA:100,3,1,0
BRDA:116,4,0,0
BRDA:116,4,1,0
BRDA:117,5,0,0
BRDA:120,6,0,0
BRDA:120,6,1,0
BRDA:125,7,0,0
BRDA:125,7,1,0
BRDA:129,8,0,0
BRDA:129,8,1,0
BRDA:136,9,0,0
BRDA:136,9,1,0
BRDA:140,10,0,0
BRDA:146,11,0,0
BRDA:146,11,1,0
BRDA:149,12,0,0
BRDA:160,13,0,0
BRDA:170,14,0,0
BRDA:182,15,0,0
BRDA:190,16,0,0
BRDA:190,16,1,0
BRDA:216,17,0,0
BRDA:223,18,0,0
BRDA:223,18,1,0
BRDA:224,19,0,0
BRDA:224,19,1,0
BRDA:226,20,0,0
BRDA:226,20,1,0
BRDA:228,21,0,0
BRDA:228,21,1,0
BRDA:231,22,0,0
BRDA:231,22,1,0
BRDA:233,23,0,0
BRDA:233,23,1,0
BRDA:235,24,0,0
BRDA:235,24,1,0
BRDA:237,25,0,0
BRDA:250,26,0,0
BRDA:250,27,0,0
BRDA:250,27,1,0
BRDA:264,28,0,0
BRDA:275,29,0,0
BRDA:291,30,0,0
BRDA:291,31,0,0
BRDA:291,31,1,0
BRDA:300,32,0,0
BRDA:300,32,1,0
BRDA:313,33,0,0
BRDA:313,34,0,0
BRDA:313,34,1,0
BRDA:318,35,0,0
BRDA:369,36,0,0
BRDA:369,37,0,0
BRDA:369,37,1,0
BRDA:406,38,0,0
BRDA:406,38,1,0
BRDA:412,39,0,0
BRDA:412,39,1,0
BRDA:412,39,2,0
BRDA:412,39,3,0
BRDA:450,40,0,0
BRDA:454,41,0,0
BRDA:464,42,0,0
BRDA:464,43,0,0
BRDA:464,43,1,0
BRDA:474,44,0,0
BRDA:486,45,0,0
BRDA:495,46,0,0
BRDA:495,46,1,0
BRDA:504,47,0,0
BRDA:504,47,1,0
BRDA:511,48,0,0
BRDA:525,49,0,0
BRDA:545,50,0,0
BRDA:545,50,1,0
BRDA:551,51,0,0
BRDA:569,52,0,0
BRDA:578,53,0,0
BRDA:592,54,0,0
BRDA:592,54,1,0
BRDA:601,55,0,0
BRDA:601,56,0,0
BRDA:601,56,1,0
BRDA:626,57,0,0
BRDA:626,57,1,0
BRDA:646,58,0,0
BRDA:646,58,1,0
BRDA:660,59,0,0
BRDA:660,59,1,0
BRDA:669,60,0,0
BRDA:669,60,1,0
BRDA:686,61,0,0
BRDA:695,62,0,0
BRDA:716,63,0,0
BRDA:721,64,0,0
BRDA:727,65,0,0
BRDA:729,66,0,0
BRDA:742,67,0,0
BRDA:742,68,0,0
BRDA:742,68,1,0
BRDA:747,69,0,0
BRDA:747,69,1,0
BRDA:781,70,0,0
BRDA:787,71,0,0
BRDA:787,72,0,0
BRDA:787,72,1,0
BRDA:799,73,0,0
BRDA:811,74,0,0
BRDA:811,74,1,0
BRDA:829,75,0,0
BRDA:829,75,1,0
BRDA:833,76,0,0
BRDA:833,76,1,0
BRDA:838,77,0,0
BRDA:841,78,0,0
BRDA:859,79,0,0
BRDA:890,80,0,0
BRDA:890,80,1,0
BRDA:892,81,0,0
BRDA:916,82,0,0
BRDA:916,83,0,0
BRDA:916,83,1,0
BRDA:924,84,0,0
BRDA:924,85,0,0
BRDA:924,85,1,0
BRDA:936,86,0,0
BRDA:943,87,0,0
BRDA:956,88,0,0
BRDA:956,89,0,0
BRDA:956,89,1,0
BRDA:957,90,0,0
BRDA:968,91,0,0
BRDA:968,92,0,0
BRDA:968,92,1,0
BRDA:969,93,0,0
BRDA:980,94,0,0
BRDA:980,95,0,0
BRDA:980,95,1,0
BRDA:980,95,2,0
BRDA:981,96,0,0
BRDA:992,97,0,0
BRDA:992,97,1,0
BRDA:992,97,2,0
BRDA:992,97,3,0
BRDA:992,97,4,0
BRDA:992,97,5,0
BRDA:992,97,6,0
BRDA:992,97,7,0
BRDA:992,97,8,0
BRDA:992,97,9,0
BRDA:992,97,10,0
BRDA:992,97,11,0
BRDA:992,97,12,0
BRDA:992,97,13,0
BRDA:992,97,14,0
BRDA:994,98,0,0
BRDA:998,99,0,0
BRDA:998,100,0,0
BRDA:998,100,1,0
BRDA:998,100,2,0
BRDA:1024,101,0,0
BRDA:1030,102,0,0
BRDA:1034,103,0,0
BRDA:1034,104,0,0
BRDA:1034,104,1,0
BRDA:1051,105,0,0
BRDA:1051,105,1,0
BRDA:1051,106,0,0
BRDA:1051,106,1,0
BRDA:1060,107,0,0
BRDA:1062,108,0,0
BRDA:1062,108,1,0
BRDA:1062,109,0,0
BRDA:1062,109,1,0
BRDA:1073,110,0,0
BRDA:1073,110,1,0
BRDA:1073,111,0,0
BRDA:1073,111,1,0
BRDA:1082,112,0,0
BRDA:1084,113,0,0
BRDA:1084,113,1,0
BRDA:1084,114,0,0
BRDA:1084,114,1,0
BRDA:1095,115,0,0
BRDA:1095,115,1,0
BRDA:1095,115,2,0
BRDA:1096,116,0,0
BRDA:1096,116,1,0
BRDA:1096,116,2,0
BRDA:1110,117,0,0
BRDA:1110,118,0,0
BRDA:1110,118,1,0
BRDA:1112,119,0,0
BRDA:1129,120,0,0
BRDA:1129,121,0,0
BRDA:1129,121,1,0
BRDA:1132,122,0,0
BRDA:1132,122,1,0
BRDA:1133,123,0,0
BRDA:1133,123,1,0
BRDA:1135,124,0,0
BRDA:1135,125,0,0
BRDA:1135,125,1,0
BRDA:1147,126,0,0
BRDA:1166,127,0,0
BRDA:1173,128,0,0
BRDA:1173,128,1,0
BRDA:1186,129,0,0
BRDA:1186,130,0,0
BRDA:1186,130,1,0
BRDA:1187,131,0,0
BRDA:1187,131,1,0
BRDA:1187,132,0,0
BRDA:1187,132,1,0
BRF:221
BRH:0
end_of_record
TN:
SF:src/chrome.d.ts
FNF:0
FNH:0
LF:0
LH:0
BRF:0
BRH:0
end_of_record
TN:
SF:src/enhanced_language_detection.ts
FN:83,extractNgrams
FN:101,detectLanguage
FN:149,(anonymous_2)
FN:215,setAvailableVoices
FN:221,getAvailableVoices
FN:226,findBestVoiceForLanguage
FN:242,(anonymous_6)
FN:247,(anonymous_7)
FN:257,(anonymous_8)
FN:265,(anonymous_9)
FN:272,(anonymous_10)
FN:286,autoSelectVoice
FNF:12
FNH:0
FNDA:0,extractNgrams
FNDA:0,detectLanguage
FNDA:0,(anonymous_2)
FNDA:0,setAvailableVoices
FNDA:0,getAvailableVoices
FNDA:0,findBestVoiceForLanguage
FNDA:0,(anonymous_6)
FNDA:0,(anonymous_7)
FNDA:0,(anonymous_8)
FNDA:0,(anonymous_9)
FNDA:0,(anonymous_10)
FNDA:0,autoSelectVoice
DA:22,0
DA:84,0
DA:87,0
DA:89,0
DA:90,0
DA:92,0
DA:94,0
DA:97,0
DA:101,0
DA:102,0
DA:103,0
DA:106,0
DA:107,0
DA:110,0
DA:111,0
DA:112,0
DA:113,0
DA:116,0
DA:117,0
DA:118,0
DA:122,0
DA:123,0
DA:124,0
DA:125,0
DA:130,0
DA:131,0
DA:132,0
DA:133,0
DA:135,0
DA:139,0
DA:142,0
DA:143,0
DA:145,0
DA:149,0
DA:152,0
DA:155,0
DA:157,0
DA:158,0
DA:166,0
DA:170,0
DA:212,0
DA:215,0
DA:216,0
DA:217,0
DA:221,0
DA:222,0
DA:226,0
DA:233,0
DA:234,0
DA:235,0
DA:239,0
DA:242,0
DA:245,0
DA:246,0
DA:247,0
DA:251,0
DA:252,0
DA:256,0
DA:257,0
DA:258,0
DA:259,0
DA:264,0
DA:265,0
DA:266,0
DA:267,0
DA:272,0
DA:273,0
DA:274,0
DA:276,0
DA:277,0
DA:278,0
DA:282,0
DA:286,0
DA:299,0
DA:302,0
DA:305,0
DA:306,0
DA:308,0
DA:309,0
DA:310,0
DA:311,0
DA:314,0
LF:82
LH:0
BRDA:83,0,0,0
BRDA:92,1,0,0
BRDA:94,2,0,0
BRDA:94,2,1,0
BRDA:102,3,0,0
BRDA:102,4,0,0
BRDA:102,4,1,0
BRDA:117,5,0,0
BRDA:122,6,0,0
BRDA:124,7,0,0
BRDA:130,8,0,0
BRDA:132,9,0,0
BRDA:132,9,1,0
BRDA:155,10,0,0
BRDA:155,11,0,0
BRDA:155,11,1,0
BRDA:157,12,0,0
BRDA:157,13,0,0
BRDA:157,13,1,0
BRDA:228,14,0,0
BRDA:233,15,0,0
BRDA:245,16,0,0
BRDA:251,17,0,0
BRDA:256,18,0,0
BRDA:258,19,0,0
BRDA:264,20,0,0
BRDA:266,21,0,0
BRDA:276,22,0,0
BRDA:276,22,1,0
BRDA:277,23,0,0
BRDA:277,23,1,0
BRDA:282,24,0,0
BRDA:282,24,1,0
BRDA:288,25,0,0
BRDA:308,26,0,0
BRF:35
BRH:0
end_of_record
TN:
SF:src/highlight.ts
FN:24,applyHighlightStyle
FN:48,generateHighlightCSS
FN:82,normalizeColor
FN:104,saveHighlightOptions
FN:109,loadHighlightOptions
FN:110,(anonymous_5)
FNF:6
FNH:0
FNDA:0,applyHighlightStyle
FNDA:0,generateHighlightCSS
FNDA:0,normalizeColor
FNDA:0,saveHighlightOptions
FNDA:0,loadHighlightOptions
FNDA:0,(anonymous_5)
DA:14,0
DA:24,0
DA:25,0
DA:27,0
DA:34,0
DA:35,0
DA:36,0
DA:38,0
DA:39,0
DA:41,0
DA:42,0
DA:44,0
DA:45,0
DA:48,0
DA:49,0
DA:51,0
DA:57,0
DA:82,0
DA:84,0
DA:85,0
DA:89,0
DA:90,0
DA:94,0
DA:95,0
DA:96,0
DA:97,0
DA:98,0
DA:100,0
DA:104,0
DA:105,0
DA:109,0
DA:110,0
DA:111,0
DA:112,0
LF:34
LH:0
BRDA:25,0,0,0
BRDA:35,1,0,0
BRDA:38,2,0,0
BRDA:41,3,0,0
BRDA:49,4,0,0
BRDA:60,5,0,0
BRDA:60,5,1,0
BRDA:61,6,0,0
BRDA:61,6,1,0
BRDA:62,7,0,0
BRDA:62,7,1,0
BRDA:68,8,0,0
BRDA:68,8,1,0
BRDA:69,9,0,0
BRDA:69,9,1,0
BRDA:70,10,0,0
BRDA:70,10,1,0
BRDA:84,11,0,0
BRDA:89,12,0,0
BRDA:111,13,0,0
BRDA:111,13,1,0
BRF:21
BRH:0
end_of_record
TN:
SF:src/language_detection.ts
FN:24,detectLanguage
FN:31,(anonymous_1)
FN:44,(anonymous_2)
FN:92,getVoiceForLanguage
FNF:4
FNH:4
FNDA:5,detectLanguage
FNDA:75,(anonymous_1)
FNDA:91,(anonymous_2)
FNDA:3,getVoiceForLanguage
DA:9,1
DA:24,1
DA:25,5
DA:28,5
DA:29,55
DA:31,55
DA:32,75
DA:33,75
DA:34,11
DA:39,55
DA:40,55
DA:44,91
DA:47,5
DA:49,4
DA:50,4
DA:55,1
DA:59,1
DA:92,1
DA:95,3
DA:96,3
LF:20
LH:20
BRDA:33,0,0,11
BRDA:47,1,0,4
BRDA:47,2,0,5
BRDA:47,2,1,5
BRDA:49,3,0,4
BRDA:49,4,0,4
BRDA:49,4,1,4
BRDA:92,5,0,1
BRF:8
BRH:8
end_of_record
TN:
SF:src/performance_optimization.ts
FN:32,(anonymous_0)
FN:37,(anonymous_1)
FN:47,(anonymous_2)
FN:68,(anonymous_3)
FN:85,(anonymous_4)
FN:89,(anonymous_5)
FN:101,(anonymous_6)
FN:107,(anonymous_7)
FN:111,(anonymous_8)
FN:115,(anonymous_9)
FN:119,(anonymous_10)
FN:123,(anonymous_11)
FN:140,(anonymous_12)
FN:145,(anonymous_13)
FN:152,(anonymous_14)
FN:160,(anonymous_15)
FN:166,(anonymous_16)
FN:172,(anonymous_17)
FN:188,(anonymous_18)
FN:203,(anonymous_19)
FN:219,initPerformanceOptimizations
FN:229,(anonymous_21)
FN:237,savePerformanceConfig
FN:243,getPerformanceMetrics
FN:248,resetPerformanceMetrics
FN:253,retryWithBackoff
FN:289,(anonymous_26)
FNF:27
FNH:0
FNDA:0,(anonymous_0)
FNDA:0,(anonymous_1)
FNDA:0,(anonymous_2)
FNDA:0,(anonymous_3)
FNDA:0,(anonymous_4)
FNDA:0,(anonymous_5)
FNDA:0,(anonymous_6)
FNDA:0,(anonymous_7)
FNDA:0,(anonymous_8)
FNDA:0,(anonymous_9)
FNDA:0,(anonymous_10)
FNDA:0,(anonymous_11)
FNDA:0,(anonymous_12)
FNDA:0,(anonymous_13)
FNDA:0,(anonymous_14)
FNDA:0,(anonymous_15)
FNDA:0,(anonymous_16)
FNDA:0,(anonymous_17)
FNDA:0,(anonymous_18)
FNDA:0,(anonymous_19)
FNDA:0,initPerformanceOptimizations
FNDA:0,(anonymous_21)
FNDA:0,savePerformanceConfig
FNDA:0,getPerformanceMetrics
FNDA:0,resetPerformanceMetrics
FNDA:0,retryWithBackoff
FNDA:0,(anonymous_26)
DA:16,0
DA:33,0
DA:34,0
DA:38,0
DA:39,0
DA:41,0
DA:42,0
DA:44,0
DA:49,0
DA:50,0
DA:51,0
DA:53,0
DA:54,0
DA:55,0
DA:56,0
DA:60,0
DA:61,0
DA:65,0
DA:69,0
DA:75,0
DA:86,0
DA:90,0
DA:102,0
DA:103,0
DA:104,0
DA:108,0
DA:112,0
DA:116,0
DA:120,0
DA:124,0
DA:141,0
DA:142,0
DA:150,0
DA:152,0
DA:153,0
DA:155,0
DA:156,0
DA:159,0
DA:160,0
DA:161,0
DA:162,0
DA:165,0
DA:166,0
DA:167,0
DA:168,0
DA:172,0
DA:173,0
DA:176,0
DA:189,0
DA:190,0
DA:193,0
DA:200,0
DA:204,0
DA:205,0
DA:206,0
DA:207,0
DA:216,0
DA:219,0
DA:221,0
DA:224,0
DA:225,0
DA:226,0
DA:229,0
DA:230,0
DA:231,0
DA:237,0
DA:238,0
DA:239,0
DA:243,0
DA:244,0
DA:248,0
DA:249,0
DA:253,0
DA:260,0
DA:261,0
DA:262,0
DA:263,0
DA:266,0
DA:267,0
DA:268,0
DA:271,0
DA:273,0
DA:274,0
DA:277,0
DA:279,0
DA:281,0
DA:284,0
DA:285,0
DA:289,0
DA:295,0
LF:90
LH:0
BRDA:39,0,0,0
BRDA:49,1,0,0
BRDA:54,2,0,0
BRDA:60,3,0,0
BRDA:153,4,0,0
BRDA:153,4,1,0
BRDA:190,5,0,0
BRDA:230,6,0,0
BRDA:255,7,0,0
BRDA:256,8,0,0
BRDA:266,9,0,0
BRDA:273,10,0,0
BRDA:277,11,0,0
BRDA:277,11,1,0
BRDA:279,12,0,0
BRDA:284,13,0,0
BRF:16
BRH:0
end_of_record
TN:
SF:src/popup.ts
FN:5,(anonymous_0)
FN:43,(anonymous_1)
FN:46,(anonymous_2)
FN:49,(anonymous_3)
FN:50,(anonymous_4)
FN:55,(anonymous_5)
FN:58,(anonymous_6)
FN:66,validateAndFetchVoices
FN:115,(anonymous_8)
FN:133,(anonymous_9)
FN:148,(anonymous_10)
FN:157,(anonymous_11)
FN:169,(anonymous_12)
FN:179,(anonymous_13)
FN:198,(anonymous_14)
FN:218,(anonymous_15)
FN:249,(anonymous_16)
FN:261,(anonymous_17)
FN:270,getVoiceType
FN:278,addVoiceSearchFilter
FN:302,filterVoices
FN:309,(anonymous_21)
FN:313,(anonymous_22)
FN:347,(anonymous_23)
FN:375,(anonymous_24)
FN:377,(anonymous_25)
FN:381,(anonymous_26)
FN:385,(anonymous_27)
FN:397,(anonymous_28)
FN:411,(anonymous_29)
FN:440,(anonymous_30)
FN:460,(anonymous_31)
FN:473,(anonymous_32)
FN:479,(anonymous_33)
FN:492,(anonymous_34)
FN:505,updateCacheStats
FN:506,(anonymous_36)
FN:526,(anonymous_37)
FN:527,(anonymous_38)
FN:537,(anonymous_39)
FN:544,(anonymous_40)
FN:552,(anonymous_41)
FN:571,(anonymous_42)
FN:574,(anonymous_43)
FN:578,(anonymous_44)
FN:590,(anonymous_45)
FNF:46
FNH:0
FNDA:0,(anonymous_0)
FNDA:0,(anonymous_1)
FNDA:0,(anonymous_2)
FNDA:0,(anonymous_3)
FNDA:0,(anonymous_4)
FNDA:0,(anonymous_5)
FNDA:0,(anonymous_6)
FNDA:0,validateAndFetchVoices
FNDA:0,(anonymous_8)
FNDA:0,(anonymous_9)
FNDA:0,(anonymous_10)
FNDA:0,(anonymous_11)
FNDA:0,(anonymous_12)
FNDA:0,(anonymous_13)
FNDA:0,(anonymous_14)
FNDA:0,(anonymous_15)
FNDA:0,(anonymous_16)
FNDA:0,(anonymous_17)
FNDA:0,getVoiceType
FNDA:0,addVoiceSearchFilter
FNDA:0,filterVoices
FNDA:0,(anonymous_21)
FNDA:0,(anonymous_22)
FNDA:0,(anonymous_23)
FNDA:0,(anonymous_24)
FNDA:0,(anonymous_25)
FNDA:0,(anonymous_26)
FNDA:0,(anonymous_27)
FNDA:0,(anonymous_28)
FNDA:0,(anonymous_29)
FNDA:0,(anonymous_30)
FNDA:0,(anonymous_31)
FNDA:0,(anonymous_32)
FNDA:0,(anonymous_33)
FNDA:0,(anonymous_34)
FNDA:0,updateCacheStats
FNDA:0,(anonymous_36)
FNDA:0,(anonymous_37)
FNDA:0,(anonymous_38)
FNDA:0,(anonymous_39)
FNDA:0,(anonymous_40)
FNDA:0,(anonymous_41)
FNDA:0,(anonymous_42)
FNDA:0,(anonymous_43)
FNDA:0,(anonymous_44)
FNDA:0,(anonymous_45)
DA:2,0
DA:5,0
DA:7,0
DA:8,0
DA:9,0
DA:10,0
DA:11,0
DA:12,0
DA:13,0
DA:14,0
DA:15,0
DA:16,0
DA:17,0
DA:18,0
DA:19,0
DA:20,0
DA:21,0
DA:22,0
DA:23,0
DA:24,0
DA:25,0
DA:26,0
DA:27,0
DA:28,0
DA:29,0
DA:30,0
DA:33,0
DA:50,0
DA:51,0
DA:52,0
DA:63,0
DA:67,0
DA:68,0
DA:69,0
DA:70,0
DA:71,0
DA:72,0
DA:76,0
DA:77,0
DA:78,0
DA:79,0
DA:80,0
DA:81,0
DA:85,0
DA:86,0
DA:87,0
DA:88,0
DA:89,0
DA:90,0
DA:93,0
DA:94,0
DA:95,0
DA:96,0
DA:97,0
DA:98,0
DA:99,0
DA:100,0
DA:101,0
DA:102,0
DA:103,0
DA:104,0
DA:105,0
DA:106,0
DA:107,0
DA:108,0
DA:111,0
DA:113,0
DA:114,0
DA:116,0
DA:118,0
DA:119,0
DA:120,0
DA:121,0
DA:122,0
DA:123,0
DA:124,0
DA:125,0
DA:126,0
DA:128,0
DA:131,0
DA:134,0
DA:135,0
DA:138,0
DA:139,0
DA:142,0
DA:143,0
DA:145,0
DA:148,0
DA:149,0
DA:150,0
DA:151,0
DA:155,0
DA:157,0
DA:158,0
DA:159,0
DA:160,0
DA:162,0
DA:166,0
DA:169,0
DA:170,0
DA:171,0
DA:172,0
DA:173,0
DA:175,0
DA:179,0
DA:181,0
DA:182,0
DA:184,0
DA:191,0
DA:192,0
DA:195,0
DA:198,0
DA:199,0
DA:200,0
DA:203,0
DA:204,0
DA:206,0
DA:207,0
DA:208,0
DA:209,0
DA:211,0
DA:214,0
DA:218,0
DA:219,0
DA:221,0
DA:222,0
DA:223,0
DA:224,0
DA:230,0
DA:231,0
DA:235,0
DA:236,0
DA:237,0
DA:247,0
DA:250,0
DA:251,0
DA:252,0
DA:253,0
DA:256,0
DA:257,0
DA:258,0
DA:263,0
DA:264,0
DA:271,0
DA:272,0
DA:273,0
DA:274,0
DA:280,0
DA:282,0
DA:284,0
DA:285,0
DA:286,0
DA:287,0
DA:288,0
DA:289,0
DA:290,0
DA:291,0
DA:294,0
DA:297,0
DA:303,0
DA:306,0
DA:307,0
DA:309,0
DA:310,0
DA:311,0
DA:313,0
DA:314,0
DA:315,0
DA:316,0
DA:319,0
DA:320,0
DA:324,0
DA:325,0
DA:329,0
DA:330,0
DA:331,0
DA:332,0
DA:333,0
DA:334,0
DA:335,0
DA:336,0
DA:337,0
DA:339,0
DA:341,0
DA:342,0
DA:347,0
DA:348,0
DA:349,0
DA:353,0
DA:354,0
DA:355,0
DA:356,0
DA:357,0
DA:365,0
DA:366,0
DA:367,0
DA:369,0
DA:373,0
DA:374,0
DA:375,0
DA:377,0
DA:378,0
DA:379,0
DA:382,0
DA:383,0
DA:387,0
DA:388,0
DA:390,0
DA:392,0
DA:393,0
DA:396,0
DA:397,0
DA:399,0
DA:408,0
DA:413,0
DA:421,0
DA:422,0
DA:423,0
DA:424,0
DA:427,0
DA:430,0
DA:440,0
DA:441,0
DA:442,0
DA:443,0
DA:444,0
DA:445,0
DA:448,0
DA:451,0
DA:455,0
DA:456,0
DA:458,0
DA:460,0
DA:461,0
DA:463,0
DA:464,0
DA:467,0
DA:468,0
DA:473,0
DA:474,0
DA:479,0
DA:480,0
DA:483,0
DA:484,0
DA:485,0
DA:487,0
DA:488,0
DA:489,0
DA:492,0
DA:493,0
DA:500,0
DA:501,0
DA:506,0
DA:507,0
DA:508,0
DA:509,0
DA:510,0
DA:511,0
DA:513,0
DA:514,0
DA:515,0
DA:521,0
DA:524,0
DA:525,0
DA:526,0
DA:527,0
DA:529,0
DA:531,0
DA:532,0
DA:533,0
DA:534,0
DA:535,0
DA:536,0
DA:537,0
DA:544,0
DA:545,0
DA:546,0
DA:548,0
DA:552,0
DA:553,0
DA:554,0
DA:555,0
DA:557,0
DA:558,0
DA:559,0
DA:560,0
DA:571,0
DA:572,0
DA:573,0
DA:574,0
DA:575,0
DA:576,0
DA:577,0
DA:578,0
DA:579,0
DA:582,0
DA:583,0
DA:588,0
DA:589,0
DA:590,0
DA:591,0
DA:593,0
LF:302
LH:0
BRDA:51,0,0,0
BRDA:51,0,1,0
BRDA:67,1,0,0
BRDA:76,2,0,0
BRDA:95,3,0,0
BRDA:95,3,1,0
BRDA:95,4,0,0
BRDA:95,4,1,0
BRDA:107,5,0,0
BRDA:118,6,0,0
BRDA:119,7,0,0
BRDA:119,7,1,0
BRDA:121,8,0,0
BRDA:121,8,1,0
BRDA:123,9,0,0
BRDA:123,9,1,0
BRDA:125,10,0,0
BRDA:125,10,1,0
BRDA:134,11,0,0
BRDA:134,12,0,0
BRDA:134,12,1,0
BRDA:134,12,2,0
BRDA:159,13,0,0
BRDA:172,14,0,0
BRDA:172,14,1,0
BRDA:191,15,0,0
BRDA:191,15,1,0
BRDA:191,16,0,0
BRDA:191,16,1,0
BRDA:192,17,0,0
BRDA:206,18,0,0
BRDA:206,18,1,0
BRDA:208,19,0,0
BRDA:208,19,1,0
BRDA:219,20,0,0
BRDA:222,21,0,0
BRDA:230,22,0,0
BRDA:230,23,0,0
BRDA:230,23,1,0
BRDA:236,24,0,0
BRDA:239,25,0,0
BRDA:239,25,1,0
BRDA:240,26,0,0
BRDA:240,26,1,0
BRDA:241,27,0,0
BRDA:241,27,1,0
BRDA:257,28,0,0
BRDA:263,29,0,0
BRDA:271,30,0,0
BRDA:272,31,0,0
BRDA:273,32,0,0
BRDA:282,33,0,0
BRDA:314,34,0,0
BRDA:314,34,1,0
BRDA:315,35,0,0
BRDA:315,35,1,0
BRDA:316,36,0,0
BRDA:316,36,1,0
BRDA:319,37,0,0
BRDA:319,37,1,0
BRDA:320,38,0,0
BRDA:324,39,0,0
BRDA:324,39,1,0
BRDA:325,40,0,0
BRDA:330,41,0,0
BRDA:330,41,1,0
BRDA:331,42,0,0
BRDA:331,42,1,0
BRDA:341,43,0,0
BRDA:349,44,0,0
BRDA:349,44,1,0
BRDA:354,45,0,0
BRDA:366,46,0,0
BRDA:366,46,1,0
BRDA:374,47,0,0
BRDA:378,48,0,0
BRDA:383,49,0,0
BRDA:383,49,1,0
BRDA:387,50,0,0
BRDA:387,50,1,0
BRDA:387,51,0,0
BRDA:387,51,1,0
BRDA:390,52,0,0
BRDA:390,52,1,0
BRDA:393,53,0,0
BRDA:393,53,1,0
BRDA:401,54,0,0
BRDA:401,54,1,0
BRDA:402,55,0,0
BRDA:402,55,1,0
BRDA:403,56,0,0
BRDA:403,56,1,0
BRDA:422,57,0,0
BRDA:441,58,0,0
BRDA:441,59,0,0
BRDA:441,59,1,0
BRDA:443,60,0,0
BRDA:458,61,0,0
BRDA:458,62,0,0
BRDA:458,62,1,0
BRDA:461,63,0,0
BRDA:461,63,1,0
BRDA:463,64,0,0
BRDA:467,65,0,0
BRDA:475,66,0,0
BRDA:475,66,1,0
BRDA:476,67,0,0
BRDA:476,67,1,0
BRDA:488,68,0,0
BRDA:507,69,0,0
BRDA:513,70,0,0
BRDA:514,71,0,0
BRDA:515,72,0,0
BRDA:525,73,0,0
BRDA:532,74,0,0
BRDA:545,75,0,0
BRDA:554,76,0,0
BRDA:558,77,0,0
BRDA:562,78,0,0
BRDA:562,78,1,0
BRDA:563,79,0,0
BRDA:563,79,1,0
BRDA:564,80,0,0
BRDA:564,80,1,0
BRDA:573,81,0,0
BRDA:573,81,1,0
BRDA:589,82,0,0
BRF:127
BRH:0
end_of_record
TN:
SF:src/pronunciation_dictionary.ts
FN:36,applyPronunciationDictionary
FN:45,(anonymous_1)
FN:70,escapeRegExp
FN:75,importDictionary
FN:85,(anonymous_4)
FN:106,exportDictionary
FN:111,saveDictionary
FN:116,loadDictionary
FN:117,(anonymous_8)
FNF:9
FNH:0
FNDA:0,applyPronunciationDictionary
FNDA:0,(anonymous_1)
FNDA:0,escapeRegExp
FNDA:0,importDictionary
FNDA:0,(anonymous_4)
FNDA:0,exportDictionary
FNDA:0,saveDictionary
FNDA:0,loadDictionary
FNDA:0,(anonymous_8)
DA:17,0
DA:36,0
DA:41,0
DA:43,0
DA:45,0
DA:47,0
DA:48,0
DA:51,0
DA:53,0
DA:54,0
DA:55,0
DA:57,0
DA:61,0
DA:62,0
DA:66,0
DA:71,0
DA:75,0
DA:76,0
DA:77,0
DA:80,0
DA:81,0
DA:85,0
DA:86,0
DA:87,0
DA:90,0
DA:91,0
DA:95,0
DA:100,0
DA:101,0
DA:106,0
DA:107,0
DA:111,0
DA:112,0
DA:116,0
DA:117,0
DA:118,0
DA:119,0
LF:37
LH:0
BRDA:41,0,0,0
BRDA:47,1,0,0
BRDA:47,2,0,0
BRDA:47,2,1,0
BRDA:47,2,2,0
BRDA:51,3,0,0
BRDA:51,3,1,0
BRDA:80,4,0,0
BRDA:86,5,0,0
BRDA:86,6,0,0
BRDA:86,6,1,0
BRDA:90,7,0,0
BRDA:97,8,0,0
BRDA:97,8,1,0
BRDA:118,9,0,0
BRDA:118,9,1,0
BRF:16
BRH:0
end_of_record
TN:
SF:src/settings.ts
FN:10,loadSettings
FN:11,(anonymous_1)
FN:21,saveSettings
FN:22,(anonymous_3)
FN:38,getThemePreference
FN:42,setThemePreference
FN:46,saveApiKey
FN:47,(anonymous_7)
FN:53,loadApiKey
FN:54,(anonymous_9)
FNF:10
FNH:6
FNDA:2,loadSettings
FNDA:2,(anonymous_1)
FNDA:1,saveSettings
FNDA:1,(anonymous_3)
FNDA:3,getThemePreference
FNDA:2,setThemePreference
FNDA:0,saveApiKey
FNDA:0,(anonymous_7)
FNDA:0,loadApiKey
FNDA:0,(anonymous_9)
DA:10,1
DA:11,2
DA:12,2
DA:17,2
DA:21,1
DA:22,1
DA:23,1
DA:28,1
DA:29,1
DA:30,1
DA:32,0
DA:34,1
DA:38,1
DA:39,3
DA:42,1
DA:43,2
DA:46,1
DA:47,0
DA:48,0
DA:49,0
DA:53,1
DA:54,0
DA:55,0
LF:23
LH:17
BRDA:12,0,0,2
BRDA:12,0,1,1
BRDA:23,1,0,1
BRDA:23,1,1,0
BRDA:29,2,0,1
BRDA:29,2,1,0
BRDA:43,3,0,1
BRDA:43,3,1,1
BRDA:49,4,0,0
BRDA:55,5,0,0
BRDA:55,5,1,0
BRF:11
BRH:6
end_of_record
TN:
SF:src/tts_diagnostics.ts
FN:6,diagnoseTTSSetup
FN:124,testTTSSynthesis
FN:189,validateAudioSupport
FN:226,testAudioPlayback
FN:227,(anonymous_4)
FN:232,(anonymous_5)
FN:236,(anonymous_6)
FN:241,(anonymous_7)
FN:248,(anonymous_8)
FN:249,(anonymous_9)
FN:264,runFullDiagnostics
FNF:11
FNH:0
FNDA:0,diagnoseTTSSetup
FNDA:0,testTTSSynthesis
FNDA:0,validateAudioSupport
FNDA:0,testAudioPlayback
FNDA:0,(anonymous_4)
FNDA:0,(anonymous_5)
FNDA:0,(anonymous_6)
FNDA:0,(anonymous_7)
FNDA:0,(anonymous_8)
FNDA:0,(anonymous_9)
FNDA:0,runFullDiagnostics
DA:6,0
DA:11,0
DA:14,0
DA:15,0
DA:23,0
DA:24,0
DA:32,0
DA:33,0
DA:34,0
DA:36,0
DA:37,0
DA:39,0
DA:40,0
DA:42,0
DA:43,0
DA:49,0
DA:56,0
DA:57,0
DA:64,0
DA:65,0
DA:72,0
DA:73,0
DA:74,0
DA:80,0
DA:89,0
DA:90,0
DA:92,0
DA:93,0
DA:100,0
DA:106,0
DA:113,0
DA:124,0
DA:130,0
DA:131,0
DA:133,0
DA:135,0
DA:141,0
DA:142,0
DA:148,0
DA:149,0
DA:151,0
DA:152,0
DA:153,0
DA:158,0
DA:164,0
DA:166,0
DA:167,0
DA:173,0
DA:179,0
DA:189,0
DA:194,0
DA:197,0
DA:199,0
DA:200,0
DA:208,0
DA:209,0
DA:216,0
DA:226,0
DA:227,0
DA:228,0
DA:229,0
DA:232,0
DA:233,0
DA:236,0
DA:237,0
DA:238,0
DA:241,0
DA:242,0
DA:243,0
DA:244,0
DA:248,0
DA:249,0
DA:250,0
DA:251,0
DA:255,0
DA:256,0
DA:264,0
DA:272,0
DA:273,0
DA:283,0
DA:284,0
DA:285,0
DA:287,0
DA:288,0
DA:292,0
DA:293,0
DA:294,0
DA:296,0
DA:297,0
DA:301,0
DA:303,0
DA:304,0
DA:305,0
DA:308,0
DA:309,0
DA:310,0
DA:311,0
DA:316,0
DA:317,0
DA:318,0
DA:319,0
DA:321,0
DA:324,0
DA:328,0
DA:331,0
DA:333,0
LF:106
LH:0
BRDA:14,0,0,0
BRDA:23,1,0,0
BRDA:39,2,0,0
BRDA:42,3,0,0
BRDA:56,4,0,0
BRDA:64,5,0,0
BRDA:77,6,0,0
BRDA:77,6,1,0
BRDA:92,7,0,0
BRDA:92,8,0,0
BRDA:92,8,1,0
BRDA:92,8,2,0
BRDA:148,9,0,0
BRDA:153,10,0,0
BRDA:153,10,1,0
BRDA:166,11,0,0
BRDA:199,12,0,0
BRDA:208,13,0,0
BRDA:287,14,0,0
BRDA:296,15,0,0
BRDA:301,16,0,0
BRDA:301,17,0,0
BRDA:301,17,1,0
BRDA:308,18,0,0
BRDA:308,19,0,0
BRDA:308,19,1,0
BRDA:311,20,0,0
BRDA:311,20,1,0
BRDA:316,21,0,0
BRDA:316,21,1,0
BRDA:316,22,0,0
BRDA:316,22,1,0
BRDA:316,22,2,0
BRDA:316,22,3,0
BRDA:318,23,0,0
BRDA:318,23,1,0
BRDA:318,24,0,0
BRDA:318,24,1,0
BRDA:331,25,0,0
BRF:39
BRH:0
end_of_record
TN:
SF:src/tts_highlight_content.ts
FN:12,(anonymous_0)
FN:32,addHighlightStyles
FN:49,clearHighlights
FN:50,(anonymous_3)
FN:67,findTextInView
FN:73,(anonymous_5)
FN:105,highlightText
FN:115,(anonymous_7)
FN:149,highlightSpokenText
FN:153,(anonymous_9)
FN:165,(anonymous_10)
FN:177,(anonymous_11)
FNF:12
FNH:0
FNDA:0,(anonymous_0)
FNDA:0,addHighlightStyles
FNDA:0,clearHighlights
FNDA:0,(anonymous_3)
FNDA:0,findTextInView
FNDA:0,(anonymous_5)
FNDA:0,highlightText
FNDA:0,(anonymous_7)
FNDA:0,highlightSpokenText
FNDA:0,(anonymous_9)
FNDA:0,(anonymous_10)
FNDA:0,(anonymous_11)
DA:3,0
DA:12,0
DA:14,0
DA:33,0
DA:34,0
DA:35,0
DA:36,0
DA:39,0
DA:40,0
DA:41,0
DA:42,0
DA:46,0
DA:50,0
DA:51,0
DA:53,0
DA:54,0
DA:56,0
DA:57,0
DA:59,0
DA:61,0
DA:68,0
DA:69,0
DA:74,0
DA:76,0
DA:77,0
DA:78,0
DA:88,0
DA:89,0
DA:90,0
DA:92,0
DA:93,0
DA:101,0
DA:106,0
DA:109,0
DA:111,0
DA:113,0
DA:115,0
DA:116,0
DA:117,0
DA:118,0
DA:120,0
DA:121,0
DA:124,0
DA:125,0
DA:126,0
DA:129,0
DA:130,0
DA:133,0
DA:136,0
DA:137,0
DA:139,0
DA:140,0
DA:141,0
DA:143,0
DA:144,0
DA:150,0
DA:151,0
DA:153,0
DA:154,0
DA:155,0
DA:156,0
DA:158,0
DA:159,0
DA:160,0
DA:165,0
DA:166,0
DA:167,0
DA:168,0
DA:169,0
DA:170,0
DA:171,0
DA:173,0
DA:177,0
DA:178,0
DA:179,0
DA:180,0
LF:76
LH:0
BRDA:32,0,0,0
BRDA:34,1,0,0
BRDA:51,2,0,0
BRDA:51,2,1,0
BRDA:54,3,0,0
BRDA:61,4,0,0
BRDA:61,4,1,0
BRDA:74,5,0,0
BRDA:78,6,0,0
BRDA:78,6,1,0
BRDA:78,7,0,0
BRDA:78,7,1,0
BRDA:78,7,2,0
BRDA:78,7,3,0
BRDA:78,7,4,0
BRDA:89,8,0,0
BRDA:89,8,1,0
BRDA:92,9,0,0
BRDA:105,10,0,0
BRDA:111,11,0,0
BRDA:111,12,0,0
BRDA:111,12,1,0
BRDA:118,13,0,0
BRDA:121,14,0,0
BRDA:121,14,1,0
BRDA:124,15,0,0
BRDA:124,15,1,0
BRDA:125,16,0,0
BRDA:125,16,1,0
BRDA:126,17,0,0
BRDA:126,17,1,0
BRDA:166,18,0,0
BRDA:166,18,1,0
BRDA:167,19,0,0
BRDA:167,19,1,0
BRDA:169,20,0,0
BRDA:178,21,0,0
BRDA:178,22,0,0
BRDA:178,22,1,0
BRF:39
BRH:0
end_of_record
TN:
SF:src/types.d.ts
FNF:0
FNH:0
LF:0
LH:0
BRF:0
BRH:0
end_of_record
TN:
SF:src/ui.ts
FN:28,initUI
FN:47,showOnboarding
FN:52,hideOnboarding
FN:58,(anonymous_3)
FN:72,setTheme
FN:83,(anonymous_5)
FN:90,showStatus
FN:94,(anonymous_7)
FN:103,(anonymous_8)
FN:112,updateVoiceInfo
FN:132,initShortcuts
FN:141,(anonymous_11)
FNF:12
FNH:0
FNDA:0,initUI
FNDA:0,showOnboarding
FNDA:0,hideOnboarding
FNDA:0,(anonymous_3)
FNDA:0,setTheme
FNDA:0,(anonymous_5)
FNDA:0,showStatus
FNDA:0,(anonymous_7)
FNDA:0,(anonymous_8)
FNDA:0,updateVoiceInfo
FNDA:0,initShortcuts
FNDA:0,(anonymous_11)
DA:2,0
DA:28,0
DA:44,0
DA:48,0
DA:49,0
DA:53,0
DA:56,0
DA:58,0
DA:59,0
DA:63,0
DA:64,0
DA:65,0
DA:68,0
DA:69,0
DA:73,0
DA:74,0
DA:75,0
DA:80,0
DA:81,0
DA:83,0
DA:84,0
DA:85,0
DA:86,0
DA:91,0
DA:92,0
DA:93,0
DA:94,0
DA:97,0
DA:98,0
DA:103,0
DA:104,0
DA:105,0
DA:106,0
DA:107,0
DA:112,0
DA:113,0
DA:115,0
DA:121,0
DA:123,0
DA:132,0
DA:141,0
DA:143,0
DA:145,0
DA:148,0
DA:150,0
DA:151,0
DA:152,0
DA:154,0
DA:155,0
DA:157,0
DA:158,0
DA:160,0
DA:161,0
DA:163,0
DA:164,0
DA:166,0
DA:167,0
LF:57
LH:0
BRDA:56,0,0,0
BRDA:59,1,0,0
BRDA:59,2,0,0
BRDA:59,2,1,0
BRDA:59,2,2,0
BRDA:63,3,0,0
BRDA:68,4,0,0
BRDA:69,5,0,0
BRDA:74,6,0,0
BRDA:75,7,0,0
BRDA:75,7,1,0
BRDA:83,8,0,0
BRDA:83,8,1,0
BRDA:86,9,0,0
BRDA:86,9,1,0
BRDA:90,10,0,0
BRDA:91,11,0,0
BRDA:93,12,0,0
BRDA:93,12,1,0
BRDA:97,13,0,0
BRDA:105,14,0,0
BRDA:113,15,0,0
BRDA:121,16,0,0
BRDA:121,16,1,0
BRDA:143,17,0,0
BRDA:143,18,0,0
BRDA:143,18,1,0
BRDA:143,18,2,0
BRDA:148,19,0,0
BRDA:148,19,1,0
BRDA:148,19,2,0
BRDA:148,19,3,0
BRDA:148,19,4,0
BRDA:148,19,5,0
BRF:34
BRH:0
end_of_record
